🏭 W工厂订单思维革命PPO训练系统 V12 (性能极限版)
🎯 V12 核心升级: 提升神经网络容量，充分利用RTX 3080 Ti算力
🚀 V10性能革命: 采用安全的Spawn模式实现稳定的CPU并行加速
💾 安全特性: 自动内存监控 + 垃圾回收 + 检查点保存 + 动态网络调整
================================================================================
💻 系统资源检测:
   CPU核心数: 256
   总内存: 503.4GB
   可用内存: 411.2GB
   GPU可用: ❌
🔧 V7高性能模式: TensorFlow使用24个inter线程, 48个intra线程
🚀 CPU优化: 充分利用256核心处理器
🔧 V9 CPU并行优化: 将使用 32 个并行环境进行数据采集 (智能调节)
🔧 环境空间检测:
   观测维度: 15
   动作维度: 4
   智能体数量: 5
✅ 充足内存模式: 性能完全释放，使用完整训练规模！
📊 TensorBoard日志已启用: 自定义ppo/tensorboard_logs/20250823_172143
    使用命令: tensorboard --logdir=自定义ppo/tensorboard_logs/20250823_172143
✅ 充足内存模式: 性能完全释放，使用完整训练规模！
🚀 开始PPO训练 (V16 课程学习增强版)
📊 训练参数: 300回合, 每回合1500步
💻 系统配置: 503.4GB内存, GPU=❌
📚 课程学习已启用，共6个阶段:
   阶段1: 极简入门 - 50轮，订单20%
   阶段2: 基础练习 - 40轮，订单30%
   阶段3: 稳定训练 - 30轮，订单50%
   阶段4: 中级挑战 - 25轮，订单70%
   阶段5: 高级训练 - 20轮，订单85%
   阶段6: 完整挑战 - 15轮，订单100%
================================================================================
🔧 V8配置挑战性验证:
   总零件数: 33
   总加工时间: 1652.0分钟
   理论最短完工时间: 413.0分钟
   仿真时间限制: 600分钟
   ⚠️  环境具有中等挑战性 (理论完工时间占仿真时间68.8%)
   🔍 瓶颈工作站: 五轴加工中心 (负荷: 413.0分钟)
配置文件验证通过！
🕐 训练开始时间: 2025-08-23 17:21:43
================================================================================
📚 [回合 1] 🔄 课程学习阶段切换!
   新阶段: 极简入门
   订单比例: 0.2 (目标零件数: 6)
   时间比例: 1.5 (时间限制: 1800分钟)
   计划训练轮数: 50
------------------------------------------------------------
📚 课程状态: 极简入门 (0/50, 0.0%)
   当前难度: 6零件, 1.5x时间
📊 课程目标验证: 0.0/6 零件 (0.0%)
⚠️ 当前阶段表现不佳，可能需要调整参数!
🔂 回合   1/300 | 奖励: 534.0 | Actor损失: -0.4180| ⏱️  本轮用时: 12.3s (CPU采集: 11.1s, GPU更新: 1.2s)
📊 KPI - 总完工时间: 0.0min  | 设备利用率: 2.4% | 延期时间: 0.0min |  完成零件数: 0/33
🚥 回合评分: 0.505 (最佳: 0.505)✅ 模型已更新: 自定义ppo/ppo_models/best_ppo_model_20250823_172143_actor.keras
🔮 当前训练进度: 0.3% | 预计剩余时间: 61.3min | 完成时间: 18:23:36

🔂 回合   2/300 | 奖励: 534.4 | Actor损失: -0.4158| ⏱️  本轮用时: 12.0s (CPU采集: 11.1s, GPU更新: 0.9s)
📊 KPI - 总完工时间: 0.0min  | 设备利用率: 1.2% | 延期时间: 0.0min |  完成零件数: 0/33
🚥 回合评分: 0.502 (最佳: 0.505)
🔮 当前训练进度: 0.7% | 预计剩余时间: 60.4min | 完成时间: 18:23:18

🔂 回合   3/300 | 奖励: 528.1 | Actor损失: -0.4150| ⏱️  本轮用时: 11.8s (CPU采集: 10.9s, GPU更新: 0.9s)
📊 KPI - 总完工时间: 0.0min  | 设备利用率: 1.2% | 延期时间: 0.0min |  完成零件数: 0/33
🚥 回合评分: 0.502 (最佳: 0.505)
🔮 当前训练进度: 1.0% | 预计剩余时间: 59.5min | 完成时间: 18:23:01

🔂 回合   4/300 | 奖励: 542.2 | Actor损失: -0.4153| ⏱️  本轮用时: 12.2s (CPU采集: 11.3s, GPU更新: 0.9s)
📊 KPI - 总完工时间: 0.0min  | 设备利用率: 0.9% | 延期时间: 0.0min |  完成零件数: 0/33
🚥 回合评分: 0.502 (最佳: 0.505)
🔮 当前训练进度: 1.3% | 预计剩余时间: 59.5min | 完成时间: 18:23:33

🔂 回合   5/300 | 奖励: 551.2 | Actor损失: -0.4151| ⏱️  本轮用时: 12.0s (CPU采集: 11.2s, GPU更新: 0.9s)
📊 KPI - 总完工时间: 0.0min  | 设备利用率: 0.0% | 延期时间: 0.0min |  完成零件数: 0/33
🚥 回合评分: 0.500 (最佳: 0.505)
🔮 当前训练进度: 1.7% | 预计剩余时间: 59.3min | 完成时间: 18:23:54

🔂 回合   6/300 | 奖励: 552.2 | Actor损失: -0.4157| ⏱️  本轮用时: 11.8s (CPU采集: 10.9s, GPU更新: 0.9s)
📊 KPI - 总完工时间: 0.0min  | 设备利用率: 0.1% | 延期时间: 0.0min |  完成零件数: 0/33
🚥 回合评分: 0.500 (最佳: 0.505)
🔮 当前训练进度: 2.0% | 预计剩余时间: 58.8min | 完成时间: 18:24:04

🔂 回合   7/300 | 奖励: 536.7 | Actor损失: -0.4145| ⏱️  本轮用时: 11.9s (CPU采集: 11.0s, GPU更新: 0.9s)
📊 KPI - 总完工时间: 0.0min  | 设备利用率: 0.6% | 延期时间: 0.0min |  完成零件数: 0/33
🚥 回合评分: 0.501 (最佳: 0.505)
🔮 当前训练进度: 2.3% | 预计剩余时间: 58.5min | 完成时间: 18:24:20

🔂 回合   8/300 | 奖励: 537.8 | Actor损失: -0.4154| ⏱️  本轮用时: 11.8s (CPU采集: 10.9s, GPU更新: 0.9s)
📊 KPI - 总完工时间: 0.0min  | 设备利用率: 1.0% | 延期时间: 0.0min |  完成零件数: 0/33
🚥 回合评分: 0.502 (最佳: 0.505)
🔮 当前训练进度: 2.7% | 预计剩余时间: 58.2min | 完成时间: 18:24:36

🔂 回合   9/300 | 奖励: 546.4 | Actor损失: -0.4159| ⏱️  本轮用时: 11.7s (CPU采集: 10.8s, GPU更新: 0.9s)
📊 KPI - 总完工时间: 0.0min  | 设备利用率: 0.0% | 延期时间: 0.0min |  完成零件数: 0/33
🚥 回合评分: 0.500 (最佳: 0.505)
🔮 当前训练进度: 3.0% | 预计剩余时间: 57.9min | 完成时间: 18:24:50

🔂 回合  10/300 | 奖励: 526.8 | Actor损失: -0.4135| ⏱️  本轮用时: 11.8s (CPU采集: 10.9s, GPU更新: 0.9s)
📊 KPI - 总完工时间: 0.0min  | 设备利用率: 0.0% | 延期时间: 0.0min |  完成零件数: 0/33
🚥 回合评分: 0.500 (最佳: 0.505)
🔮 当前训练进度: 3.3% | 预计剩余时间: 57.6min | 完成时间: 18:25:10

📚 课程状态: 极简入门 (10/50, 20.0%)
   当前难度: 6零件, 1.5x时间
📊 课程目标验证: 0.0/6 零件 (0.0%)
⚠️ 当前阶段表现不佳，可能需要调整参数!
🔂 回合  11/300 | 奖励: 539.4 | Actor损失: -0.4145| ⏱️  本轮用时: 11.7s (CPU采集: 10.8s, GPU更新: 0.9s)
📊 KPI - 总完工时间: 0.0min  | 设备利用率: 0.1% | 延期时间: 0.0min |  完成零件数: 0/33
🚥 回合评分: 0.500 (最佳: 0.505)
🔮 当前训练进度: 3.7% | 预计剩余时间: 57.3min | 完成时间: 18:25:27

🔂 回合  12/300 | 奖励: 526.3 | Actor损失: -0.4142| ⏱️  本轮用时: 12.0s (CPU采集: 11.1s, GPU更新: 0.9s)
📊 KPI - 总完工时间: 0.0min  | 设备利用率: 0.0% | 延期时间: 0.0min |  完成零件数: 0/33
🚥 回合评分: 0.500 (最佳: 0.505)
🔮 当前训练进度: 4.0% | 预计剩余时间: 57.2min | 完成时间: 18:25:52

🔂 回合  13/300 | 奖励: 545.8 | Actor损失: -0.4154| ⏱️  本轮用时: 11.8s (CPU采集: 10.9s, GPU更新: 0.9s)
📊 KPI - 总完工时间: 0.0min  | 设备利用率: 1.7% | 延期时间: 0.0min |  完成零件数: 0/33
🚥 回合评分: 0.503 (最佳: 0.505)
🔮 当前训练进度: 4.3% | 预计剩余时间: 56.9min | 完成时间: 18:26:11

🔂 回合  14/300 | 奖励: 537.3 | Actor损失: -0.4146| ⏱️  本轮用时: 11.6s (CPU采集: 10.7s, GPU更新: 0.9s)
📊 KPI - 总完工时间: 0.0min  | 设备利用率: 1.2% | 延期时间: 0.0min |  完成零件数: 0/33
🚥 回合评分: 0.502 (最佳: 0.505)
🔮 当前训练进度: 4.7% | 预计剩余时间: 56.6min | 完成时间: 18:26:28

🔂 回合  15/300 | 奖励: 534.9 | Actor损失: -0.4144| ⏱️  本轮用时: 11.6s (CPU采集: 10.7s, GPU更新: 0.9s)
📊 KPI - 总完工时间: 0.0min  | 设备利用率: 1.7% | 延期时间: 0.0min |  完成零件数: 0/33
🚥 回合评分: 0.503 (最佳: 0.505)
🔮 当前训练进度: 5.0% | 预计剩余时间: 56.4min | 完成时间: 18:26:44

🔂 回合  16/300 | 奖励: 549.5 | Actor损失: -0.4152| ⏱️  本轮用时: 12.0s (CPU采集: 11.1s, GPU更新: 0.9s)
📊 KPI - 总完工时间: 150.0min  | 设备利用率: 3.0% | 延期时间: 0.0min |  完成零件数: 1/33
🚥 回合评分: 0.440 (最佳: 0.505)
🔮 当前训练进度: 5.3% | 预计剩余时间: 56.2min | 完成时间: 18:27:10

🔂 回合  17/300 | 奖励: 548.5 | Actor损失: -0.4125| ⏱️  本轮用时: 11.8s (CPU采集: 10.9s, GPU更新: 0.9s)
📊 KPI - 总完工时间: 0.0min  | 设备利用率: 1.0% | 延期时间: 0.0min |  完成零件数: 0/33
🚥 回合评分: 0.502 (最佳: 0.505)
🔮 当前训练进度: 5.7% | 预计剩余时间: 56.0min | 完成时间: 18:27:32

🔂 回合  18/300 | 奖励: 546.3 | Actor损失: -0.4117| ⏱️  本轮用时: 11.5s (CPU采集: 10.6s, GPU更新: 0.9s)
📊 KPI - 总完工时间: 0.0min  | 设备利用率: 0.9% | 延期时间: 0.0min |  完成零件数: 0/33
🚥 回合评分: 0.502 (最佳: 0.505)
🔮 当前训练进度: 6.0% | 预计剩余时间: 55.7min | 完成时间: 18:27:49

🔂 回合  19/300 | 奖励: 551.8 | Actor损失: -0.4131| ⏱️  本轮用时: 11.6s (CPU采集: 10.7s, GPU更新: 0.9s)
📊 KPI - 总完工时间: 0.0min  | 设备利用率: 0.0% | 延期时间: 0.0min |  完成零件数: 0/33
🚥 回合评分: 0.500 (最佳: 0.505)
🔮 当前训练进度: 6.3% | 预计剩余时间: 55.4min | 完成时间: 18:28:07

🔂 回合  20/300 | 奖励: 549.0 | Actor损失: -0.4130| ⏱️  本轮用时: 11.5s (CPU采集: 10.6s, GPU更新: 0.9s)
📊 KPI - 总完工时间: 0.0min  | 设备利用率: 0.0% | 延期时间: 0.0min |  完成零件数: 0/33
🚥 回合评分: 0.500 (最佳: 0.505)
🔮 当前训练进度: 6.7% | 预计剩余时间: 55.1min | 完成时间: 18:28:25

📚 课程状态: 极简入门 (20/50, 40.0%)
   当前难度: 6零件, 1.5x时间
📊 课程目标验证: 0.0/6 零件 (0.0%)
⚠️ 当前阶段表现不佳，可能需要调整参数!
🔂 回合  21/300 | 奖励: 538.4 | Actor损失: -0.4119| ⏱️  本轮用时: 11.5s (CPU采集: 10.7s, GPU更新: 0.9s)
📊 KPI - 总完工时间: 0.0min  | 设备利用率: 0.0% | 延期时间: 0.0min |  完成零件数: 0/33
🚥 回合评分: 0.500 (最佳: 0.505)
🔮 当前训练进度: 7.0% | 预计剩余时间: 54.9min | 完成时间: 18:28:42

🔂 回合  22/300 | 奖励: 544.7 | Actor损失: -0.4122| ⏱️  本轮用时: 11.5s (CPU采集: 10.7s, GPU更新: 0.8s)
📊 KPI - 总完工时间: 0.0min  | 设备利用率: 1.2% | 延期时间: 0.0min |  完成零件数: 0/33
🚥 回合评分: 0.502 (最佳: 0.505)
🔮 当前训练进度: 7.3% | 预计剩余时间: 54.6min | 完成时间: 18:29:01

🔂 回合  23/300 | 奖励: 552.6 | Actor损失: -0.4109| ⏱️  本轮用时: 11.4s (CPU采集: 10.5s, GPU更新: 0.9s)
📊 KPI - 总完工时间: 0.0min  | 设备利用率: 1.2% | 延期时间: 0.0min |  完成零件数: 0/33
🚥 回合评分: 0.502 (最佳: 0.505)
🔮 当前训练进度: 7.7% | 预计剩余时间: 54.4min | 完成时间: 18:29:19

🔂 回合  24/300 | 奖励: 551.0 | Actor损失: -0.4132| ⏱️  本轮用时: 11.5s (CPU采集: 10.7s, GPU更新: 0.9s)
📊 KPI - 总完工时间: 0.0min  | 设备利用率: 1.0% | 延期时间: 0.0min |  完成零件数: 0/33
🚥 回合评分: 0.502 (最佳: 0.505)
🔮 当前训练进度: 8.0% | 预计剩余时间: 54.1min | 完成时间: 18:29:37

🔂 回合  25/300 | 奖励: 548.4 | Actor损失: -0.4138| ⏱️  本轮用时: 11.7s (CPU采集: 10.8s, GPU更新: 0.9s)
📊 KPI - 总完工时间: 0.0min  | 设备利用率: 1.7% | 延期时间: 0.0min |  完成零件数: 0/33
🚥 回合评分: 0.503 (最佳: 0.505)
🔮 当前训练进度: 8.3% | 预计剩余时间: 53.9min | 完成时间: 18:29:58

🔂 回合  26/300 | 奖励: 543.8 | Actor损失: -0.4133| ⏱️  本轮用时: 11.6s (CPU采集: 10.7s, GPU更新: 0.9s)
📊 KPI - 总完工时间: 0.0min  | 设备利用率: 1.2% | 延期时间: 0.0min |  完成零件数: 0/33
🚥 回合评分: 0.502 (最佳: 0.505)
🔮 当前训练进度: 8.7% | 预计剩余时间: 53.7min | 完成时间: 18:30:19

🔂 回合  27/300 | 奖励: 543.5 | Actor损失: -0.4133| ⏱️  本轮用时: 11.5s (CPU采集: 10.6s, GPU更新: 0.9s)
📊 KPI - 总完工时间: 0.0min  | 设备利用率: 1.7% | 延期时间: 0.0min |  完成零件数: 0/33
🚥 回合评分: 0.503 (最佳: 0.505)
🔮 当前训练进度: 9.0% | 预计剩余时间: 53.4min | 完成时间: 18:30:39

🔂 回合  28/300 | 奖励: 553.3 | Actor损失: -0.4134| ⏱️  本轮用时: 11.5s (CPU采集: 10.6s, GPU更新: 0.9s)
📊 KPI - 总完工时间: 0.0min  | 设备利用率: 0.0% | 延期时间: 0.0min |  完成零件数: 0/33
🚥 回合评分: 0.500 (最佳: 0.505)
🔮 当前训练进度: 9.3% | 预计剩余时间: 53.2min | 完成时间: 18:31:00

🔂 回合  29/300 | 奖励: 552.1 | Actor损失: -0.4099| ⏱️  本轮用时: 11.6s (CPU采集: 10.7s, GPU更新: 0.9s)
📊 KPI - 总完工时间: 0.0min  | 设备利用率: 0.0% | 延期时间: 0.0min |  完成零件数: 0/33
🚥 回合评分: 0.500 (最佳: 0.505)
🔮 当前训练进度: 9.7% | 预计剩余时间: 53.0min | 完成时间: 18:31:20

🔂 回合  30/300 | 奖励: 552.2 | Actor损失: -0.4111| ⏱️  本轮用时: 11.4s (CPU采集: 10.6s, GPU更新: 0.8s)
📊 KPI - 总完工时间: 0.0min  | 设备利用率: 1.7% | 延期时间: 0.0min |  完成零件数: 0/33
🚥 回合评分: 0.503 (最佳: 0.505)
🔮 当前训练进度: 10.0% | 预计剩余时间: 52.7min | 完成时间: 18:31:39

📚 课程状态: 极简入门 (30/50, 60.0%)
   当前难度: 6零件, 1.5x时间
📊 课程目标验证: 1.0/6 零件 (16.7%)
⚠️ 当前阶段表现不佳，可能需要调整参数!

============================================================
🎓 进行完整难度评估（100%订单，标准时间）...
🎯 完整难度评估结果:
   完成零件: 15.0/33 (45.5%)
   总完工时间: 259.0分钟
   设备利用率: 0.1%
📈 进步中！继续努力!
============================================================

🔂 回合  31/300 | 奖励: 552.7 | Actor损失: -0.4114| ⏱️  本轮用时: 11.7s (CPU采集: 10.8s, GPU更新: 0.9s)
📊 KPI - 总完工时间: 150.0min  | 设备利用率: 3.0% | 延期时间: 0.0min |  完成零件数: 1/33
🚥 回合评分: 0.440 (最佳: 0.505)
🔮 当前训练进度: 10.3% | 预计剩余时间: 52.5min | 完成时间: 18:32:35

🔂 回合  32/300 | 奖励: 554.5 | Actor损失: -0.4116| ⏱️  本轮用时: 11.6s (CPU采集: 10.7s, GPU更新: 0.9s)
📊 KPI - 总完工时间: 0.0min  | 设备利用率: 1.6% | 延期时间: 0.0min |  完成零件数: 0/33
🚥 回合评分: 0.503 (最佳: 0.505)
🔮 当前训练进度: 10.7% | 预计剩余时间: 52.3min | 完成时间: 18:32:56

🔂 回合  33/300 | 奖励: 565.0 | Actor损失: -0.4116| ⏱️  本轮用时: 11.6s (CPU采集: 10.7s, GPU更新: 0.8s)
📊 KPI - 总完工时间: 0.0min  | 设备利用率: 0.9% | 延期时间: 0.0min |  完成零件数: 0/33
🚥 回合评分: 0.502 (最佳: 0.505)
🔮 当前训练进度: 11.0% | 预计剩余时间: 52.1min | 完成时间: 18:33:17

🔂 回合  34/300 | 奖励: 565.7 | Actor损失: -0.4117| ⏱️  本轮用时: 11.5s (CPU采集: 10.6s, GPU更新: 0.9s)
📊 KPI - 总完工时间: 0.0min  | 设备利用率: 0.9% | 延期时间: 0.0min |  完成零件数: 0/33
🚥 回合评分: 0.502 (最佳: 0.505)
🔮 当前训练进度: 11.3% | 预计剩余时间: 51.9min | 完成时间: 18:33:36

🔂 回合  35/300 | 奖励: 566.5 | Actor损失: -0.4133| ⏱️  本轮用时: 11.5s (CPU采集: 10.6s, GPU更新: 0.9s)
📊 KPI - 总完工时间: 0.0min  | 设备利用率: 1.2% | 延期时间: 0.0min |  完成零件数: 0/33
🚥 回合评分: 0.502 (最佳: 0.505)
🔮 当前训练进度: 11.7% | 预计剩余时间: 51.7min | 完成时间: 18:33:58

🔂 回合  36/300 | 奖励: 557.5 | Actor损失: -0.4129| ⏱️  本轮用时: 11.4s (CPU采集: 10.5s, GPU更新: 0.9s)
📊 KPI - 总完工时间: 0.0min  | 设备利用率: 1.0% | 延期时间: 0.0min |  完成零件数: 0/33
🚥 回合评分: 0.502 (最佳: 0.505)
🔮 当前训练进度: 12.0% | 预计剩余时间: 51.4min | 完成时间: 18:34:18

🔂 回合  37/300 | 奖励: 570.2 | Actor损失: -0.4138| ⏱️  本轮用时: 11.4s (CPU采集: 10.5s, GPU更新: 0.9s)
📊 KPI - 总完工时间: 0.0min  | 设备利用率: 1.7% | 延期时间: 0.0min |  完成零件数: 0/33
🚥 回合评分: 0.503 (最佳: 0.505)
🔮 当前训练进度: 12.3% | 预计剩余时间: 51.2min | 完成时间: 18:34:38

🔂 回合  38/300 | 奖励: 572.7 | Actor损失: -0.4136| ⏱️  本轮用时: 11.4s (CPU采集: 10.5s, GPU更新: 0.9s)
📊 KPI - 总完工时间: 0.0min  | 设备利用率: 1.5% | 延期时间: 0.0min |  完成零件数: 0/33
🚥 回合评分: 0.503 (最佳: 0.505)
🔮 当前训练进度: 12.7% | 预计剩余时间: 51.0min | 完成时间: 18:34:58

🔂 回合  39/300 | 奖励: 568.1 | Actor损失: -0.4139| ⏱️  本轮用时: 11.4s (CPU采集: 10.5s, GPU更新: 0.9s)
📊 KPI - 总完工时间: 0.0min  | 设备利用率: 0.9% | 延期时间: 0.0min |  完成零件数: 0/33
🚥 回合评分: 0.502 (最佳: 0.505)
🔮 当前训练进度: 13.0% | 预计剩余时间: 50.7min | 完成时间: 18:35:18

🔂 回合  40/300 | 奖励: 563.4 | Actor损失: -0.4137| ⏱️  本轮用时: 11.5s (CPU采集: 10.6s, GPU更新: 0.8s)
📊 KPI - 总完工时间: 0.0min  | 设备利用率: 1.0% | 延期时间: 0.0min |  完成零件数: 0/33
🚥 回合评分: 0.502 (最佳: 0.505)
🔮 当前训练进度: 13.3% | 预计剩余时间: 50.5min | 完成时间: 18:35:39

📚 课程状态: 极简入门 (40/50, 80.0%)
   当前难度: 6零件, 1.5x时间
📊 课程目标验证: 0.0/6 零件 (0.0%)
⚠️ 当前阶段表现不佳，可能需要调整参数!
🔂 回合  41/300 | 奖励: 568.0 | Actor损失: -0.4132| ⏱️  本轮用时: 11.6s (CPU采集: 10.7s, GPU更新: 0.9s)
📊 KPI - 总完工时间: 0.0min  | 设备利用率: 1.0% | 延期时间: 0.0min |  完成零件数: 0/33
🚥 回合评分: 0.502 (最佳: 0.505)
🔮 当前训练进度: 13.7% | 预计剩余时间: 50.3min | 完成时间: 18:36:02

🔂 回合  42/300 | 奖励: 571.0 | Actor损失: -0.4133| ⏱️  本轮用时: 11.4s (CPU采集: 10.5s, GPU更新: 0.8s)
📊 KPI - 总完工时间: 0.0min  | 设备利用率: 1.7% | 延期时间: 0.0min |  完成零件数: 0/33
🚥 回合评分: 0.503 (最佳: 0.505)
🔮 当前训练进度: 14.0% | 预计剩余时间: 50.1min | 完成时间: 18:36:23

🔂 回合  43/300 | 奖励: 563.3 | Actor损失: -0.4136| ⏱️  本轮用时: 11.4s (CPU采集: 10.5s, GPU更新: 0.9s)
📊 KPI - 总完工时间: 0.0min  | 设备利用率: 1.0% | 延期时间: 0.0min |  完成零件数: 0/33
🚥 回合评分: 0.502 (最佳: 0.505)
🔮 当前训练进度: 14.3% | 预计剩余时间: 49.9min | 完成时间: 18:36:44

🔂 回合  44/300 | 奖励: 564.7 | Actor损失: -0.4140| ⏱️  本轮用时: 11.5s (CPU采集: 10.6s, GPU更新: 0.9s)
📊 KPI - 总完工时间: 0.0min  | 设备利用率: 1.0% | 延期时间: 0.0min |  完成零件数: 0/33
🚥 回合评分: 0.502 (最佳: 0.505)
🔮 当前训练进度: 14.7% | 预计剩余时间: 49.7min | 完成时间: 18:37:05

🔂 回合  45/300 | 奖励: 569.9 | Actor损失: -0.4137| ⏱️  本轮用时: 11.5s (CPU采集: 10.6s, GPU更新: 0.9s)
📊 KPI - 总完工时间: 0.0min  | 设备利用率: 1.0% | 延期时间: 0.0min |  完成零件数: 0/33
🚥 回合评分: 0.502 (最佳: 0.505)
🔮 当前训练进度: 15.0% | 预计剩余时间: 49.5min | 完成时间: 18:37:26

🔂 回合  46/300 | 奖励: 564.8 | Actor损失: -0.4144| ⏱️  本轮用时: 11.4s (CPU采集: 10.6s, GPU更新: 0.8s)
📊 KPI - 总完工时间: 0.0min  | 设备利用率: 1.2% | 延期时间: 0.0min |  完成零件数: 0/33
🚥 回合评分: 0.502 (最佳: 0.505)
🔮 当前训练进度: 15.3% | 预计剩余时间: 49.3min | 完成时间: 18:37:47

🔂 回合  47/300 | 奖励: 568.8 | Actor损失: -0.4124| ⏱️  本轮用时: 11.6s (CPU采集: 10.7s, GPU更新: 0.9s)
📊 KPI - 总完工时间: 0.0min  | 设备利用率: 1.2% | 延期时间: 0.0min |  完成零件数: 0/33
🚥 回合评分: 0.502 (最佳: 0.505)
🔮 当前训练进度: 15.7% | 预计剩余时间: 49.1min | 完成时间: 18:38:09

🔂 回合  48/300 | 奖励: 564.9 | Actor损失: -0.4122| ⏱️  本轮用时: 11.2s (CPU采集: 10.3s, GPU更新: 0.9s)
📊 KPI - 总完工时间: 0.0min  | 设备利用率: 1.2% | 延期时间: 0.0min |  完成零件数: 0/33
🚥 回合评分: 0.502 (最佳: 0.505)
🔮 当前训练进度: 16.0% | 预计剩余时间: 48.8min | 完成时间: 18:38:29

🔂 回合  49/300 | 奖励: 570.6 | Actor损失: -0.4129| ⏱️  本轮用时: 11.3s (CPU采集: 10.4s, GPU更新: 0.9s)
📊 KPI - 总完工时间: 0.0min  | 设备利用率: 1.0% | 延期时间: 0.0min |  完成零件数: 0/33
🚥 回合评分: 0.502 (最佳: 0.505)
🔮 当前训练进度: 16.3% | 预计剩余时间: 48.6min | 完成时间: 18:38:49

🔂 回合  50/300 | 奖励: 581.7 | Actor损失: -0.4141| ⏱️  本轮用时: 11.4s (CPU采集: 10.5s, GPU更新: 0.9s)
📊 KPI - 总完工时间: 0.0min  | 设备利用率: 1.0% | 延期时间: 0.0min |  完成零件数: 0/33
🚥 回合评分: 0.502 (最佳: 0.505)
🔮 当前训练进度: 16.7% | 预计剩余时间: 48.4min | 完成时间: 18:39:10


============================================================
🎓 阶段 '极简入门' 训练完成，开始毕业考试...
   考试目标: 9 零件 | 实际完成: 1.0 零件 (11.1%)
   ✅ 考试通过！进入下一阶段: '基础练习'
============================================================

📚 [回合 51] 🔄 课程学习阶段切换!
   新阶段: 基础练习
   订单比例: 0.3 (目标零件数: 9)
   时间比例: 2.5 (时间限制: 3000分钟)
   计划训练轮数: 40
   学习率调整: 2.40e-04 (适应新难度)
------------------------------------------------------------
📚 课程状态: 基础练习 (0/40, 0.0%)
   当前难度: 9零件, 2.5x时间
📊 课程目标验证: 2.0/9 零件 (22.2%)
⚠️ 当前阶段表现不佳，可能需要调整参数!
🔂 回合  51/300 | 奖励: 542.1 | Actor损失: -0.4145| ⏱️  本轮用时: 45.3s (CPU采集: 10.5s, GPU更新: 0.8s)
📊 KPI - 总完工时间: 139.0min  | 设备利用率: 4.1% | 延期时间: 0.0min |  完成零件数: 2/33
🚥 回合评分: 0.457 (最佳: 0.505)
🔮 当前训练进度: 17.0% | 预计剩余时间: 50.9min | 完成时间: 18:42:51

🔂 回合  52/300 | 奖励: 548.4 | Actor损失: -0.4144| ⏱️  本轮用时: 11.5s (CPU采集: 10.6s, GPU更新: 0.9s)
📊 KPI - 总完工时间: 139.0min  | 设备利用率: 4.1% | 延期时间: 0.0min |  完成零件数: 2/33
🚥 回合评分: 0.457 (最佳: 0.505)
🔮 当前训练进度: 17.3% | 预计剩余时间: 50.7min | 完成时间: 18:43:09

🔂 回合  53/300 | 奖励: 557.7 | Actor损失: -0.4147| ⏱️  本轮用时: 11.2s (CPU采集: 10.3s, GPU更新: 0.9s)
📊 KPI - 总完工时间: 0.0min  | 设备利用率: 2.6% | 延期时间: 0.0min |  完成零件数: 0/33
🚥 回合评分: 0.505 (最佳: 0.505)✅ 模型已更新: 自定义ppo/ppo_models/best_ppo_model_20250823_172143_actor.keras
🔮 当前训练进度: 17.7% | 预计剩余时间: 50.4min | 完成时间: 18:43:25

🔂 回合  54/300 | 奖励: 556.0 | Actor损失: -0.4149| ⏱️  本轮用时: 10.9s (CPU采集: 10.0s, GPU更新: 0.8s)
📊 KPI - 总完工时间: 0.0min  | 设备利用率: 2.6% | 延期时间: 0.0min |  完成零件数: 0/33
🚥 回合评分: 0.505 (最佳: 0.505)
🔮 当前训练进度: 18.0% | 预计剩余时间: 50.1min | 完成时间: 18:43:38

🔂 回合  55/300 | 奖励: 545.3 | Actor损失: -0.4144| ⏱️  本轮用时: 11.2s (CPU采集: 10.3s, GPU更新: 0.9s)
📊 KPI - 总完工时间: 0.0min  | 设备利用率: 0.0% | 延期时间: 0.0min |  完成零件数: 0/33
🚥 回合评分: 0.500 (最佳: 0.505)
🔮 当前训练进度: 18.3% | 预计剩余时间: 49.8min | 完成时间: 18:43:54

🔂 回合  56/300 | 奖励: 555.1 | Actor损失: -0.4146| ⏱️  本轮用时: 11.4s (CPU采集: 10.5s, GPU更新: 0.9s)
📊 KPI - 总完工时间: 0.0min  | 设备利用率: 0.0% | 延期时间: 0.0min |  完成零件数: 0/33
🚥 回合评分: 0.500 (最佳: 0.505)
🔮 当前训练进度: 18.7% | 预计剩余时间: 49.5min | 完成时间: 18:44:12

🔂 回合  57/300 | 奖励: 550.5 | Actor损失: -0.4148| ⏱️  本轮用时: 11.4s (CPU采集: 10.6s, GPU更新: 0.8s)
📊 KPI - 总完工时间: 0.0min  | 设备利用率: 0.0% | 延期时间: 0.0min |  完成零件数: 0/33
🚥 回合评分: 0.500 (最佳: 0.505)
🔮 当前训练进度: 19.0% | 预计剩余时间: 49.3min | 完成时间: 18:44:29

🔂 回合  58/300 | 奖励: 542.6 | Actor损失: -0.4149| ⏱️  本轮用时: 11.4s (CPU采集: 10.5s, GPU更新: 0.8s)
📊 KPI - 总完工时间: 0.0min  | 设备利用率: 0.0% | 延期时间: 0.0min |  完成零件数: 0/33
🚥 回合评分: 0.500 (最佳: 0.505)
🔮 当前训练进度: 19.3% | 预计剩余时间: 49.0min | 完成时间: 18:44:46

🔂 回合  59/300 | 奖励: 536.0 | Actor损失: -0.4152| ⏱️  本轮用时: 11.3s (CPU采集: 10.4s, GPU更新: 0.9s)
📊 KPI - 总完工时间: 0.0min  | 设备利用率: 0.0% | 延期时间: 0.0min |  完成零件数: 0/33
🚥 回合评分: 0.500 (最佳: 0.505)
🔮 当前训练进度: 19.7% | 预计剩余时间: 48.8min | 完成时间: 18:45:04

🔂 回合  60/300 | 奖励: 541.0 | Actor损失: -0.4147| ⏱️  本轮用时: 11.3s (CPU采集: 10.5s, GPU更新: 0.8s)
📊 KPI - 总完工时间: 0.0min  | 设备利用率: 0.0% | 延期时间: 0.0min |  完成零件数: 0/33
🚥 回合评分: 0.500 (最佳: 0.505)
🔮 当前训练进度: 20.0% | 预计剩余时间: 48.5min | 完成时间: 18:45:21

📚 课程状态: 基础练习 (10/40, 25.0%)
   当前难度: 9零件, 2.5x时间
📊 课程目标验证: 0.0/9 零件 (0.0%)
⚠️ 当前阶段表现不佳，可能需要调整参数!

============================================================
🎓 进行完整难度评估（100%订单，标准时间）...
🎯 完整难度评估结果:
   完成零件: 0.0/33 (0.0%)
   总完工时间: 0.0分钟
   设备利用率: 0.0%
📚 仍需更多训练!
============================================================

🔂 回合  61/300 | 奖励: 535.0 | Actor损失: -0.4151| ⏱️  本轮用时: 11.5s (CPU采集: 10.7s, GPU更新: 0.9s)
📊 KPI - 总完工时间: 0.0min  | 设备利用率: 0.0% | 延期时间: 0.0min |  完成零件数: 0/33
🚥 回合评分: 0.500 (最佳: 0.505)
🔮 当前训练进度: 20.3% | 预计剩余时间: 48.3min | 完成时间: 18:46:15

🔂 回合  62/300 | 奖励: 534.0 | Actor损失: -0.4156| ⏱️  本轮用时: 11.6s (CPU采集: 10.8s, GPU更新: 0.8s)
📊 KPI - 总完工时间: 0.0min  | 设备利用率: 0.0% | 延期时间: 0.0min |  完成零件数: 0/33
🚥 回合评分: 0.500 (最佳: 0.505)
🔮 当前训练进度: 20.7% | 预计剩余时间: 48.0min | 完成时间: 18:46:33

🔂 回合  63/300 | 奖励: 537.1 | Actor损失: -0.4151| ⏱️  本轮用时: 11.5s (CPU采集: 10.6s, GPU更新: 0.9s)
📊 KPI - 总完工时间: 0.0min  | 设备利用率: 0.0% | 延期时间: 0.0min |  完成零件数: 0/33
🚥 回合评分: 0.500 (最佳: 0.505)
🔮 当前训练进度: 21.0% | 预计剩余时间: 47.8min | 完成时间: 18:46:52

🔂 回合  64/300 | 奖励: 540.2 | Actor损失: -0.4160| ⏱️  本轮用时: 11.5s (CPU采集: 10.6s, GPU更新: 0.8s)
📊 KPI - 总完工时间: 0.0min  | 设备利用率: 0.0% | 延期时间: 0.0min |  完成零件数: 0/33
🚥 回合评分: 0.500 (最佳: 0.505)
🔮 当前训练进度: 21.3% | 预计剩余时间: 47.5min | 完成时间: 18:47:10

🔂 回合  65/300 | 奖励: 540.1 | Actor损失: -0.4147| ⏱️  本轮用时: 11.5s (CPU采集: 10.6s, GPU更新: 0.9s)
📊 KPI - 总完工时间: 0.0min  | 设备利用率: 0.0% | 延期时间: 0.0min |  完成零件数: 0/33
🚥 回合评分: 0.500 (最佳: 0.505)
🔮 当前训练进度: 21.7% | 预计剩余时间: 47.3min | 完成时间: 18:47:30

🔂 回合  66/300 | 奖励: 544.5 | Actor损失: -0.4147| ⏱️  本轮用时: 11.5s (CPU采集: 10.6s, GPU更新: 0.9s)
📊 KPI - 总完工时间: 0.0min  | 设备利用率: 0.0% | 延期时间: 0.0min |  完成零件数: 0/33
🚥 回合评分: 0.500 (最佳: 0.505)
🔮 当前训练进度: 22.0% | 预计剩余时间: 47.1min | 完成时间: 18:47:49

🔂 回合  67/300 | 奖励: 532.8 | Actor损失: -0.4147| ⏱️  本轮用时: 11.4s (CPU采集: 10.5s, GPU更新: 0.9s)
📊 KPI - 总完工时间: 0.0min  | 设备利用率: 0.0% | 延期时间: 0.0min |  完成零件数: 0/33
🚥 回合评分: 0.500 (最佳: 0.505)
🔮 当前训练进度: 22.3% | 预计剩余时间: 46.8min | 完成时间: 18:48:08

🔂 回合  68/300 | 奖励: 541.1 | Actor损失: -0.4151| ⏱️  本轮用时: 11.5s (CPU采集: 10.7s, GPU更新: 0.9s)
📊 KPI - 总完工时间: 0.0min  | 设备利用率: 0.0% | 延期时间: 0.0min |  完成零件数: 0/33
🚥 回合评分: 0.500 (最佳: 0.505)
🔮 当前训练进度: 22.7% | 预计剩余时间: 46.6min | 完成时间: 18:48:28

🔂 回合  69/300 | 奖励: 548.9 | Actor损失: -0.4142| ⏱️  本轮用时: 11.5s (CPU采集: 10.6s, GPU更新: 0.9s)
📊 KPI - 总完工时间: 0.0min  | 设备利用率: 0.0% | 延期时间: 0.0min |  完成零件数: 0/33
🚥 回合评分: 0.500 (最佳: 0.505)
🔮 当前训练进度: 23.0% | 预计剩余时间: 46.4min | 完成时间: 18:48:47

🔂 回合  70/300 | 奖励: 525.8 | Actor损失: -0.4146| ⏱️  本轮用时: 11.6s (CPU采集: 10.7s, GPU更新: 0.9s)
📊 KPI - 总完工时间: 0.0min  | 设备利用率: 0.0% | 延期时间: 0.0min |  完成零件数: 0/33
🚥 回合评分: 0.500 (最佳: 0.505)
🔮 当前训练进度: 23.3% | 预计剩余时间: 46.1min | 完成时间: 18:49:07

📚 课程状态: 基础练习 (20/40, 50.0%)
   当前难度: 9零件, 2.5x时间
📊 课程目标验证: 0.0/9 零件 (0.0%)
⚠️ 当前阶段表现不佳，可能需要调整参数!
🔂 回合  71/300 | 奖励: 529.9 | Actor损失: -0.4139| ⏱️  本轮用时: 11.4s (CPU采集: 10.6s, GPU更新: 0.8s)
📊 KPI - 总完工时间: 0.0min  | 设备利用率: 0.0% | 延期时间: 0.0min |  完成零件数: 0/33
🚥 回合评分: 0.500 (最佳: 0.505)
🔮 当前训练进度: 23.7% | 预计剩余时间: 45.9min | 完成时间: 18:49:26

🔂 回合  72/300 | 奖励: 543.7 | Actor损失: -0.4136| ⏱️  本轮用时: 11.4s (CPU采集: 10.6s, GPU更新: 0.8s)
📊 KPI - 总完工时间: 0.0min  | 设备利用率: 0.0% | 延期时间: 0.0min |  完成零件数: 0/33
🚥 回合评分: 0.500 (最佳: 0.505)
🔮 当前训练进度: 24.0% | 预计剩余时间: 45.7min | 完成时间: 18:49:46

🔂 回合  73/300 | 奖励: 542.9 | Actor损失: -0.4137| ⏱️  本轮用时: 11.7s (CPU采集: 10.8s, GPU更新: 0.9s)
📊 KPI - 总完工时间: 0.0min  | 设备利用率: 0.0% | 延期时间: 0.0min |  完成零件数: 0/33
🚥 回合评分: 0.500 (最佳: 0.505)
🔮 当前训练进度: 24.3% | 预计剩余时间: 45.4min | 完成时间: 18:50:05

🔂 回合  74/300 | 奖励: 552.6 | Actor损失: -0.4138| ⏱️  本轮用时: 11.4s (CPU采集: 10.6s, GPU更新: 0.8s)
📊 KPI - 总完工时间: 0.0min  | 设备利用率: 0.0% | 延期时间: 0.0min |  完成零件数: 0/33
🚥 回合评分: 0.500 (最佳: 0.505)
🔮 当前训练进度: 24.7% | 预计剩余时间: 45.2min | 完成时间: 18:50:25

🔂 回合  75/300 | 奖励: 541.0 | Actor损失: -0.4147| ⏱️  本轮用时: 11.6s (CPU采集: 10.7s, GPU更新: 0.9s)
📊 KPI - 总完工时间: 0.0min  | 设备利用率: 0.0% | 延期时间: 0.0min |  完成零件数: 0/33
🚥 回合评分: 0.500 (最佳: 0.505)
🔮 当前训练进度: 25.0% | 预计剩余时间: 45.0min | 完成时间: 18:50:45

🔂 回合  76/300 | 奖励: 543.8 | Actor损失: -0.4137| ⏱️  本轮用时: 11.4s (CPU采集: 10.6s, GPU更新: 0.8s)
📊 KPI - 总完工时间: 0.0min  | 设备利用率: 0.0% | 延期时间: 0.0min |  完成零件数: 0/33
🚥 回合评分: 0.500 (最佳: 0.505)
🔮 当前训练进度: 25.3% | 预计剩余时间: 44.8min | 完成时间: 18:51:04

🔂 回合  77/300 | 奖励: 530.3 | Actor损失: -0.4147| ⏱️  本轮用时: 11.5s (CPU采集: 10.7s, GPU更新: 0.9s)
📊 KPI - 总完工时间: 0.0min  | 设备利用率: 0.0% | 延期时间: 0.0min |  完成零件数: 0/33
🚥 回合评分: 0.500 (最佳: 0.505)
🔮 当前训练进度: 25.7% | 预计剩余时间: 44.5min | 完成时间: 18:51:24

🔂 回合  78/300 | 奖励: 538.9 | Actor损失: -0.4148| ⏱️  本轮用时: 11.3s (CPU采集: 10.4s, GPU更新: 0.9s)
📊 KPI - 总完工时间: 0.0min  | 设备利用率: 0.0% | 延期时间: 0.0min |  完成零件数: 0/33
🚥 回合评分: 0.500 (最佳: 0.505)
🔮 当前训练进度: 26.0% | 预计剩余时间: 44.3min | 完成时间: 18:51:43

🔂 回合  79/300 | 奖励: 532.0 | Actor损失: -0.4142| ⏱️  本轮用时: 11.4s (CPU采集: 10.5s, GPU更新: 0.8s)
📊 KPI - 总完工时间: 0.0min  | 设备利用率: 0.0% | 延期时间: 0.0min |  完成零件数: 0/33
🚥 回合评分: 0.500 (最佳: 0.505)
🔮 当前训练进度: 26.3% | 预计剩余时间: 44.1min | 完成时间: 18:52:01

🔂 回合  80/300 | 奖励: 524.6 | Actor损失: -0.4145| ⏱️  本轮用时: 11.5s (CPU采集: 10.7s, GPU更新: 0.8s)
📊 KPI - 总完工时间: 0.0min  | 设备利用率: 0.0% | 延期时间: 0.0min |  完成零件数: 0/33
🚥 回合评分: 0.500 (最佳: 0.505)
🔮 当前训练进度: 26.7% | 预计剩余时间: 43.9min | 完成时间: 18:52:21

📚 课程状态: 基础练习 (30/40, 75.0%)
   当前难度: 9零件, 2.5x时间
📊 课程目标验证: 0.0/9 零件 (0.0%)
⚠️ 当前阶段表现不佳，可能需要调整参数!
🔂 回合  81/300 | 奖励: 522.6 | Actor损失: -0.4163| ⏱️  本轮用时: 11.2s (CPU采集: 10.4s, GPU更新: 0.8s)
📊 KPI - 总完工时间: 0.0min  | 设备利用率: 0.0% | 延期时间: 0.0min |  完成零件数: 0/33
🚥 回合评分: 0.500 (最佳: 0.505)
🔮 当前训练进度: 27.0% | 预计剩余时间: 43.6min | 完成时间: 18:52:40

🔂 回合  82/300 | 奖励: 539.6 | Actor损失: -0.4151| ⏱️  本轮用时: 11.1s (CPU采集: 10.3s, GPU更新: 0.8s)
📊 KPI - 总完工时间: 0.0min  | 设备利用率: 0.6% | 延期时间: 0.0min |  完成零件数: 0/33
🚥 回合评分: 0.501 (最佳: 0.505)
🔮 当前训练进度: 27.3% | 预计剩余时间: 43.4min | 完成时间: 18:52:58

🔂 回合  83/300 | 奖励: 520.2 | Actor损失: -0.4158| ⏱️  本轮用时: 11.3s (CPU采集: 10.5s, GPU更新: 0.8s)
📊 KPI - 总完工时间: 816.0min  | 设备利用率: 5.1% | 延期时间: 116.0min |  完成零件数: 4/33
🚥 回合评分: 0.223 (最佳: 0.505)
🔮 当前训练进度: 27.7% | 预计剩余时间: 43.2min | 完成时间: 18:53:18

🔂 回合  84/300 | 奖励: 533.2 | Actor损失: -0.4157| ⏱️  本轮用时: 11.3s (CPU采集: 10.5s, GPU更新: 0.8s)
📊 KPI - 总完工时间: 168.0min  | 设备利用率: 4.1% | 延期时间: 0.0min |  完成零件数: 2/33
🚥 回合评分: 0.442 (最佳: 0.505)
🔮 当前训练进度: 28.0% | 预计剩余时间: 42.9min | 完成时间: 18:53:37

🔂 回合  85/300 | 奖励: 526.3 | Actor损失: -0.4160| ⏱️  本轮用时: 11.1s (CPU采集: 10.3s, GPU更新: 0.8s)
📊 KPI - 总完工时间: 0.0min  | 设备利用率: 2.7% | 延期时间: 0.0min |  完成零件数: 0/33
🚥 回合评分: 0.505 (最佳: 0.505)✅ 模型已更新: 自定义ppo/ppo_models/best_ppo_model_20250823_172143_actor.keras
🔮 当前训练进度: 28.3% | 预计剩余时间: 42.7min | 完成时间: 18:53:55

🔂 回合  86/300 | 奖励: 537.9 | Actor损失: -0.4154| ⏱️  本轮用时: 11.2s (CPU采集: 10.4s, GPU更新: 0.9s)
📊 KPI - 总完工时间: 0.0min  | 设备利用率: 3.4% | 延期时间: 0.0min |  完成零件数: 0/33
🚥 回合评分: 0.507 (最佳: 0.507)✅ 模型已更新: 自定义ppo/ppo_models/best_ppo_model_20250823_172143_actor.keras
🔮 当前训练进度: 28.7% | 预计剩余时间: 42.5min | 完成时间: 18:54:14

🔂 回合  87/300 | 奖励: 545.7 | Actor损失: -0.4155| ⏱️  本轮用时: 11.3s (CPU采集: 10.4s, GPU更新: 0.8s)
📊 KPI - 总完工时间: 161.0min  | 设备利用率: 4.1% | 延期时间: 0.0min |  完成零件数: 2/33
🚥 回合评分: 0.446 (最佳: 0.507)
🔮 当前训练进度: 29.0% | 预计剩余时间: 42.3min | 完成时间: 18:54:34

🔂 回合  88/300 | 奖励: 542.3 | Actor损失: -0.4149| ⏱️  本轮用时: 11.4s (CPU采集: 10.5s, GPU更新: 0.8s)
📊 KPI - 总完工时间: 168.0min  | 设备利用率: 4.1% | 延期时间: 0.0min |  完成零件数: 2/33
🚥 回合评分: 0.442 (最佳: 0.507)
🔮 当前训练进度: 29.3% | 预计剩余时间: 42.0min | 完成时间: 18:54:53

🔂 回合  89/300 | 奖励: 545.1 | Actor损失: -0.4154| ⏱️  本轮用时: 11.3s (CPU采集: 10.5s, GPU更新: 0.8s)
📊 KPI - 总完工时间: 0.0min  | 设备利用率: 0.0% | 延期时间: 0.0min |  完成零件数: 0/33
🚥 回合评分: 0.500 (最佳: 0.507)
🔮 当前训练进度: 29.7% | 预计剩余时间: 41.8min | 完成时间: 18:55:13

🔂 回合  90/300 | 奖励: 547.8 | Actor损失: -0.4150| ⏱️  本轮用时: 11.4s (CPU采集: 10.6s, GPU更新: 0.9s)
📊 KPI - 总完工时间: 0.0min  | 设备利用率: 0.0% | 延期时间: 0.0min |  完成零件数: 0/33
🚥 回合评分: 0.500 (最佳: 0.507)
🔮 当前训练进度: 30.0% | 预计剩余时间: 41.6min | 完成时间: 18:55:32


============================================================
🎓 阶段 '基础练习' 训练完成，开始毕业考试...
   考试目标: 16 零件 | 实际完成: 0.0 零件 (0.0%)
   ❌ 考试未通过。当前阶段延长10轮训练。
============================================================

📚 课程状态: 基础练习 (40/50, 80.0%)
   当前难度: 9零件, 2.5x时间
📊 课程目标验证: 0.0/9 零件 (0.0%)
⚠️ 当前阶段表现不佳，可能需要调整参数!

============================================================
🎓 进行完整难度评估（100%订单，标准时间）...
🎯 完整难度评估结果:
   完成零件: 0.0/33 (0.0%)
   总完工时间: 0.0分钟
   设备利用率: 0.0%
📚 仍需更多训练!
============================================================

🔂 回合  91/300 | 奖励: 535.9 | Actor损失: -0.4149| ⏱️  本轮用时: 42.6s (CPU采集: 10.2s, GPU更新: 0.8s)
📊 KPI - 总完工时间: 0.0min  | 设备利用率: 0.0% | 延期时间: 0.0min |  完成零件数: 0/33
🚥 回合评分: 0.500 (最佳: 0.507)
🔮 当前训练进度: 30.3% | 预计剩余时间: 42.6min | 完成时间: 18:58:05

🔂 回合  92/300 | 奖励: 544.9 | Actor损失: -0.4142| ⏱️  本轮用时: 11.1s (CPU采集: 10.3s, GPU更新: 0.8s)
📊 KPI - 总完工时间: 0.0min  | 设备利用率: 0.0% | 延期时间: 0.0min |  完成零件数: 0/33
🚥 回合评分: 0.500 (最佳: 0.507)
🔮 当前训练进度: 30.7% | 预计剩余时间: 42.3min | 完成时间: 18:58:24

🔂 回合  93/300 | 奖励: 551.7 | Actor损失: -0.4147| ⏱️  本轮用时: 11.2s (CPU采集: 10.3s, GPU更新: 0.9s)
📊 KPI - 总完工时间: 0.0min  | 设备利用率: 3.1% | 延期时间: 0.0min |  完成零件数: 0/33
🚥 回合评分: 0.506 (最佳: 0.507)
🔮 当前训练进度: 31.0% | 预计剩余时间: 42.1min | 完成时间: 18:58:42

🔂 回合  94/300 | 奖励: 550.5 | Actor损失: -0.4154| ⏱️  本轮用时: 11.1s (CPU采集: 10.2s, GPU更新: 0.8s)
📊 KPI - 总完工时间: 203.0min  | 设备利用率: 5.3% | 延期时间: 0.0min |  完成零件数: 4/33
🚥 回合评分: 0.445 (最佳: 0.507)
🔮 当前训练进度: 31.3% | 预计剩余时间: 41.9min | 完成时间: 18:59:01

🔂 回合  95/300 | 奖励: 545.0 | Actor损失: -0.4145| ⏱️  本轮用时: 11.2s (CPU采集: 10.3s, GPU更新: 0.9s)
📊 KPI - 总完工时间: 159.0min  | 设备利用率: 5.3% | 延期时间: 0.0min |  完成零件数: 4/33
🚥 回合评分: 0.467 (最佳: 0.507)
🔮 当前训练进度: 31.7% | 预计剩余时间: 41.6min | 完成时间: 18:59:19

🔂 回合  96/300 | 奖励: 547.6 | Actor损失: -0.4152| ⏱️  本轮用时: 11.3s (CPU采集: 10.4s, GPU更新: 0.8s)
📊 KPI - 总完工时间: 0.0min  | 设备利用率: 3.2% | 延期时间: 0.0min |  完成零件数: 0/33
🚥 回合评分: 0.506 (最佳: 0.507)
🔮 当前训练进度: 32.0% | 预计剩余时间: 41.4min | 完成时间: 18:59:37

🔂 回合  97/300 | 奖励: 542.2 | Actor损失: -0.4149| ⏱️  本轮用时: 11.2s (CPU采集: 10.3s, GPU更新: 0.9s)
📊 KPI - 总完工时间: 167.0min  | 设备利用率: 3.8% | 延期时间: 0.0min |  完成零件数: 1/33
🚥 回合评分: 0.433 (最佳: 0.507)
🔮 当前训练进度: 32.3% | 预计剩余时间: 41.1min | 完成时间: 18:59:56

🔂 回合  98/300 | 奖励: 544.0 | Actor损失: -0.4151| ⏱️  本轮用时: 11.0s (CPU采集: 10.1s, GPU更新: 0.8s)
📊 KPI - 总完工时间: 167.0min  | 设备利用率: 3.8% | 延期时间: 0.0min |  完成零件数: 1/33
🚥 回合评分: 0.433 (最佳: 0.507)
🔮 当前训练进度: 32.7% | 预计剩余时间: 40.9min | 完成时间: 19:00:14

🔂 回合  99/300 | 奖励: 537.5 | Actor损失: -0.4152| ⏱️  本轮用时: 11.0s (CPU采集: 10.2s, GPU更新: 0.8s)
📊 KPI - 总完工时间: 0.0min  | 设备利用率: 2.8% | 延期时间: 0.0min |  完成零件数: 0/33
🚥 回合评分: 0.506 (最佳: 0.507)
🔮 当前训练进度: 33.0% | 预计剩余时间: 40.7min | 完成时间: 19:00:32

🔂 回合 100/300 | 奖励: 545.4 | Actor损失: -0.4148| ⏱️  本轮用时: 10.8s (CPU采集: 10.0s, GPU更新: 0.9s)
📊 KPI - 总完工时间: 0.0min  | 设备利用率: 2.8% | 延期时间: 0.0min |  完成零件数: 0/33
🚥 回合评分: 0.506 (最佳: 0.507)
🔮 当前训练进度: 33.3% | 预计剩余时间: 40.4min | 完成时间: 19:00:49


============================================================
🎓 阶段 '基础练习' 训练完成，开始毕业考试...
   考试目标: 16 零件 | 实际完成: 2.0 零件 (12.5%)
   ✅ 考试通过！进入下一阶段: '稳定训练'
============================================================

📚 [回合 101] 🔄 课程学习阶段切换!
   新阶段: 稳定训练
   订单比例: 0.5 (目标零件数: 16)
   时间比例: 2.0 (时间限制: 2400分钟)
   计划训练轮数: 30
   学习率调整: 2.40e-04 (适应新难度)
------------------------------------------------------------
📚 课程状态: 稳定训练 (0/30, 0.0%)
   当前难度: 16零件, 2.0x时间
📊 课程目标验证: 1.0/16 零件 (6.2%)
⚠️ 当前阶段表现不佳，可能需要调整参数!
🔂 回合 101/300 | 奖励: 441.7 | Actor损失: -0.4139| ⏱️  本轮用时: 42.7s (CPU采集: 10.2s, GPU更新: 0.8s)
📊 KPI - 总完工时间: 136.0min  | 设备利用率: 3.9% | 延期时间: 0.0min |  完成零件数: 1/33
🚥 回合评分: 0.449 (最佳: 0.507)
🔮 当前训练进度: 33.7% | 预计剩余时间: 41.2min | 完成时间: 19:02:41

🔂 回合 102/300 | 奖励: 453.2 | Actor损失: -0.4139| ⏱️  本轮用时: 11.2s (CPU采集: 10.3s, GPU更新: 0.9s)
📊 KPI - 总完工时间: 0.0min  | 设备利用率: 0.0% | 延期时间: 0.0min |  完成零件数: 0/33
🚥 回合评分: 0.500 (最佳: 0.507)
🔮 当前训练进度: 34.0% | 预计剩余时间: 41.0min | 完成时间: 19:02:58

🔂 回合 103/300 | 奖励: 449.0 | Actor损失: -0.4133| ⏱️  本轮用时: 11.1s (CPU采集: 10.3s, GPU更新: 0.9s)
📊 KPI - 总完工时间: 0.0min  | 设备利用率: 0.0% | 延期时间: 0.0min |  完成零件数: 0/33
🚥 回合评分: 0.500 (最佳: 0.507)
🔮 当前训练进度: 34.3% | 预计剩余时间: 40.7min | 完成时间: 19:03:17

🔂 回合 104/300 | 奖励: 442.2 | Actor损失: -0.4135| ⏱️  本轮用时: 11.1s (CPU采集: 10.2s, GPU更新: 0.9s)
📊 KPI - 总完工时间: 0.0min  | 设备利用率: 0.2% | 延期时间: 0.0min |  完成零件数: 0/33
🚥 回合评分: 0.500 (最佳: 0.507)
🔮 当前训练进度: 34.7% | 预计剩余时间: 40.5min | 完成时间: 19:03:35

🔂 回合 105/300 | 奖励: 444.3 | Actor损失: -0.4136| ⏱️  本轮用时: 11.3s (CPU采集: 10.5s, GPU更新: 0.9s)
📊 KPI - 总完工时间: 0.0min  | 设备利用率: 0.9% | 延期时间: 0.0min |  完成零件数: 0/33
🚥 回合评分: 0.502 (最佳: 0.507)
🔮 当前训练进度: 35.0% | 预计剩余时间: 40.2min | 完成时间: 19:03:54

🔂 回合 106/300 | 奖励: 442.8 | Actor损失: -0.4134| ⏱️  本轮用时: 10.8s (CPU采集: 9.9s, GPU更新: 0.8s)
📊 KPI - 总完工时间: 0.0min  | 设备利用率: 0.0% | 延期时间: 0.0min |  完成零件数: 0/33
🚥 回合评分: 0.500 (最佳: 0.507)
🔮 当前训练进度: 35.3% | 预计剩余时间: 40.0min | 完成时间: 19:04:11

🔂 回合 107/300 | 奖励: 438.4 | Actor损失: -0.4135| ⏱️  本轮用时: 11.4s (CPU采集: 10.5s, GPU更新: 0.9s)
📊 KPI - 总完工时间: 0.0min  | 设备利用率: 0.0% | 延期时间: 0.0min |  完成零件数: 0/33
🚥 回合评分: 0.500 (最佳: 0.507)
🔮 当前训练进度: 35.7% | 预计剩余时间: 39.7min | 完成时间: 19:04:30

🔂 回合 108/300 | 奖励: 438.8 | Actor损失: -0.4143| ⏱️  本轮用时: 11.0s (CPU采集: 10.2s, GPU更新: 0.8s)
📊 KPI - 总完工时间: 0.0min  | 设备利用率: 0.0% | 延期时间: 0.0min |  完成零件数: 0/33
🚥 回合评分: 0.500 (最佳: 0.507)
🔮 当前训练进度: 36.0% | 预计剩余时间: 39.5min | 完成时间: 19:04:48

🔂 回合 109/300 | 奖励: 442.9 | Actor损失: -0.4137| ⏱️  本轮用时: 11.3s (CPU采集: 10.5s, GPU更新: 0.8s)
📊 KPI - 总完工时间: 0.0min  | 设备利用率: 1.2% | 延期时间: 0.0min |  完成零件数: 0/33
🚥 回合评分: 0.502 (最佳: 0.507)
🔮 当前训练进度: 36.3% | 预计剩余时间: 39.3min | 完成时间: 19:05:07

🔂 回合 110/300 | 奖励: 429.5 | Actor损失: -0.4138| ⏱️  本轮用时: 11.1s (CPU采集: 10.2s, GPU更新: 0.9s)
📊 KPI - 总完工时间: 123.0min  | 设备利用率: 6.9% | 延期时间: 0.0min |  完成零件数: 2/33
🚥 回合评分: 0.471 (最佳: 0.507)
🔮 当前训练进度: 36.7% | 预计剩余时间: 39.0min | 完成时间: 19:05:25

📚 课程状态: 稳定训练 (10/30, 33.3%)
   当前难度: 16零件, 2.0x时间
📊 课程目标验证: 0.0/16 零件 (0.0%)
⚠️ 当前阶段表现不佳，可能需要调整参数!
🔂 回合 111/300 | 奖励: 449.2 | Actor损失: -0.4141| ⏱️  本轮用时: 11.1s (CPU采集: 10.2s, GPU更新: 0.8s)
📊 KPI - 总完工时间: 0.0min  | 设备利用率: 4.7% | 延期时间: 0.0min |  完成零件数: 0/33
🚥 回合评分: 0.509 (最佳: 0.509)✅ 模型已更新: 自定义ppo/ppo_models/best_ppo_model_20250823_172143_actor.keras
🔮 当前训练进度: 37.0% | 预计剩余时间: 38.8min | 完成时间: 19:05:44

🔂 回合 112/300 | 奖励: 444.7 | Actor损失: -0.4142| ⏱️  本轮用时: 11.1s (CPU采集: 10.3s, GPU更新: 0.9s)
📊 KPI - 总完工时间: 0.0min  | 设备利用率: 0.1% | 延期时间: 0.0min |  完成零件数: 0/33
🚥 回合评分: 0.500 (最佳: 0.509)
🔮 当前训练进度: 37.3% | 预计剩余时间: 38.5min | 完成时间: 19:06:03

🔂 回合 113/300 | 奖励: 443.8 | Actor损失: -0.4145| ⏱️  本轮用时: 11.4s (CPU采集: 10.5s, GPU更新: 0.8s)
📊 KPI - 总完工时间: 0.0min  | 设备利用率: 0.0% | 延期时间: 0.0min |  完成零件数: 0/33
🚥 回合评分: 0.500 (最佳: 0.509)
🔮 当前训练进度: 37.7% | 预计剩余时间: 38.3min | 完成时间: 19:06:22

🔂 回合 114/300 | 奖励: 449.2 | Actor损失: -0.4144| ⏱️  本轮用时: 11.2s (CPU采集: 10.3s, GPU更新: 0.9s)
📊 KPI - 总完工时间: 0.0min  | 设备利用率: 0.0% | 延期时间: 0.0min |  完成零件数: 0/33
🚥 回合评分: 0.500 (最佳: 0.509)
🔮 当前训练进度: 38.0% | 预计剩余时间: 38.1min | 完成时间: 19:06:41

🔂 回合 115/300 | 奖励: 440.0 | Actor损失: -0.4144| ⏱️  本轮用时: 11.4s (CPU采集: 10.5s, GPU更新: 0.8s)
📊 KPI - 总完工时间: 131.0min  | 设备利用率: 3.7% | 延期时间: 0.0min |  完成零件数: 3/33
🚥 回合评分: 0.469 (最佳: 0.509)
🔮 当前训练进度: 38.3% | 预计剩余时间: 37.8min | 完成时间: 19:07:01

🔂 回合 116/300 | 奖励: 442.8 | Actor损失: -0.4140| ⏱️  本轮用时: 11.4s (CPU采集: 10.5s, GPU更新: 0.9s)
📊 KPI - 总完工时间: 127.0min  | 设备利用率: 4.0% | 延期时间: 0.0min |  完成零件数: 2/33
🚥 回合评分: 0.463 (最佳: 0.509)
🔮 当前训练进度: 38.7% | 预计剩余时间: 37.6min | 完成时间: 19:07:21

🔂 回合 117/300 | 奖励: 451.9 | Actor损失: -0.4143| ⏱️  本轮用时: 11.7s (CPU采集: 10.8s, GPU更新: 0.8s)
📊 KPI - 总完工时间: 0.0min  | 设备利用率: 3.3% | 延期时间: 0.0min |  完成零件数: 0/33
🚥 回合评分: 0.507 (最佳: 0.509)
🔮 当前训练进度: 39.0% | 预计剩余时间: 37.4min | 完成时间: 19:07:41

🔂 回合 118/300 | 奖励: 449.3 | Actor损失: -0.4136| ⏱️  本轮用时: 11.4s (CPU采集: 10.6s, GPU更新: 0.9s)
📊 KPI - 总完工时间: 0.0min  | 设备利用率: 2.1% | 延期时间: 0.0min |  完成零件数: 0/33
🚥 回合评分: 0.504 (最佳: 0.509)
🔮 当前训练进度: 39.3% | 预计剩余时间: 37.2min | 完成时间: 19:08:01

🔂 回合 119/300 | 奖励: 437.5 | Actor损失: -0.4136| ⏱️  本轮用时: 11.5s (CPU采集: 10.6s, GPU更新: 0.9s)
📊 KPI - 总完工时间: 133.0min  | 设备利用率: 4.9% | 延期时间: 0.0min |  完成零件数: 2/33
🚥 回合评分: 0.461 (最佳: 0.509)
🔮 当前训练进度: 39.7% | 预计剩余时间: 36.9min | 完成时间: 19:08:23

🔂 回合 120/300 | 奖励: 448.4 | Actor损失: -0.4140| ⏱️  本轮用时: 11.6s (CPU采集: 10.8s, GPU更新: 0.9s)
📊 KPI - 总完工时间: 0.0min  | 设备利用率: 0.1% | 延期时间: 0.0min |  完成零件数: 0/33
🚥 回合评分: 0.500 (最佳: 0.509)
🔮 当前训练进度: 40.0% | 预计剩余时间: 36.7min | 完成时间: 19:08:43

📚 课程状态: 稳定训练 (20/30, 66.7%)
   当前难度: 16零件, 2.0x时间
📊 课程目标验证: 11.0/16 零件 (68.8%)
⚡ 当前阶段有进展，继续努力!

============================================================
🎓 进行完整难度评估（100%订单，标准时间）...
🎯 完整难度评估结果:
   完成零件: 16.0/33 (48.5%)
   总完工时间: 293.0分钟
   设备利用率: 0.1%
📈 进步中！继续努力!
============================================================

🔂 回合 121/300 | 奖励: 438.9 | Actor损失: -0.4144| ⏱️  本轮用时: 11.9s (CPU采集: 11.0s, GPU更新: 0.9s)
📊 KPI - 总完工时间: 239.0min  | 设备利用率: 9.7% | 延期时间: 0.0min |  完成零件数: 11/33
🚥 回合评分: 0.500 (最佳: 0.509)
🔮 当前训练进度: 40.3% | 预计剩余时间: 36.5min | 完成时间: 19:09:42

🔂 回合 122/300 | 奖励: 439.4 | Actor损失: -0.4147| ⏱️  本轮用时: 12.1s (CPU采集: 11.2s, GPU更新: 0.9s)
📊 KPI - 总完工时间: 253.0min  | 设备利用率: 10.0% | 延期时间: 0.0min |  完成零件数: 12/33
🚥 回合评分: 0.503 (最佳: 0.509)
🔮 当前训练进度: 40.7% | 预计剩余时间: 36.3min | 完成时间: 19:10:05

🔂 回合 123/300 | 奖励: 434.7 | Actor损失: -0.4148| ⏱️  本轮用时: 12.1s (CPU采集: 11.2s, GPU更新: 0.9s)
📊 KPI - 总完工时间: 227.0min  | 设备利用率: 7.8% | 延期时间: 0.0min |  完成零件数: 8/33
🚥 回合评分: 0.475 (最佳: 0.509)
🔮 当前训练进度: 41.0% | 预计剩余时间: 36.1min | 完成时间: 19:10:27

🔂 回合 124/300 | 奖励: 442.9 | Actor损失: -0.4148| ⏱️  本轮用时: 12.0s (CPU采集: 11.1s, GPU更新: 0.9s)
📊 KPI - 总完工时间: 185.0min  | 设备利用率: 6.4% | 延期时间: 0.0min |  完成零件数: 6/33
🚥 回合评分: 0.475 (最佳: 0.509)
🔮 当前训练进度: 41.3% | 预计剩余时间: 35.9min | 完成时间: 19:10:50

🔂 回合 125/300 | 奖励: 439.9 | Actor损失: -0.4147| ⏱️  本轮用时: 11.9s (CPU采集: 11.1s, GPU更新: 0.9s)
📊 KPI - 总完工时间: 185.0min  | 设备利用率: 6.4% | 延期时间: 0.0min |  完成零件数: 6/33
🚥 回合评分: 0.475 (最佳: 0.509)
🔮 当前训练进度: 41.7% | 预计剩余时间: 35.7min | 完成时间: 19:11:14

🔂 回合 126/300 | 奖励: 445.0 | Actor损失: -0.4148| ⏱️  本轮用时: 11.8s (CPU采集: 11.0s, GPU更新: 0.9s)
📊 KPI - 总完工时间: 246.0min  | 设备利用率: 8.6% | 延期时间: 0.0min |  完成零件数: 9/33
🚥 回合评分: 0.476 (最佳: 0.509)
🔮 当前训练进度: 42.0% | 预计剩余时间: 35.5min | 完成时间: 19:11:36

🔂 回合 127/300 | 奖励: 430.4 | Actor损失: -0.4150| ⏱️  本轮用时: 12.1s (CPU采集: 11.2s, GPU更新: 0.9s)
📊 KPI - 总完工时间: 162.0min  | 设备利用率: 7.7% | 延期时间: 0.0min |  完成零件数: 6/33
🚥 回合评分: 0.489 (最佳: 0.509)
🔮 当前训练进度: 42.3% | 预计剩余时间: 35.3min | 完成时间: 19:11:59

🔂 回合 128/300 | 奖励: 436.2 | Actor损失: -0.4148| ⏱️  本轮用时: 12.1s (CPU采集: 11.2s, GPU更新: 0.9s)
📊 KPI - 总完工时间: 0.0min  | 设备利用率: 7.9% | 延期时间: 0.0min |  完成零件数: 0/33
🚥 回合评分: 0.516 (最佳: 0.516)✅ 模型已更新: 自定义ppo/ppo_models/best_ppo_model_20250823_172143_actor.keras
🔮 当前训练进度: 42.7% | 预计剩余时间: 35.1min | 完成时间: 19:12:22

🔂 回合 129/300 | 奖励: 447.6 | Actor损失: -0.4147| ⏱️  本轮用时: 12.2s (CPU采集: 11.3s, GPU更新: 0.9s)
📊 KPI - 总完工时间: 0.0min  | 设备利用率: 7.7% | 延期时间: 0.0min |  完成零件数: 0/33
🚥 回合评分: 0.515 (最佳: 0.516)
🔮 当前训练进度: 43.0% | 预计剩余时间: 34.8min | 完成时间: 19:12:47

🔂 回合 130/300 | 奖励: 444.4 | Actor损失: -0.4148| ⏱️  本轮用时: 12.1s (CPU采集: 11.2s, GPU更新: 0.9s)
📊 KPI - 总完工时间: 0.0min  | 设备利用率: 7.7% | 延期时间: 0.0min |  完成零件数: 0/33
🚥 回合评分: 0.515 (最佳: 0.516)
🔮 当前训练进度: 43.3% | 预计剩余时间: 34.6min | 完成时间: 19:13:11


============================================================
🎓 阶段 '稳定训练' 训练完成，开始毕业考试...
   考试目标: 23 零件 | 实际完成: 0.0 零件 (0.0%)
   ❌ 考试未通过。当前阶段延长10轮训练。
============================================================

📚 课程状态: 稳定训练 (30/40, 75.0%)
   当前难度: 16零件, 2.0x时间
📊 课程目标验证: 0.0/16 零件 (0.0%)
⚠️ 当前阶段表现不佳，可能需要调整参数!
🔂 回合 131/300 | 奖励: 441.1 | Actor损失: -0.4150| ⏱️  本轮用时: 47.4s (CPU采集: 11.5s, GPU更新: 0.9s)
📊 KPI - 总完工时间: 0.0min  | 设备利用率: 6.4% | 延期时间: 0.0min |  完成零件数: 0/33
🚥 回合评分: 0.513 (最佳: 0.516)
🔮 当前训练进度: 43.7% | 预计剩余时间: 35.2min | 完成时间: 19:14:57

🔂 回合 132/300 | 奖励: 432.2 | Actor损失: -0.4147| ⏱️  本轮用时: 12.2s (CPU采集: 11.3s, GPU更新: 1.0s)
📊 KPI - 总完工时间: 0.0min  | 设备利用率: 6.3% | 延期时间: 0.0min |  完成零件数: 0/33
🚥 回合评分: 0.513 (最佳: 0.516)
🔮 当前训练进度: 44.0% | 预计剩余时间: 35.0min | 完成时间: 19:15:20

🔂 回合 133/300 | 奖励: 443.4 | Actor损失: -0.4148| ⏱️  本轮用时: 12.3s (CPU采集: 11.4s, GPU更新: 0.9s)
📊 KPI - 总完工时间: 0.0min  | 设备利用率: 6.4% | 延期时间: 0.0min |  完成零件数: 0/33
🚥 回合评分: 0.513 (最佳: 0.516)
🔮 当前训练进度: 44.3% | 预计剩余时间: 34.8min | 完成时间: 19:15:43

🔂 回合 134/300 | 奖励: 440.5 | Actor损失: -0.4147| ⏱️  本轮用时: 12.1s (CPU采集: 11.2s, GPU更新: 0.9s)
📊 KPI - 总完工时间: 0.0min  | 设备利用率: 6.9% | 延期时间: 0.0min |  完成零件数: 0/33
🚥 回合评分: 0.514 (最佳: 0.516)
🔮 当前训练进度: 44.7% | 预计剩余时间: 34.6min | 完成时间: 19:16:06

🔂 回合 135/300 | 奖励: 439.6 | Actor损失: -0.4151| ⏱️  本轮用时: 12.3s (CPU采集: 11.4s, GPU更新: 0.9s)
📊 KPI - 总完工时间: 0.0min  | 设备利用率: 6.4% | 延期时间: 0.0min |  完成零件数: 0/33
🚥 回合评分: 0.513 (最佳: 0.516)
🔮 当前训练进度: 45.0% | 预计剩余时间: 34.3min | 完成时间: 19:16:30

🔂 回合 136/300 | 奖励: 446.9 | Actor损失: -0.4142| ⏱️  本轮用时: 12.4s (CPU采集: 11.5s, GPU更新: 0.9s)
📊 KPI - 总完工时间: 0.0min  | 设备利用率: 5.5% | 延期时间: 0.0min |  完成零件数: 0/33
🚥 回合评分: 0.511 (最佳: 0.516)
🔮 当前训练进度: 45.3% | 预计剩余时间: 34.1min | 完成时间: 19:16:56

🔂 回合 137/300 | 奖励: 450.3 | Actor损失: -0.4140| ⏱️  本轮用时: 12.6s (CPU采集: 11.7s, GPU更新: 0.9s)
📊 KPI - 总完工时间: 0.0min  | 设备利用率: 0.0% | 延期时间: 0.0min |  完成零件数: 0/33
🚥 回合评分: 0.500 (最佳: 0.516)
🔮 当前训练进度: 45.7% | 预计剩余时间: 33.9min | 完成时间: 19:17:20

🔂 回合 138/300 | 奖励: 445.9 | Actor损失: -0.4141| ⏱️  本轮用时: 12.4s (CPU采集: 11.5s, GPU更新: 0.9s)
📊 KPI - 总完工时间: 0.0min  | 设备利用率: 0.0% | 延期时间: 0.0min |  完成零件数: 0/33
🚥 回合评分: 0.500 (最佳: 0.516)
🔮 当前训练进度: 46.0% | 预计剩余时间: 33.7min | 完成时间: 19:17:45

🔂 回合 139/300 | 奖励: 443.8 | Actor损失: -0.4144| ⏱️  本轮用时: 12.3s (CPU采集: 11.3s, GPU更新: 0.9s)
📊 KPI - 总完工时间: 0.0min  | 设备利用率: 0.0% | 延期时间: 0.0min |  完成零件数: 0/33
🚥 回合评分: 0.500 (最佳: 0.516)
🔮 当前训练进度: 46.3% | 预计剩余时间: 33.5min | 完成时间: 19:18:09

🔂 回合 140/300 | 奖励: 442.2 | Actor损失: -0.4141| ⏱️  本轮用时: 12.5s (CPU采集: 11.6s, GPU更新: 0.9s)
📊 KPI - 总完工时间: 0.0min  | 设备利用率: 0.0% | 延期时间: 0.0min |  完成零件数: 0/33
🚥 回合评分: 0.500 (最佳: 0.516)
🔮 当前训练进度: 46.7% | 预计剩余时间: 33.3min | 完成时间: 19:18:33


============================================================
🎓 阶段 '稳定训练' 训练完成，开始毕业考试...
   考试目标: 23 零件 | 实际完成: 0.0 零件 (0.0%)
   ❌ 考试未通过。当前阶段延长10轮训练。
============================================================

📚 课程状态: 稳定训练 (40/50, 80.0%)
   当前难度: 16零件, 2.0x时间
📊 课程目标验证: 0.0/16 零件 (0.0%)
⚠️ 当前阶段表现不佳，可能需要调整参数!
🔂 回合 141/300 | 奖励: 437.7 | Actor损失: -0.4136| ⏱️  本轮用时: 49.1s (CPU采集: 11.3s, GPU更新: 0.9s)
📊 KPI - 总完工时间: 0.0min  | 设备利用率: 0.0% | 延期时间: 0.0min |  完成零件数: 0/33
🚥 回合评分: 0.500 (最佳: 0.516)
🔮 当前训练进度: 47.0% | 预计剩余时间: 33.8min | 完成时间: 19:20:16

🔂 回合 142/300 | 奖励: 454.3 | Actor损失: -0.4136| ⏱️  本轮用时: 12.3s (CPU采集: 11.4s, GPU更新: 1.0s)
📊 KPI - 总完工时间: 0.0min  | 设备利用率: 0.0% | 延期时间: 0.0min |  完成零件数: 0/33
🚥 回合评分: 0.500 (最佳: 0.516)
🔮 当前训练进度: 47.3% | 预计剩余时间: 33.6min | 完成时间: 19:20:39

🔂 回合 143/300 | 奖励: 453.7 | Actor损失: -0.4140| ⏱️  本轮用时: 12.3s (CPU采集: 11.4s, GPU更新: 0.9s)
📊 KPI - 总完工时间: 0.0min  | 设备利用率: 6.6% | 延期时间: 0.0min |  完成零件数: 0/33
🚥 回合评分: 0.513 (最佳: 0.516)
🔮 当前训练进度: 47.7% | 预计剩余时间: 33.3min | 完成时间: 19:21:04

🔂 回合 144/300 | 奖励: 444.4 | Actor损失: -0.4140| ⏱️  本轮用时: 12.7s (CPU采集: 11.8s, GPU更新: 0.9s)
📊 KPI - 总完工时间: 227.0min  | 设备利用率: 8.0% | 延期时间: 0.0min |  完成零件数: 8/33
🚥 回合评分: 0.475 (最佳: 0.516)
🔮 当前训练进度: 48.0% | 预计剩余时间: 33.1min | 完成时间: 19:21:28

🔂 回合 145/300 | 奖励: 452.3 | Actor损失: -0.4133| ⏱️  本轮用时: 12.2s (CPU采集: 11.3s, GPU更新: 0.9s)
📊 KPI - 总完工时间: 248.0min  | 设备利用率: 8.8% | 延期时间: 0.0min |  完成零件数: 9/33
🚥 回合评分: 0.475 (最佳: 0.516)
🔮 当前训练进度: 48.3% | 预计剩余时间: 32.9min | 完成时间: 19:21:50

🔂 回合 146/300 | 奖励: 450.7 | Actor损失: -0.4132| ⏱️  本轮用时: 12.3s (CPU采集: 11.4s, GPU更新: 0.9s)
📊 KPI - 总完工时间: 225.0min  | 设备利用率: 8.8% | 延期时间: 0.0min |  完成零件数: 9/33
🚥 回合评分: 0.487 (最佳: 0.516)
🔮 当前训练进度: 48.7% | 预计剩余时间: 32.7min | 完成时间: 19:22:13

🔂 回合 147/300 | 奖励: 441.3 | Actor损失: -0.4134| ⏱️  本轮用时: 12.3s (CPU采集: 11.4s, GPU更新: 0.9s)
📊 KPI - 总完工时间: 219.0min  | 设备利用率: 8.5% | 延期时间: 0.0min |  完成零件数: 9/33
🚥 回合评分: 0.489 (最佳: 0.516)
🔮 当前训练进度: 49.0% | 预计剩余时间: 32.5min | 完成时间: 19:22:36

🔂 回合 148/300 | 奖励: 451.3 | Actor损失: -0.4136| ⏱️  本轮用时: 12.5s (CPU采集: 11.6s, GPU更新: 0.9s)
📊 KPI - 总完工时间: 234.0min  | 设备利用率: 8.9% | 延期时间: 0.0min |  完成零件数: 9/33
🚥 回合评分: 0.483 (最佳: 0.516)
🔮 当前训练进度: 49.3% | 预计剩余时间: 32.2min | 完成时间: 19:23:01

🔂 回合 149/300 | 奖励: 440.2 | Actor损失: -0.4140| ⏱️  本轮用时: 12.3s (CPU采集: 11.4s, GPU更新: 0.9s)
📊 KPI - 总完工时间: 0.0min  | 设备利用率: 4.3% | 延期时间: 0.0min |  完成零件数: 0/33
🚥 回合评分: 0.509 (最佳: 0.516)
🔮 当前训练进度: 49.7% | 预计剩余时间: 32.0min | 完成时间: 19:23:24

🔂 回合 150/300 | 奖励: 448.1 | Actor损失: -0.4138| ⏱️  本轮用时: 12.2s (CPU采集: 11.3s, GPU更新: 0.9s)
📊 KPI - 总完工时间: 0.0min  | 设备利用率: 8.2% | 延期时间: 0.0min |  完成零件数: 0/33
🚥 回合评分: 0.516 (最佳: 0.516)✅ 模型已更新: 自定义ppo/ppo_models/best_ppo_model_20250823_172143_actor.keras
🔮 当前训练进度: 50.0% | 预计剩余时间: 31.8min | 完成时间: 19:23:47


============================================================
🎓 阶段 '稳定训练' 训练完成，开始毕业考试...
   考试目标: 23 零件 | 实际完成: 0.0 零件 (0.0%)
   ❌ 考试未通过。当前阶段延长10轮训练。
============================================================

📚 课程状态: 稳定训练 (50/60, 83.3%)
   当前难度: 16零件, 2.0x时间
📊 课程目标验证: 0.0/16 零件 (0.0%)
⚠️ 当前阶段表现不佳，可能需要调整参数!

============================================================
🎓 进行完整难度评估（100%订单，标准时间）...
🎯 完整难度评估结果:
   完成零件: 0.0/33 (0.0%)
   总完工时间: 0.0分钟
   设备利用率: 0.1%
📚 仍需更多训练!
============================================================

🔂 回合 151/300 | 奖励: 452.4 | Actor损失: -0.4138| ⏱️  本轮用时: 48.3s (CPU采集: 11.0s, GPU更新: 0.9s)
📊 KPI - 总完工时间: 0.0min  | 设备利用率: 8.0% | 延期时间: 0.0min |  完成零件数: 0/33
🚥 回合评分: 0.516 (最佳: 0.516)
🔮 当前训练进度: 50.3% | 预计剩余时间: 32.2min | 完成时间: 19:26:00

🔂 回合 152/300 | 奖励: 443.5 | Actor损失: -0.4135| ⏱️  本轮用时: 12.1s (CPU采集: 11.2s, GPU更新: 0.9s)
📊 KPI - 总完工时间: 0.0min  | 设备利用率: 4.4% | 延期时间: 0.0min |  完成零件数: 0/33
🚥 回合评分: 0.509 (最佳: 0.516)
🔮 当前训练进度: 50.7% | 预计剩余时间: 31.9min | 完成时间: 19:26:22

🔂 回合 153/300 | 奖励: 449.9 | Actor损失: -0.4136| ⏱️  本轮用时: 12.0s (CPU采集: 11.1s, GPU更新: 0.9s)
📊 KPI - 总完工时间: 0.0min  | 设备利用率: 3.8% | 延期时间: 0.0min |  完成零件数: 0/33
🚥 回合评分: 0.508 (最佳: 0.516)
🔮 当前训练进度: 51.0% | 预计剩余时间: 31.7min | 完成时间: 19:26:45

🔂 回合 154/300 | 奖励: 443.8 | Actor损失: -0.4134| ⏱️  本轮用时: 12.1s (CPU采集: 11.2s, GPU更新: 0.9s)
📊 KPI - 总完工时间: 0.0min  | 设备利用率: 7.0% | 延期时间: 0.0min |  完成零件数: 0/33
🚥 回合评分: 0.514 (最佳: 0.516)
🔮 当前训练进度: 51.3% | 预计剩余时间: 31.5min | 完成时间: 19:27:07

🔂 回合 155/300 | 奖励: 450.1 | Actor损失: -0.4134| ⏱️  本轮用时: 11.9s (CPU采集: 11.0s, GPU更新: 0.9s)
📊 KPI - 总完工时间: 0.0min  | 设备利用率: 7.0% | 延期时间: 0.0min |  完成零件数: 0/33
🚥 回合评分: 0.514 (最佳: 0.516)
🔮 当前训练进度: 51.7% | 预计剩余时间: 31.3min | 完成时间: 19:27:29

🔂 回合 156/300 | 奖励: 458.3 | Actor损失: -0.4128| ⏱️  本轮用时: 12.0s (CPU采集: 11.1s, GPU更新: 0.9s)
📊 KPI - 总完工时间: 0.0min  | 设备利用率: 6.6% | 延期时间: 0.0min |  完成零件数: 0/33
🚥 回合评分: 0.513 (最佳: 0.516)
🔮 当前训练进度: 52.0% | 预计剩余时间: 31.0min | 完成时间: 19:27:51

🔂 回合 157/300 | 奖励: 457.5 | Actor损失: -0.4133| ⏱️  本轮用时: 11.9s (CPU采集: 11.1s, GPU更新: 0.9s)
📊 KPI - 总完工时间: 0.0min  | 设备利用率: 6.3% | 延期时间: 0.0min |  完成零件数: 0/33
🚥 回合评分: 0.513 (最佳: 0.516)
🔮 当前训练进度: 52.3% | 预计剩余时间: 30.8min | 完成时间: 19:28:13

🔂 回合 158/300 | 奖励: 452.0 | Actor损失: -0.4131| ⏱️  本轮用时: 12.0s (CPU采集: 11.1s, GPU更新: 0.9s)
📊 KPI - 总完工时间: 0.0min  | 设备利用率: 6.3% | 延期时间: 0.0min |  完成零件数: 0/33
🚥 回合评分: 0.513 (最佳: 0.516)
🔮 当前训练进度: 52.7% | 预计剩余时间: 30.6min | 完成时间: 19:28:36

🔂 回合 159/300 | 奖励: 458.9 | Actor损失: -0.4128| ⏱️  本轮用时: 12.2s (CPU采集: 11.3s, GPU更新: 0.9s)
📊 KPI - 总完工时间: 0.0min  | 设备利用率: 4.9% | 延期时间: 0.0min |  完成零件数: 0/33
🚥 回合评分: 0.510 (最佳: 0.516)
🔮 当前训练进度: 53.0% | 预计剩余时间: 30.3min | 完成时间: 19:28:59

🔂 回合 160/300 | 奖励: 453.0 | Actor损失: -0.4127| ⏱️  本轮用时: 12.2s (CPU采集: 11.4s, GPU更新: 0.9s)
📊 KPI - 总完工时间: 141.0min  | 设备利用率: 5.0% | 延期时间: 0.0min |  完成零件数: 3/33
🚥 回合评分: 0.467 (最佳: 0.516)
🔮 当前训练进度: 53.3% | 预计剩余时间: 30.1min | 完成时间: 19:29:22


============================================================
🎓 阶段 '稳定训练' 训练完成，开始毕业考试...
   考试目标: 23 零件 | 实际完成: 3.0 零件 (13.0%)
   ✅ 考试通过！进入下一阶段: '中级挑战'
============================================================

📚 [回合 161] 🔄 课程学习阶段切换!
   新阶段: 中级挑战
   订单比例: 0.7 (目标零件数: 23)
   时间比例: 1.5 (时间限制: 1800分钟)
   计划训练轮数: 25
   学习率调整: 1.70e-04 (适应新难度)
------------------------------------------------------------
📚 课程状态: 中级挑战 (0/25, 0.0%)
   当前难度: 23零件, 1.5x时间
📊 课程目标验证: 0.0/23 零件 (0.0%)
⚠️ 当前阶段表现不佳，可能需要调整参数!
🔂 回合 161/300 | 奖励: 458.3 | Actor损失: -0.4133| ⏱️  本轮用时: 46.4s (CPU采集: 11.2s, GPU更新: 0.9s)
📊 KPI - 总完工时间: 0.0min  | 设备利用率: 4.7% | 延期时间: 0.0min |  完成零件数: 0/33
🚥 回合评分: 0.509 (最佳: 0.516)
🔮 当前训练进度: 53.7% | 预计剩余时间: 30.4min | 完成时间: 19:30:48

🔂 回合 162/300 | 奖励: 453.6 | Actor损失: -0.4131| ⏱️  本轮用时: 11.8s (CPU采集: 10.9s, GPU更新: 0.9s)
📊 KPI - 总完工时间: 0.0min  | 设备利用率: 4.9% | 延期时间: 0.0min |  完成零件数: 0/33
🚥 回合评分: 0.510 (最佳: 0.516)
🔮 当前训练进度: 54.0% | 预计剩余时间: 30.1min | 完成时间: 19:31:10

🔂 回合 163/300 | 奖励: 450.9 | Actor损失: -0.4135| ⏱️  本轮用时: 12.3s (CPU采集: 11.3s, GPU更新: 1.0s)
📊 KPI - 总完工时间: 0.0min  | 设备利用率: 4.6% | 延期时间: 0.0min |  完成零件数: 0/33
🚥 回合评分: 0.509 (最佳: 0.516)
🔮 当前训练进度: 54.3% | 预计剩余时间: 29.9min | 完成时间: 19:31:33

🔂 回合 164/300 | 奖励: 447.5 | Actor损失: -0.4131| ⏱️  本轮用时: 12.0s (CPU采集: 11.1s, GPU更新: 0.9s)
📊 KPI - 总完工时间: 0.0min  | 设备利用率: 6.5% | 延期时间: 0.0min |  完成零件数: 0/33
🚥 回合评分: 0.513 (最佳: 0.516)
🔮 当前训练进度: 54.7% | 预计剩余时间: 29.7min | 完成时间: 19:31:54

🔂 回合 165/300 | 奖励: 450.2 | Actor损失: -0.4128| ⏱️  本轮用时: 11.9s (CPU采集: 11.0s, GPU更新: 0.9s)
📊 KPI - 总完工时间: 0.0min  | 设备利用率: 7.3% | 延期时间: 0.0min |  完成零件数: 0/33
🚥 回合评分: 0.515 (最佳: 0.516)
🔮 当前训练进度: 55.0% | 预计剩余时间: 29.4min | 完成时间: 19:32:16

🔂 回合 166/300 | 奖励: 453.7 | Actor损失: -0.4131| ⏱️  本轮用时: 11.9s (CPU采集: 11.1s, GPU更新: 0.8s)
📊 KPI - 总完工时间: 0.0min  | 设备利用率: 8.2% | 延期时间: 0.0min |  完成零件数: 0/33
🚥 回合评分: 0.516 (最佳: 0.516)✅ 模型已更新: 自定义ppo/ppo_models/best_ppo_model_20250823_172143_actor.keras
🔮 当前训练进度: 55.3% | 预计剩余时间: 29.2min | 完成时间: 19:32:39

🔂 回合 167/300 | 奖励: 450.2 | Actor损失: -0.4134| ⏱️  本轮用时: 11.9s (CPU采集: 11.1s, GPU更新: 0.9s)
📊 KPI - 总完工时间: 0.0min  | 设备利用率: 7.8% | 延期时间: 0.0min |  完成零件数: 0/33
🚥 回合评分: 0.516 (最佳: 0.516)
🔮 当前训练进度: 55.7% | 预计剩余时间: 29.0min | 完成时间: 19:33:00

🔂 回合 168/300 | 奖励: 454.0 | Actor损失: -0.4131| ⏱️  本轮用时: 11.9s (CPU采集: 10.9s, GPU更新: 0.9s)
📊 KPI - 总完工时间: 0.0min  | 设备利用率: 8.2% | 延期时间: 0.0min |  完成零件数: 0/33
🚥 回合评分: 0.516 (最佳: 0.516)
🔮 当前训练进度: 56.0% | 预计剩余时间: 28.7min | 完成时间: 19:33:22

🔂 回合 169/300 | 奖励: 460.8 | Actor损失: -0.4136| ⏱️  本轮用时: 11.8s (CPU采集: 10.9s, GPU更新: 0.9s)
📊 KPI - 总完工时间: 0.0min  | 设备利用率: 8.3% | 延期时间: 0.0min |  完成零件数: 0/33
🚥 回合评分: 0.517 (最佳: 0.517)✅ 模型已更新: 自定义ppo/ppo_models/best_ppo_model_20250823_172143_actor.keras
🔮 当前训练进度: 56.3% | 预计剩余时间: 28.5min | 完成时间: 19:33:43

🔂 回合 170/300 | 奖励: 451.3 | Actor损失: -0.4137| ⏱️  本轮用时: 11.9s (CPU采集: 11.0s, GPU更新: 0.9s)
📊 KPI - 总完工时间: 124.0min  | 设备利用率: 8.4% | 延期时间: 0.0min |  完成零件数: 1/33
🚥 回合评分: 0.464 (最佳: 0.517)
🔮 当前训练进度: 56.7% | 预计剩余时间: 28.3min | 完成时间: 19:34:06

📚 课程状态: 中级挑战 (10/25, 40.0%)
   当前难度: 23零件, 1.5x时间
📊 课程目标验证: 3.0/23 零件 (13.0%)
⚠️ 当前阶段表现不佳，可能需要调整参数!
🔂 回合 171/300 | 奖励: 451.5 | Actor损失: -0.4140| ⏱️  本轮用时: 11.7s (CPU采集: 10.9s, GPU更新: 0.9s)
📊 KPI - 总完工时间: 143.0min  | 设备利用率: 8.5% | 延期时间: 0.0min |  完成零件数: 3/33
🚥 回合评分: 0.473 (最佳: 0.517)
🔮 当前训练进度: 57.0% | 预计剩余时间: 28.0min | 完成时间: 19:34:27

🔂 回合 172/300 | 奖励: 443.5 | Actor损失: -0.4143| ⏱️  本轮用时: 11.7s (CPU采集: 10.8s, GPU更新: 0.9s)
📊 KPI - 总完工时间: 143.0min  | 设备利用率: 8.6% | 延期时间: 0.0min |  完成零件数: 3/33
🚥 回合评分: 0.473 (最佳: 0.517)
🔮 当前训练进度: 57.3% | 预计剩余时间: 27.8min | 完成时间: 19:34:49

🔂 回合 173/300 | 奖励: 449.3 | Actor损失: -0.4140| ⏱️  本轮用时: 11.7s (CPU采集: 10.8s, GPU更新: 0.8s)
📊 KPI - 总完工时间: 0.0min  | 设备利用率: 8.3% | 延期时间: 0.0min |  完成零件数: 0/33
🚥 回合评分: 0.517 (最佳: 0.517)
🔮 当前训练进度: 57.7% | 预计剩余时间: 27.6min | 完成时间: 19:35:10

🔂 回合 174/300 | 奖励: 449.6 | Actor损失: -0.4140| ⏱️  本轮用时: 11.9s (CPU采集: 11.0s, GPU更新: 0.9s)
📊 KPI - 总完工时间: 0.0min  | 设备利用率: 7.6% | 延期时间: 0.0min |  完成零件数: 0/33
🚥 回合评分: 0.515 (最佳: 0.517)
🔮 当前训练进度: 58.0% | 预计剩余时间: 27.3min | 完成时间: 19:35:31

🔂 回合 175/300 | 奖励: 450.4 | Actor损失: -0.4137| ⏱️  本轮用时: 12.0s (CPU采集: 11.1s, GPU更新: 0.9s)
📊 KPI - 总完工时间: 0.0min  | 设备利用率: 7.8% | 延期时间: 0.0min |  完成零件数: 0/33
🚥 回合评分: 0.516 (最佳: 0.517)
🔮 当前训练进度: 58.3% | 预计剩余时间: 27.1min | 完成时间: 19:35:53

🔂 回合 176/300 | 奖励: 460.3 | Actor损失: -0.4134| ⏱️  本轮用时: 11.8s (CPU采集: 11.0s, GPU更新: 0.8s)
📊 KPI - 总完工时间: 199.0min  | 设备利用率: 8.6% | 延期时间: 0.0min |  完成零件数: 4/33
🚥 回合评分: 0.454 (最佳: 0.517)
🔮 当前训练进度: 58.7% | 预计剩余时间: 26.9min | 完成时间: 19:36:15

🔂 回合 177/300 | 奖励: 456.2 | Actor损失: -0.4135| ⏱️  本轮用时: 11.7s (CPU采集: 10.8s, GPU更新: 0.9s)
📊 KPI - 总完工时间: 250.0min  | 设备利用率: 9.0% | 延期时间: 0.0min |  完成零件数: 10/33
🚥 回合评分: 0.484 (最佳: 0.517)
🔮 当前训练进度: 59.0% | 预计剩余时间: 26.7min | 完成时间: 19:36:36

🔂 回合 178/300 | 奖励: 442.9 | Actor损失: -0.4129| ⏱️  本轮用时: 11.6s (CPU采集: 10.8s, GPU更新: 0.8s)
📊 KPI - 总完工时间: 281.0min  | 设备利用率: 8.7% | 延期时间: 0.0min |  完成零件数: 10/33
🚥 回合评分: 0.468 (最佳: 0.517)
🔮 当前训练进度: 59.3% | 预计剩余时间: 26.4min | 完成时间: 19:36:57

🔂 回合 179/300 | 奖励: 455.8 | Actor损失: -0.4130| ⏱️  本轮用时: 11.6s (CPU采集: 10.7s, GPU更新: 0.9s)
📊 KPI - 总完工时间: 0.0min  | 设备利用率: 7.8% | 延期时间: 0.0min |  完成零件数: 0/33
🚥 回合评分: 0.516 (最佳: 0.517)
🔮 当前训练进度: 59.7% | 预计剩余时间: 26.2min | 完成时间: 19:37:18

🔂 回合 180/300 | 奖励: 454.5 | Actor损失: -0.4129| ⏱️  本轮用时: 11.8s (CPU采集: 10.9s, GPU更新: 0.9s)
📊 KPI - 总完工时间: 0.0min  | 设备利用率: 7.8% | 延期时间: 0.0min |  完成零件数: 0/33
🚥 回合评分: 0.516 (最佳: 0.517)
🔮 当前训练进度: 60.0% | 预计剩余时间: 26.0min | 完成时间: 19:37:39

📚 课程状态: 中级挑战 (20/25, 80.0%)
   当前难度: 23零件, 1.5x时间
📊 课程目标验证: 0.0/23 零件 (0.0%)
⚠️ 当前阶段表现不佳，可能需要调整参数!

============================================================
🎓 进行完整难度评估（100%订单，标准时间）...
🎯 完整难度评估结果:
   完成零件: 0.0/33 (0.0%)
   总完工时间: 0.0分钟
   设备利用率: 0.1%
📚 仍需更多训练!
============================================================

🔂 回合 181/300 | 奖励: 447.4 | Actor损失: -0.4135| ⏱️  本轮用时: 11.8s (CPU采集: 11.0s, GPU更新: 0.9s)
📊 KPI - 总完工时间: 0.0min  | 设备利用率: 7.8% | 延期时间: 0.0min |  完成零件数: 0/33
🚥 回合评分: 0.516 (最佳: 0.517)
🔮 当前训练进度: 60.3% | 预计剩余时间: 25.7min | 完成时间: 19:38:34

🔂 回合 182/300 | 奖励: 447.1 | Actor损失: -0.4132| ⏱️  本轮用时: 11.6s (CPU采集: 10.8s, GPU更新: 0.9s)
📊 KPI - 总完工时间: 0.0min  | 设备利用率: 6.4% | 延期时间: 0.0min |  完成零件数: 0/33
🚥 回合评分: 0.513 (最佳: 0.517)
🔮 当前训练进度: 60.7% | 预计剩余时间: 25.5min | 完成时间: 19:38:56

🔂 回合 183/300 | 奖励: 450.2 | Actor损失: -0.4132| ⏱️  本轮用时: 11.6s (CPU采集: 10.8s, GPU更新: 0.8s)
📊 KPI - 总完工时间: 0.0min  | 设备利用率: 6.6% | 延期时间: 0.0min |  完成零件数: 0/33
🚥 回合评分: 0.513 (最佳: 0.517)
🔮 当前训练进度: 61.0% | 预计剩余时间: 25.3min | 完成时间: 19:39:18

🔂 回合 184/300 | 奖励: 445.4 | Actor损失: -0.4135| ⏱️  本轮用时: 11.6s (CPU采集: 10.8s, GPU更新: 0.8s)
📊 KPI - 总完工时间: 132.0min  | 设备利用率: 6.0% | 延期时间: 0.0min |  完成零件数: 1/33
🚥 回合评分: 0.455 (最佳: 0.517)
🔮 当前训练进度: 61.3% | 预计剩余时间: 25.0min | 完成时间: 19:39:40

🔂 回合 185/300 | 奖励: 451.7 | Actor损失: -0.4133| ⏱️  本轮用时: 11.6s (CPU采集: 10.8s, GPU更新: 0.8s)
📊 KPI - 总完工时间: 132.0min  | 设备利用率: 5.4% | 延期时间: 0.0min |  完成零件数: 1/33
🚥 回合评分: 0.454 (最佳: 0.517)
🔮 当前训练进度: 61.7% | 预计剩余时间: 24.8min | 完成时间: 19:40:01


============================================================
🎓 阶段 '中级挑战' 训练完成，开始毕业考试...
   考试目标: 28 零件 | 实际完成: 1.0 零件 (3.6%)
   ❌ 考试未通过。当前阶段延长10轮训练。
============================================================

🔂 回合 186/300 | 奖励: 456.3 | Actor损失: -0.4128| ⏱️  本轮用时: 45.1s (CPU采集: 10.7s, GPU更新: 0.9s)
📊 KPI - 总完工时间: 0.0min  | 设备利用率: 5.3% | 延期时间: 0.0min |  完成零件数: 0/33
🚥 回合评分: 0.511 (最佳: 0.517)
🔮 当前训练进度: 62.0% | 预计剩余时间: 24.9min | 完成时间: 19:41:16

🔂 回合 187/300 | 奖励: 454.0 | Actor损失: -0.4128| ⏱️  本轮用时: 11.6s (CPU采集: 10.8s, GPU更新: 0.9s)
📊 KPI - 总完工时间: 0.0min  | 设备利用率: 5.0% | 延期时间: 0.0min |  完成零件数: 0/33
🚥 回合评分: 0.510 (最佳: 0.517)
🔮 当前训练进度: 62.3% | 预计剩余时间: 24.7min | 完成时间: 19:41:38

🔂 回合 188/300 | 奖励: 458.5 | Actor损失: -0.4126| ⏱️  本轮用时: 11.4s (CPU采集: 10.6s, GPU更新: 0.8s)
📊 KPI - 总完工时间: 0.0min  | 设备利用率: 3.3% | 延期时间: 0.0min |  完成零件数: 0/33
🚥 回合评分: 0.507 (最佳: 0.517)
🔮 当前训练进度: 62.7% | 预计剩余时间: 24.5min | 完成时间: 19:41:58

🔂 回合 189/300 | 奖励: 451.6 | Actor损失: -0.4130| ⏱️  本轮用时: 11.6s (CPU采集: 10.8s, GPU更新: 0.9s)
📊 KPI - 总完工时间: 0.0min  | 设备利用率: 3.8% | 延期时间: 0.0min |  完成零件数: 0/33
🚥 回合评分: 0.508 (最佳: 0.517)
🔮 当前训练进度: 63.0% | 预计剩余时间: 24.2min | 完成时间: 19:42:21

🔂 回合 190/300 | 奖励: 446.8 | Actor损失: -0.4131| ⏱️  本轮用时: 11.7s (CPU采集: 10.8s, GPU更新: 0.9s)
📊 KPI - 总完工时间: 0.0min  | 设备利用率: 3.8% | 延期时间: 0.0min |  完成零件数: 0/33
🚥 回合评分: 0.508 (最佳: 0.517)
🔮 当前训练进度: 63.3% | 预计剩余时间: 24.0min | 完成时间: 19:42:42

📚 课程状态: 中级挑战 (30/35, 85.7%)
   当前难度: 23零件, 1.5x时间
📊 课程目标验证: 0.0/23 零件 (0.0%)
⚠️ 当前阶段表现不佳，可能需要调整参数!
🔂 回合 191/300 | 奖励: 455.1 | Actor损失: -0.4135| ⏱️  本轮用时: 11.7s (CPU采集: 10.8s, GPU更新: 0.9s)
📊 KPI - 总完工时间: 0.0min  | 设备利用率: 1.7% | 延期时间: 0.0min |  完成零件数: 0/33
🚥 回合评分: 0.503 (最佳: 0.517)
🔮 当前训练进度: 63.7% | 预计剩余时间: 23.8min | 完成时间: 19:43:05

🔂 回合 192/300 | 奖励: 449.7 | Actor损失: -0.4132| ⏱️  本轮用时: 11.8s (CPU采集: 10.9s, GPU更新: 0.8s)
📊 KPI - 总完工时间: 0.0min  | 设备利用率: 0.1% | 延期时间: 0.0min |  完成零件数: 0/33
🚥 回合评分: 0.500 (最佳: 0.517)
🔮 当前训练进度: 64.0% | 预计剩余时间: 23.5min | 完成时间: 19:43:26

🔂 回合 193/300 | 奖励: 449.4 | Actor损失: -0.4132| ⏱️  本轮用时: 11.6s (CPU采集: 10.7s, GPU更新: 0.9s)
📊 KPI - 总完工时间: 0.0min  | 设备利用率: 0.1% | 延期时间: 0.0min |  完成零件数: 0/33
🚥 回合评分: 0.500 (最佳: 0.517)
🔮 当前训练进度: 64.3% | 预计剩余时间: 23.3min | 完成时间: 19:43:47

🔂 回合 194/300 | 奖励: 463.2 | Actor损失: -0.4128| ⏱️  本轮用时: 11.6s (CPU采集: 10.7s, GPU更新: 0.9s)
📊 KPI - 总完工时间: 0.0min  | 设备利用率: 0.1% | 延期时间: 0.0min |  完成零件数: 0/33
🚥 回合评分: 0.500 (最佳: 0.517)
🔮 当前训练进度: 64.7% | 预计剩余时间: 23.1min | 完成时间: 19:44:07

🔂 回合 195/300 | 奖励: 451.0 | Actor损失: -0.4132| ⏱️  本轮用时: 11.5s (CPU采集: 10.6s, GPU更新: 0.8s)
📊 KPI - 总完工时间: 0.0min  | 设备利用率: 0.1% | 延期时间: 0.0min |  完成零件数: 0/33
🚥 回合评分: 0.500 (最佳: 0.517)
🔮 当前训练进度: 65.0% | 预计剩余时间: 22.8min | 完成时间: 19:44:26


============================================================
🎓 阶段 '中级挑战' 训练完成，开始毕业考试...
   考试目标: 28 零件 | 实际完成: 0.0 零件 (0.0%)
   ❌ 考试未通过。当前阶段延长10轮训练。
============================================================

🔂 回合 196/300 | 奖励: 463.7 | Actor损失: -0.4130| ⏱️  本轮用时: 46.3s (CPU采集: 11.0s, GPU更新: 0.9s)
📊 KPI - 总完工时间: 0.0min  | 设备利用率: 1.2% | 延期时间: 0.0min |  完成零件数: 0/33
🚥 回合评分: 0.502 (最佳: 0.517)
🔮 当前训练进度: 65.3% | 预计剩余时间: 22.9min | 完成时间: 19:45:40

🔂 回合 197/300 | 奖励: 449.4 | Actor损失: -0.4131| ⏱️  本轮用时: 11.8s (CPU采集: 10.9s, GPU更新: 0.9s)
📊 KPI - 总完工时间: 0.0min  | 设备利用率: 0.0% | 延期时间: 0.0min |  完成零件数: 0/33
🚥 回合评分: 0.500 (最佳: 0.517)
🔮 当前训练进度: 65.7% | 预计剩余时间: 22.7min | 完成时间: 19:46:00

🔂 回合 198/300 | 奖励: 451.9 | Actor损失: -0.4132| ⏱️  本轮用时: 12.0s (CPU采集: 11.0s, GPU更新: 0.9s)
📊 KPI - 总完工时间: 0.0min  | 设备利用率: 0.0% | 延期时间: 0.0min |  完成零件数: 0/33
🚥 回合评分: 0.500 (最佳: 0.517)
🔮 当前训练进度: 66.0% | 预计剩余时间: 22.4min | 完成时间: 19:46:22

🔂 回合 199/300 | 奖励: 443.8 | Actor损失: -0.4131| ⏱️  本轮用时: 11.8s (CPU采集: 10.9s, GPU更新: 0.9s)
📊 KPI - 总完工时间: 0.0min  | 设备利用率: 0.0% | 延期时间: 0.0min |  完成零件数: 0/33
🚥 回合评分: 0.500 (最佳: 0.517)
🔮 当前训练进度: 66.3% | 预计剩余时间: 22.2min | 完成时间: 19:46:43

🔂 回合 200/300 | 奖励: 447.6 | Actor损失: -0.4130| ⏱️  本轮用时: 11.8s (CPU采集: 10.9s, GPU更新: 0.9s)
📊 KPI - 总完工时间: 0.0min  | 设备利用率: 0.0% | 延期时间: 0.0min |  完成零件数: 0/33
🚥 回合评分: 0.500 (最佳: 0.517)
🔮 当前训练进度: 66.7% | 预计剩余时间: 22.0min | 完成时间: 19:47:03

📚 课程状态: 中级挑战 (40/45, 88.9%)
   当前难度: 23零件, 1.5x时间
📊 课程目标验证: 0.0/23 零件 (0.0%)
⚠️ 当前阶段表现不佳，可能需要调整参数!
🔂 回合 201/300 | 奖励: 449.4 | Actor损失: -0.4129| ⏱️  本轮用时: 11.8s (CPU采集: 11.0s, GPU更新: 0.9s)
📊 KPI - 总完工时间: 0.0min  | 设备利用率: 0.0% | 延期时间: 0.0min |  完成零件数: 0/33
🚥 回合评分: 0.500 (最佳: 0.517)
🔮 当前训练进度: 67.0% | 预计剩余时间: 21.8min | 完成时间: 19:47:25

🔂 回合 202/300 | 奖励: 453.9 | Actor损失: -0.4129| ⏱️  本轮用时: 11.8s (CPU采集: 10.9s, GPU更新: 0.9s)
📊 KPI - 总完工时间: 0.0min  | 设备利用率: 0.0% | 延期时间: 0.0min |  完成零件数: 0/33
🚥 回合评分: 0.500 (最佳: 0.517)
🔮 当前训练进度: 67.3% | 预计剩余时间: 21.5min | 完成时间: 19:47:45

🔂 回合 203/300 | 奖励: 455.6 | Actor损失: -0.4134| ⏱️  本轮用时: 11.9s (CPU采集: 11.0s, GPU更新: 0.9s)
📊 KPI - 总完工时间: 0.0min  | 设备利用率: 0.0% | 延期时间: 0.0min |  完成零件数: 0/33
🚥 回合评分: 0.500 (最佳: 0.517)
🔮 当前训练进度: 67.7% | 预计剩余时间: 21.3min | 完成时间: 19:48:07

🔂 回合 204/300 | 奖励: 444.0 | Actor损失: -0.4129| ⏱️  本轮用时: 11.7s (CPU采集: 10.8s, GPU更新: 0.9s)
📊 KPI - 总完工时间: 0.0min  | 设备利用率: 0.1% | 延期时间: 0.0min |  完成零件数: 0/33
🚥 回合评分: 0.500 (最佳: 0.517)
🔮 当前训练进度: 68.0% | 预计剩余时间: 21.1min | 完成时间: 19:48:28

