🏭 W工厂订单思维革命PPO训练系统 V12 (性能极限版)
🎯 V12 核心升级: 提升神经网络容量，充分利用RTX 3080 Ti算力
🚀 V10性能革命: 采用安全的Spawn模式实现稳定的CPU并行加速
💾 安全特性: 自动内存监控 + 垃圾回收 + 检查点保存 + 动态网络调整
================================================================================
💻 系统资源检测:
   CPU核心数: 256
   总内存: 503.4GB
   可用内存: 409.9GB
   GPU可用: ❌
🔧 V7高性能模式: TensorFlow使用24个inter线程, 48个intra线程
🚀 CPU优化: 充分利用256核心处理器
🔧 V9 CPU并行优化: 将使用 32 个并行环境进行数据采集 (智能调节)
🔧 环境空间检测:
   观测维度: 15
   动作维度: 4
   智能体数量: 5
✅ 充足内存模式: 性能完全释放，使用完整训练规模！
📊 TensorBoard日志已启用: 自定义ppo/tensorboard_logs/20250823_212618
    使用命令: tensorboard --logdir=自定义ppo/tensorboard_logs/20250823_212618
✅ 充足内存模式: 性能完全释放，使用完整训练规模！
🚀 开始PPO训练 (V16 课程学习增强版)
📊 训练参数: 300回合, 每回合1500步
💻 系统配置: 503.4GB内存, GPU=❌
📚 课程学习已启用，共6个阶段:
   阶段1: 效率入门 - 50轮，订单20%
   阶段2: 效率基础 - 40轮，订单30%
   阶段3: 效率强化 - 30轮，订单50%
   阶段4: 中级挑战 - 25轮，订单70%
   阶段5: 高级训练 - 20轮，订单85%
   阶段6: 完整挑战 - 15轮，订单100%
================================================================================
🔧 V8配置挑战性验证:
   总零件数: 33
   总加工时间: 1652.0分钟
   理论最短完工时间: 413.0分钟
   仿真时间限制: 600分钟
   ⚠️  环境具有中等挑战性 (理论完工时间占仿真时间68.8%)
   🔍 瓶颈工作站: 五轴加工中心 (负荷: 413.0分钟)
配置文件验证通过！
🕐 训练开始时间: 2025-08-23 21:26:18
================================================================================
📚 [回合 1] 🔄 课程学习阶段切换!
   新阶段: 效率入门
   订单比例: 0.2 (目标零件数: 6)
   时间比例: 1.8 (时间限制: 2160分钟)
   计划训练轮数: 50
------------------------------------------------------------
📚 课程状态: 效率入门 (0/50, 0.0%)
   当前难度: 6零件, 1.8x时间
📊 课程目标验证: 1.0/6 零件 (16.7%)
⚠️ 当前阶段表现不佳，可能需要调整参数!
🔂 回合   1/300 | 奖励: 319.2 | Actor损失: -0.4185| ⏱️  本轮用时: 11.9s (CPU采集: 10.7s, GPU更新: 1.2s)
📊 KPI - 总完工时间: 617.0min  | 设备利用率: 2.5% | 延期时间: 77.0min |  完成零件数: 1/33
🚥 回合评分: 0.240 (最佳: 0.240)✅ 模型已更新: 自定义ppo/ppo_models/best_ppo_model_20250823_212618_actor.keras
🔮 当前训练进度: 0.3% | 预计剩余时间: 59.3min | 完成时间: 22:26:10

🔂 回合   2/300 | 奖励: 319.2 | Actor损失: -0.4163| ⏱️  本轮用时: 11.2s (CPU采集: 10.3s, GPU更新: 0.9s)
📊 KPI - 总完工时间: 0.0min  | 设备利用率: 1.2% | 延期时间: 0.0min |  完成零件数: 0/33
🚥 回合评分: 0.000 (最佳: 0.240)
🔮 当前训练进度: 0.7% | 预计剩余时间: 57.3min | 完成时间: 22:24:43

🔂 回合   3/300 | 奖励: 315.8 | Actor损失: -0.4147| ⏱️  本轮用时: 11.4s (CPU采集: 10.5s, GPU更新: 0.9s)
📊 KPI - 总完工时间: 0.0min  | 设备利用率: 1.2% | 延期时间: 0.0min |  完成零件数: 0/33
🚥 回合评分: 0.000 (最佳: 0.240)
🔮 当前训练进度: 1.0% | 预计剩余时间: 56.9min | 完成时间: 22:24:51

🔂 回合   4/300 | 奖励: 322.1 | Actor损失: -0.4154| ⏱️  本轮用时: 11.5s (CPU采集: 10.6s, GPU更新: 0.9s)
📊 KPI - 总完工时间: 738.0min  | 设备利用率: 3.0% | 延期时间: 18.0min |  完成零件数: 1/33
🚥 回合评分: 0.252 (最佳: 0.252)✅ 模型已更新: 自定义ppo/ppo_models/best_ppo_model_20250823_212618_actor.keras
🔮 当前训练进度: 1.3% | 预计剩余时间: 56.6min | 完成时间: 22:25:12

🔂 回合   5/300 | 奖励: 325.3 | Actor损失: -0.4154| ⏱️  本轮用时: 11.1s (CPU采集: 10.3s, GPU更新: 0.8s)
📊 KPI - 总完工时间: 0.0min  | 设备利用率: 1.9% | 延期时间: 0.0min |  完成零件数: 0/33
🚥 回合评分: 0.000 (最佳: 0.252)
🔮 当前训练进度: 1.7% | 预计剩余时间: 56.1min | 完成时间: 22:25:14

🔂 回合   6/300 | 奖励: 327.3 | Actor损失: -0.4157| ⏱️  本轮用时: 11.3s (CPU采集: 10.4s, GPU更新: 0.8s)
📊 KPI - 总完工时间: 0.0min  | 设备利用率: 0.0% | 延期时间: 0.0min |  完成零件数: 0/33
🚥 回合评分: 0.000 (最佳: 0.252)
🔮 当前训练进度: 2.0% | 预计剩余时间: 55.8min | 完成时间: 22:25:30

🔂 回合   7/300 | 奖励: 317.2 | Actor损失: -0.4155| ⏱️  本轮用时: 11.3s (CPU采集: 10.4s, GPU更新: 0.9s)
📊 KPI - 总完工时间: 150.0min  | 设备利用率: 3.0% | 延期时间: 0.0min |  完成零件数: 1/33
🚥 回合评分: 0.481 (最佳: 0.481)✅ 模型已更新: 自定义ppo/ppo_models/best_ppo_model_20250823_212618_actor.keras
🔮 当前训练进度: 2.3% | 预计剩余时间: 55.5min | 完成时间: 22:25:48

🔂 回合   8/300 | 奖励: 318.6 | Actor损失: -0.4149| ⏱️  本轮用时: 11.3s (CPU采集: 10.4s, GPU更新: 0.9s)
📊 KPI - 总完工时间: 653.0min  | 设备利用率: 3.0% | 延期时间: 0.0min |  完成零件数: 1/33
🚥 回合评分: 0.256 (最佳: 0.481)
🔮 当前训练进度: 2.7% | 预计剩余时间: 55.3min | 完成时间: 22:26:06

🔂 回合   9/300 | 奖励: 323.4 | Actor损失: -0.4159| ⏱️  本轮用时: 11.2s (CPU采集: 10.4s, GPU更新: 0.8s)
📊 KPI - 总完工时间: 0.0min  | 设备利用率: 0.0% | 延期时间: 0.0min |  完成零件数: 0/33
🚥 回合评分: 0.000 (最佳: 0.481)
🔮 当前训练进度: 3.0% | 预计剩余时间: 55.0min | 完成时间: 22:26:22

🔂 回合  10/300 | 奖励: 317.4 | Actor损失: -0.4148| ⏱️  本轮用时: 11.3s (CPU采集: 10.4s, GPU更新: 0.9s)
📊 KPI - 总完工时间: 0.0min  | 设备利用率: 0.0% | 延期时间: 0.0min |  完成零件数: 0/33
🚥 回合评分: 0.000 (最佳: 0.481)
🔮 当前训练进度: 3.3% | 预计剩余时间: 54.8min | 完成时间: 22:26:42

📚 课程状态: 效率入门 (10/50, 20.0%)
   当前难度: 6零件, 1.8x时间
📊 课程目标验证: 0.0/6 零件 (0.0%)
⚠️ 当前阶段表现不佳，可能需要调整参数!
🔂 回合  11/300 | 奖励: 321.1 | Actor损失: -0.4150| ⏱️  本轮用时: 11.3s (CPU采集: 10.5s, GPU更新: 0.9s)
📊 KPI - 总完工时间: 0.0min  | 设备利用率: 0.0% | 延期时间: 0.0min |  完成零件数: 0/33
🚥 回合评分: 0.000 (最佳: 0.481)
🔮 当前训练进度: 3.7% | 预计剩余时间: 54.6min | 完成时间: 22:27:04

🔂 回合  12/300 | 奖励: 311.9 | Actor损失: -0.4141| ⏱️  本轮用时: 11.1s (CPU采集: 10.2s, GPU更新: 0.9s)
📊 KPI - 总完工时间: 0.0min  | 设备利用率: 0.2% | 延期时间: 0.0min |  完成零件数: 0/33
🚥 回合评分: 0.000 (最佳: 0.481)
🔮 当前训练进度: 4.0% | 预计剩余时间: 54.3min | 完成时间: 22:27:22

🔂 回合  13/300 | 奖励: 323.8 | Actor损失: -0.4153| ⏱️  本轮用时: 11.4s (CPU采集: 10.5s, GPU更新: 0.8s)
📊 KPI - 总完工时间: 0.0min  | 设备利用率: 2.7% | 延期时间: 0.0min |  完成零件数: 0/33
🚥 回合评分: 0.000 (最佳: 0.481)
🔮 当前训练进度: 4.3% | 预计剩余时间: 54.2min | 完成时间: 22:27:45

🔂 回合  14/300 | 奖励: 321.2 | Actor损失: -0.4146| ⏱️  本轮用时: 11.2s (CPU采集: 10.4s, GPU更新: 0.9s)
📊 KPI - 总完工时间: 0.0min  | 设备利用率: 1.0% | 延期时间: 0.0min |  完成零件数: 0/33
🚥 回合评分: 0.000 (最佳: 0.481)
🔮 当前训练进度: 4.7% | 预计剩余时间: 53.9min | 完成时间: 22:28:05

🔂 回合  15/300 | 奖励: 318.2 | Actor损失: -0.4148| ⏱️  本轮用时: 11.2s (CPU采集: 10.3s, GPU更新: 0.9s)
📊 KPI - 总完工时间: 0.0min  | 设备利用率: 1.2% | 延期时间: 0.0min |  完成零件数: 0/33
🚥 回合评分: 0.000 (最佳: 0.481)
🔮 当前训练进度: 5.0% | 预计剩余时间: 53.7min | 完成时间: 22:28:25

🔂 回合  16/300 | 奖励: 323.4 | Actor损失: -0.4155| ⏱️  本轮用时: 11.3s (CPU采集: 10.4s, GPU更新: 0.8s)
📊 KPI - 总完工时间: 0.0min  | 设备利用率: 1.7% | 延期时间: 0.0min |  完成零件数: 0/33
🚥 回合评分: 0.000 (最佳: 0.481)
🔮 当前训练进度: 5.3% | 预计剩余时间: 53.5min | 完成时间: 22:28:46

🔂 回合  17/300 | 奖励: 326.2 | Actor损失: -0.4144| ⏱️  本轮用时: 11.2s (CPU采集: 10.4s, GPU更新: 0.9s)
📊 KPI - 总完工时间: 0.0min  | 设备利用率: 1.2% | 延期时间: 0.0min |  完成零件数: 0/33
🚥 回合评分: 0.000 (最佳: 0.481)
🔮 当前训练进度: 5.7% | 预计剩余时间: 53.3min | 完成时间: 22:29:07

🔂 回合  18/300 | 奖励: 321.4 | Actor损失: -0.4133| ⏱️  本轮用时: 11.1s (CPU采集: 10.3s, GPU更新: 0.8s)
📊 KPI - 总完工时间: 0.0min  | 设备利用率: 0.0% | 延期时间: 0.0min |  完成零件数: 0/33
🚥 回合评分: 0.000 (最佳: 0.481)
🔮 当前训练进度: 6.0% | 预计剩余时间: 53.1min | 完成时间: 22:29:26

🔂 回合  19/300 | 奖励: 323.7 | Actor损失: -0.4138| ⏱️  本轮用时: 11.1s (CPU采集: 10.2s, GPU更新: 0.9s)
📊 KPI - 总完工时间: 0.0min  | 设备利用率: 0.9% | 延期时间: 0.0min |  完成零件数: 0/33
🚥 回合评分: 0.000 (最佳: 0.481)
🔮 当前训练进度: 6.3% | 预计剩余时间: 52.8min | 完成时间: 22:29:45

🔂 回合  20/300 | 奖励: 324.2 | Actor损失: -0.4129| ⏱️  本轮用时: 11.0s (CPU采集: 10.2s, GPU更新: 0.8s)
📊 KPI - 总完工时间: 0.0min  | 设备利用率: 0.0% | 延期时间: 0.0min |  完成零件数: 0/33
🚥 回合评分: 0.000 (最佳: 0.481)
🔮 当前训练进度: 6.7% | 预计剩余时间: 52.6min | 完成时间: 22:30:01

📚 课程状态: 效率入门 (20/50, 40.0%)
   当前难度: 6零件, 1.8x时间
📊 课程目标验证: 0.0/6 零件 (0.0%)
⚠️ 当前阶段表现不佳，可能需要调整参数!
🔂 回合  21/300 | 奖励: 321.8 | Actor损失: -0.4112| ⏱️  本轮用时: 11.1s (CPU采集: 10.2s, GPU更新: 0.9s)
📊 KPI - 总完工时间: 0.0min  | 设备利用率: 0.0% | 延期时间: 0.0min |  完成零件数: 0/33
🚥 回合评分: 0.000 (最佳: 0.481)
🔮 当前训练进度: 7.0% | 预计剩余时间: 52.3min | 完成时间: 22:30:20

🔂 回合  22/300 | 奖励: 326.1 | Actor损失: -0.4130| ⏱️  本轮用时: 11.1s (CPU采集: 10.3s, GPU更新: 0.9s)
📊 KPI - 总完工时间: 0.0min  | 设备利用率: 1.2% | 延期时间: 0.0min |  完成零件数: 0/33
🚥 回合评分: 0.000 (最佳: 0.481)
🔮 当前训练进度: 7.3% | 预计剩余时间: 52.1min | 完成时间: 22:30:40

🔂 回合  23/300 | 奖励: 327.5 | Actor损失: -0.4120| ⏱️  本轮用时: 11.5s (CPU采集: 10.6s, GPU更新: 0.9s)
📊 KPI - 总完工时间: 0.0min  | 设备利用率: 1.2% | 延期时间: 0.0min |  完成零件数: 0/33
🚥 回合评分: 0.000 (最佳: 0.481)
🔮 当前训练进度: 7.7% | 预计剩余时间: 52.0min | 完成时间: 22:31:04

🔂 回合  24/300 | 奖励: 326.4 | Actor损失: -0.4142| ⏱️  本轮用时: 11.4s (CPU采集: 10.5s, GPU更新: 0.9s)
📊 KPI - 总完工时间: 0.0min  | 设备利用率: 0.0% | 延期时间: 0.0min |  完成零件数: 0/33
🚥 回合评分: 0.000 (最佳: 0.481)
🔮 当前训练进度: 8.0% | 预计剩余时间: 51.8min | 完成时间: 22:31:27

🔂 回合  25/300 | 奖励: 323.0 | Actor损失: -0.4147| ⏱️  本轮用时: 11.4s (CPU采集: 10.5s, GPU更新: 0.9s)
📊 KPI - 总完工时间: 0.0min  | 设备利用率: 0.0% | 延期时间: 0.0min |  完成零件数: 0/33
🚥 回合评分: 0.000 (最佳: 0.481)
🔮 当前训练进度: 8.3% | 预计剩余时间: 51.7min | 完成时间: 22:31:50

🔂 回合  26/300 | 奖励: 319.0 | Actor损失: -0.4150| ⏱️  本轮用时: 11.2s (CPU采集: 10.3s, GPU更新: 0.9s)
📊 KPI - 总完工时间: 0.0min  | 设备利用率: 1.7% | 延期时间: 0.0min |  完成零件数: 0/33
🚥 回合评分: 0.000 (最佳: 0.481)
🔮 当前训练进度: 8.7% | 预计剩余时间: 51.5min | 完成时间: 22:32:11

🔂 回合  27/300 | 奖励: 323.4 | Actor损失: -0.4146| ⏱️  本轮用时: 11.5s (CPU采集: 10.6s, GPU更新: 0.9s)
📊 KPI - 总完工时间: 0.0min  | 设备利用率: 1.0% | 延期时间: 0.0min |  完成零件数: 0/33
🚥 回合评分: 0.000 (最佳: 0.481)
🔮 当前训练进度: 9.0% | 预计剩余时间: 51.3min | 完成时间: 22:32:36

🔂 回合  28/300 | 奖励: 324.7 | Actor损失: -0.4148| ⏱️  本轮用时: 11.2s (CPU采集: 10.3s, GPU更新: 0.9s)
📊 KPI - 总完工时间: 0.0min  | 设备利用率: 0.0% | 延期时间: 0.0min |  完成零件数: 0/33
🚥 回合评分: 0.000 (最佳: 0.481)
🔮 当前训练进度: 9.3% | 预计剩余时间: 51.1min | 完成时间: 22:32:57

🔂 回合  29/300 | 奖励: 327.2 | Actor损失: -0.4103| ⏱️  本轮用时: 11.3s (CPU采集: 10.4s, GPU更新: 0.9s)
📊 KPI - 总完工时间: 0.0min  | 设备利用率: 0.0% | 延期时间: 0.0min |  完成零件数: 0/33
🚥 回合评分: 0.000 (最佳: 0.481)
🔮 当前训练进度: 9.7% | 预计剩余时间: 50.9min | 完成时间: 22:33:19

🔂 回合  30/300 | 奖励: 327.6 | Actor损失: -0.4121| ⏱️  本轮用时: 11.3s (CPU采集: 10.4s, GPU更新: 0.9s)
📊 KPI - 总完工时间: 0.0min  | 设备利用率: 2.3% | 延期时间: 0.0min |  完成零件数: 0/33
🚥 回合评分: 0.000 (最佳: 0.481)
🔮 当前训练进度: 10.0% | 预计剩余时间: 50.7min | 完成时间: 22:33:42

📚 课程状态: 效率入门 (30/50, 60.0%)
   当前难度: 6零件, 1.8x时间
📊 课程目标验证: 1.0/6 零件 (16.7%)
⚠️ 当前阶段表现不佳，可能需要调整参数!

============================================================
🎓 进行完整难度评估（100%订单，标准时间）...
🎯 完整难度评估结果:
   完成零件: 15.0/33 (45.5%)
   总完工时间: 259.0分钟
   设备利用率: 0.1%
📈 进步中！继续努力!
============================================================

🔂 回合  31/300 | 奖励: 327.4 | Actor损失: -0.4131| ⏱️  本轮用时: 11.4s (CPU采集: 10.6s, GPU更新: 0.9s)
📊 KPI - 总完工时间: 150.0min  | 设备利用率: 3.0% | 延期时间: 0.0min |  完成零件数: 1/33
🚥 回合评分: 0.481 (最佳: 0.481)
🔮 当前训练进度: 10.3% | 预计剩余时间: 50.6min | 完成时间: 22:34:37

🔂 回合  32/300 | 奖励: 326.9 | Actor损失: -0.4133| ⏱️  本轮用时: 11.2s (CPU采集: 10.3s, GPU更新: 0.8s)
📊 KPI - 总完工时间: 651.0min  | 设备利用率: 3.0% | 延期时间: 0.0min |  完成零件数: 1/33
🚥 回合评分: 0.256 (最佳: 0.481)
🔮 当前训练进度: 10.7% | 预计剩余时间: 50.4min | 完成时间: 22:34:58

🔂 回合  33/300 | 奖励: 328.6 | Actor损失: -0.4129| ⏱️  本轮用时: 11.2s (CPU采集: 10.4s, GPU更新: 0.9s)
📊 KPI - 总完工时间: 0.0min  | 设备利用率: 0.0% | 延期时间: 0.0min |  完成零件数: 0/33
🚥 回合评分: 0.000 (最佳: 0.481)
🔮 当前训练进度: 11.0% | 预计剩余时间: 50.2min | 完成时间: 22:35:19

🔂 回合  34/300 | 奖励: 329.9 | Actor损失: -0.4125| ⏱️  本轮用时: 11.1s (CPU采集: 10.3s, GPU更新: 0.9s)
📊 KPI - 总完工时间: 0.0min  | 设备利用率: 0.3% | 延期时间: 0.0min |  完成零件数: 0/33
🚥 回合评分: 0.000 (最佳: 0.481)
🔮 当前训练进度: 11.3% | 预计剩余时间: 50.0min | 完成时间: 22:35:40

🔂 回合  35/300 | 奖励: 332.1 | Actor损失: -0.4141| ⏱️  本轮用时: 11.2s (CPU采集: 10.4s, GPU更新: 0.9s)
📊 KPI - 总完工时间: 0.0min  | 设备利用率: 1.0% | 延期时间: 0.0min |  完成零件数: 0/33
🚥 回合评分: 0.000 (最佳: 0.481)
🔮 当前训练进度: 11.7% | 预计剩余时间: 49.8min | 完成时间: 22:36:02

🔂 回合  36/300 | 奖励: 328.4 | Actor损失: -0.4135| ⏱️  本轮用时: 11.4s (CPU采集: 10.5s, GPU更新: 0.9s)
📊 KPI - 总完工时间: 0.0min  | 设备利用率: 2.3% | 延期时间: 0.0min |  完成零件数: 0/33
🚥 回合评分: 0.000 (最佳: 0.481)
🔮 当前训练进度: 12.0% | 预计剩余时间: 49.6min | 完成时间: 22:36:24

🔂 回合  37/300 | 奖励: 333.7 | Actor损失: -0.4148| ⏱️  本轮用时: 11.4s (CPU采集: 10.5s, GPU更新: 0.9s)
📊 KPI - 总完工时间: 0.0min  | 设备利用率: 2.9% | 延期时间: 0.0min |  完成零件数: 0/33
🚥 回合评分: 0.000 (最佳: 0.481)
🔮 当前训练进度: 12.3% | 预计剩余时间: 49.4min | 完成时间: 22:36:47

🔂 回合  38/300 | 奖励: 334.3 | Actor损失: -0.4142| ⏱️  本轮用时: 11.3s (CPU采集: 10.4s, GPU更新: 0.8s)
📊 KPI - 总完工时间: 0.0min  | 设备利用率: 2.7% | 延期时间: 0.0min |  完成零件数: 0/33
🚥 回合评分: 0.000 (最佳: 0.481)
🔮 当前训练进度: 12.7% | 预计剩余时间: 49.2min | 完成时间: 22:37:09

🔂 回合  39/300 | 奖励: 333.2 | Actor损失: -0.4145| ⏱️  本轮用时: 11.6s (CPU采集: 10.7s, GPU更新: 0.9s)
📊 KPI - 总完工时间: 0.0min  | 设备利用率: 1.5% | 延期时间: 0.0min |  完成零件数: 0/33
🚥 回合评分: 0.000 (最佳: 0.481)
🔮 当前训练进度: 13.0% | 预计剩余时间: 49.1min | 完成时间: 22:37:33

🔂 回合  40/300 | 奖励: 330.3 | Actor损失: -0.4145| ⏱️  本轮用时: 11.4s (CPU采集: 10.6s, GPU更新: 0.9s)
📊 KPI - 总完工时间: 0.0min  | 设备利用率: 1.0% | 延期时间: 0.0min |  完成零件数: 0/33
🚥 回合评分: 0.000 (最佳: 0.481)
🔮 当前训练进度: 13.3% | 预计剩余时间: 48.9min | 完成时间: 22:37:57

📚 课程状态: 效率入门 (40/50, 80.0%)
   当前难度: 6零件, 1.8x时间
📊 课程目标验证: 0.0/6 零件 (0.0%)
⚠️ 当前阶段表现不佳，可能需要调整参数!
🔂 回合  41/300 | 奖励: 334.1 | Actor损失: -0.4121| ⏱️  本轮用时: 11.7s (CPU采集: 10.8s, GPU更新: 0.9s)
📊 KPI - 总完工时间: 0.0min  | 设备利用率: 1.0% | 延期时间: 0.0min |  完成零件数: 0/33
🚥 回合评分: 0.000 (最佳: 0.481)
🔮 当前训练进度: 13.7% | 预计剩余时间: 48.8min | 完成时间: 22:38:23

🔂 回合  42/300 | 奖励: 337.0 | Actor损失: -0.4131| ⏱️  本轮用时: 11.6s (CPU采集: 10.7s, GPU更新: 0.9s)
📊 KPI - 总完工时间: 0.0min  | 设备利用率: 0.0% | 延期时间: 0.0min |  完成零件数: 0/33
🚥 回合评分: 0.000 (最佳: 0.481)
🔮 当前训练进度: 14.0% | 预计剩余时间: 48.6min | 完成时间: 22:38:47

🔂 回合  43/300 | 奖励: 329.6 | Actor损失: -0.4134| ⏱️  本轮用时: 11.4s (CPU采集: 10.5s, GPU更新: 0.9s)
📊 KPI - 总完工时间: 0.0min  | 设备利用率: 0.0% | 延期时间: 0.0min |  完成零件数: 0/33
🚥 回合评分: 0.000 (最佳: 0.481)
🔮 当前训练进度: 14.3% | 预计剩余时间: 48.4min | 完成时间: 22:39:10

🔂 回合  44/300 | 奖励: 329.9 | Actor损失: -0.4139| ⏱️  本轮用时: 11.6s (CPU采集: 10.7s, GPU更新: 0.9s)
📊 KPI - 总完工时间: 0.0min  | 设备利用率: 0.0% | 延期时间: 0.0min |  完成零件数: 0/33
🚥 回合评分: 0.000 (最佳: 0.481)
🔮 当前训练进度: 14.7% | 预计剩余时间: 48.3min | 完成时间: 22:39:33

🔂 回合  45/300 | 奖励: 336.4 | Actor损失: -0.4128| ⏱️  本轮用时: 11.5s (CPU采集: 10.6s, GPU更新: 0.9s)
📊 KPI - 总完工时间: 0.0min  | 设备利用率: 1.2% | 延期时间: 0.0min |  完成零件数: 0/33
🚥 回合评分: 0.000 (最佳: 0.481)
🔮 当前训练进度: 15.0% | 预计剩余时间: 48.1min | 完成时间: 22:39:56

🔂 回合  46/300 | 奖励: 331.8 | Actor损失: -0.4122| ⏱️  本轮用时: 11.4s (CPU采集: 10.5s, GPU更新: 0.9s)
📊 KPI - 总完工时间: 0.0min  | 设备利用率: 1.2% | 延期时间: 0.0min |  完成零件数: 0/33
🚥 回合评分: 0.000 (最佳: 0.481)
🔮 当前训练进度: 15.3% | 预计剩余时间: 47.9min | 完成时间: 22:40:19

🔂 回合  47/300 | 奖励: 333.4 | Actor损失: -0.4104| ⏱️  本轮用时: 11.7s (CPU采集: 10.8s, GPU更新: 0.9s)
📊 KPI - 总完工时间: 0.0min  | 设备利用率: 1.2% | 延期时间: 0.0min |  完成零件数: 0/33
🚥 回合评分: 0.000 (最佳: 0.481)
🔮 当前训练进度: 15.7% | 预计剩余时间: 47.8min | 完成时间: 22:40:44

🔂 回合  48/300 | 奖励: 331.0 | Actor损失: -0.4107| ⏱️  本轮用时: 11.6s (CPU采集: 10.7s, GPU更新: 0.9s)
📊 KPI - 总完工时间: 0.0min  | 设备利用率: 1.2% | 延期时间: 0.0min |  完成零件数: 0/33
🚥 回合评分: 0.000 (最佳: 0.481)
🔮 当前训练进度: 16.0% | 预计剩余时间: 47.6min | 完成时间: 22:41:09

🔂 回合  49/300 | 奖励: 334.9 | Actor损失: -0.4127| ⏱️  本轮用时: 11.6s (CPU采集: 10.8s, GPU更新: 0.9s)
📊 KPI - 总完工时间: 0.0min  | 设备利用率: 1.2% | 延期时间: 0.0min |  完成零件数: 0/33
🚥 回合评分: 0.000 (最佳: 0.481)
🔮 当前训练进度: 16.3% | 预计剩余时间: 47.4min | 完成时间: 22:41:34

🔂 回合  50/300 | 奖励: 342.8 | Actor损失: -0.4140| ⏱️  本轮用时: 11.5s (CPU采集: 10.6s, GPU更新: 0.9s)
📊 KPI - 总完工时间: 0.0min  | 设备利用率: 1.0% | 延期时间: 0.0min |  完成零件数: 0/33
🚥 回合评分: 0.000 (最佳: 0.481)
🔮 当前训练进度: 16.7% | 预计剩余时间: 47.2min | 完成时间: 22:41:58


============================================================
🎓 阶段 '效率入门' 训练完成，开始毕业考试...
   考试目标: 9 零件 | 实际完成: 1.0 零件 (11.1%)
   ✅ 考试通过！进入下一阶段: '效率基础'
============================================================

📚 [回合 51] 🔄 课程学习阶段切换!
   新阶段: 效率基础
   订单比例: 0.3 (目标零件数: 9)
   时间比例: 1.6 (时间限制: 1920分钟)
   计划训练轮数: 40
   学习率调整: 2.40e-04 (适应新难度)
------------------------------------------------------------
📚 课程状态: 效率基础 (0/40, 0.0%)
   当前难度: 9零件, 1.6x时间
📊 课程目标验证: 4.0/9 零件 (44.4%)
⚠️ 当前阶段表现不佳，可能需要调整参数!
🔂 回合  51/300 | 奖励: 305.4 | Actor损失: -0.4143| ⏱️  本轮用时: 48.7s (CPU采集: 10.7s, GPU更新: 0.9s)
📊 KPI - 总完工时间: 183.0min  | 设备利用率: 4.7% | 延期时间: 0.0min |  完成零件数: 4/33
🚥 回合评分: 0.551 (最佳: 0.551)✅ 模型已更新: 自定义ppo/ppo_models/best_ppo_model_20250823_212618_actor.keras
🔮 当前训练进度: 17.0% | 预计剩余时间: 50.1min | 完成时间: 22:46:00

🔂 回合  52/300 | 奖励: 308.3 | Actor损失: -0.4142| ⏱️  本轮用时: 11.7s (CPU采集: 10.8s, GPU更新: 0.9s)
📊 KPI - 总完工时间: 730.0min  | 设备利用率: 5.4% | 延期时间: 315.0min |  完成零件数: 5/33
🚥 回合评分: 0.315 (最佳: 0.551)
🔮 当前训练进度: 17.3% | 预计剩余时间: 49.9min | 完成时间: 22:46:20

🔂 回合  53/300 | 奖励: 312.1 | Actor损失: -0.4143| ⏱️  本轮用时: 11.6s (CPU采集: 10.7s, GPU更新: 0.9s)
📊 KPI - 总完工时间: 502.0min  | 设备利用率: 3.4% | 延期时间: 22.0min |  完成零件数: 1/33
🚥 回合评分: 0.285 (最佳: 0.551)
🔮 当前训练进度: 17.7% | 预计剩余时间: 49.6min | 完成时间: 22:46:40

🔂 回合  54/300 | 奖励: 312.7 | Actor损失: -0.4146| ⏱️  本轮用时: 11.6s (CPU采集: 10.7s, GPU更新: 0.9s)
📊 KPI - 总完工时间: 0.0min  | 设备利用率: 3.2% | 延期时间: 0.0min |  完成零件数: 0/33
🚥 回合评分: 0.000 (最佳: 0.551)
🔮 当前训练进度: 18.0% | 预计剩余时间: 49.4min | 完成时间: 22:47:00

🔂 回合  55/300 | 奖励: 307.4 | Actor损失: -0.4144| ⏱️  本轮用时: 11.8s (CPU采集: 11.0s, GPU更新: 0.9s)
📊 KPI - 总完工时间: 0.0min  | 设备利用率: 3.1% | 延期时间: 0.0min |  完成零件数: 0/33
🚥 回合评分: 0.000 (最佳: 0.551)
🔮 当前训练进度: 18.3% | 预计剩余时间: 49.2min | 完成时间: 22:47:23

🔂 回合  56/300 | 奖励: 309.5 | Actor损失: -0.4148| ⏱️  本轮用时: 12.0s (CPU采集: 11.1s, GPU更新: 0.9s)
📊 KPI - 总完工时间: 0.0min  | 设备利用率: 2.9% | 延期时间: 0.0min |  完成零件数: 0/33
🚥 回合评分: 0.000 (最佳: 0.551)
🔮 当前训练进度: 18.7% | 预计剩余时间: 49.0min | 完成时间: 22:47:45

🔂 回合  57/300 | 奖励: 307.7 | Actor损失: -0.4148| ⏱️  本轮用时: 12.0s (CPU采集: 11.1s, GPU更新: 0.9s)
📊 KPI - 总完工时间: 0.0min  | 设备利用率: 3.8% | 延期时间: 0.0min |  完成零件数: 0/33
🚥 回合评分: 0.000 (最佳: 0.551)
🔮 当前训练进度: 19.0% | 预计剩余时间: 48.8min | 完成时间: 22:48:09

🔂 回合  58/300 | 奖励: 305.7 | Actor损失: -0.4146| ⏱️  本轮用时: 12.0s (CPU采集: 11.1s, GPU更新: 0.9s)
📊 KPI - 总完工时间: 0.0min  | 设备利用率: 4.2% | 延期时间: 0.0min |  完成零件数: 0/33
🚥 回合评分: 0.000 (最佳: 0.551)
🔮 当前训练进度: 19.3% | 预计剩余时间: 48.6min | 完成时间: 22:48:32

🔂 回合  59/300 | 奖励: 301.9 | Actor损失: -0.4150| ⏱️  本轮用时: 12.2s (CPU采集: 11.2s, GPU更新: 0.9s)
📊 KPI - 总完工时间: 0.0min  | 设备利用率: 3.0% | 延期时间: 0.0min |  完成零件数: 0/33
🚥 回合评分: 0.000 (最佳: 0.551)
🔮 当前训练进度: 19.7% | 预计剩余时间: 48.4min | 完成时间: 22:48:56

🔂 回合  60/300 | 奖励: 305.6 | Actor损失: -0.4147| ⏱️  本轮用时: 11.9s (CPU采集: 11.0s, GPU更新: 0.9s)
📊 KPI - 总完工时间: 0.0min  | 设备利用率: 3.2% | 延期时间: 0.0min |  完成零件数: 0/33
🚥 回合评分: 0.000 (最佳: 0.551)
🔮 当前训练进度: 20.0% | 预计剩余时间: 48.2min | 完成时间: 22:49:19

📚 课程状态: 效率基础 (10/40, 25.0%)
   当前难度: 9零件, 1.6x时间
📊 课程目标验证: 0.0/9 零件 (0.0%)
⚠️ 当前阶段表现不佳，可能需要调整参数!

============================================================
🎓 进行完整难度评估（100%订单，标准时间）...
🎯 完整难度评估结果:
   完成零件: 0.0/33 (0.0%)
   总完工时间: 0.0分钟
   设备利用率: 0.1%
📚 仍需更多训练!
============================================================

🔂 回合  61/300 | 奖励: 300.8 | Actor损失: -0.4147| ⏱️  本轮用时: 11.9s (CPU采集: 11.0s, GPU更新: 0.9s)
📊 KPI - 总完工时间: 0.0min  | 设备利用率: 3.1% | 延期时间: 0.0min |  完成零件数: 0/33
🚥 回合评分: 0.000 (最佳: 0.551)
🔮 当前训练进度: 20.3% | 预计剩余时间: 47.9min | 完成时间: 22:50:16

🔂 回合  62/300 | 奖励: 304.3 | Actor损失: -0.4152| ⏱️  本轮用时: 11.8s (CPU采集: 10.9s, GPU更新: 0.9s)
📊 KPI - 总完工时间: 0.0min  | 设备利用率: 0.0% | 延期时间: 0.0min |  完成零件数: 0/33
🚥 回合评分: 0.000 (最佳: 0.551)
🔮 当前训练进度: 20.7% | 预计剩余时间: 47.7min | 完成时间: 22:50:37

🔂 回合  63/300 | 奖励: 303.1 | Actor损失: -0.4150| ⏱️  本轮用时: 12.0s (CPU采集: 11.1s, GPU更新: 0.9s)
📊 KPI - 总完工时间: 0.0min  | 设备利用率: 0.0% | 延期时间: 0.0min |  完成零件数: 0/33
🚥 回合评分: 0.000 (最佳: 0.551)
🔮 当前训练进度: 21.0% | 预计剩余时间: 47.5min | 完成时间: 22:51:01

🔂 回合  64/300 | 奖励: 302.2 | Actor损失: -0.4151| ⏱️  本轮用时: 12.0s (CPU采集: 11.1s, GPU更新: 0.9s)
📊 KPI - 总完工时间: 0.0min  | 设备利用率: 0.0% | 延期时间: 0.0min |  完成零件数: 0/33
🚥 回合评分: 0.000 (最佳: 0.551)
🔮 当前训练进度: 21.3% | 预计剩余时间: 47.3min | 完成时间: 22:51:24

🔂 回合  65/300 | 奖励: 300.6 | Actor损失: -0.4152| ⏱️  本轮用时: 12.1s (CPU采集: 11.2s, GPU更新: 0.9s)
📊 KPI - 总完工时间: 0.0min  | 设备利用率: 0.0% | 延期时间: 0.0min |  完成零件数: 0/33
🚥 回合评分: 0.000 (最佳: 0.551)
🔮 当前训练进度: 21.7% | 预计剩余时间: 47.1min | 完成时间: 22:51:47

🔂 回合  66/300 | 奖励: 300.7 | Actor损失: -0.4150| ⏱️  本轮用时: 12.3s (CPU采集: 11.4s, GPU更新: 1.0s)
📊 KPI - 总完工时间: 0.0min  | 设备利用率: 0.0% | 延期时间: 0.0min |  完成零件数: 0/33
🚥 回合评分: 0.000 (最佳: 0.551)
🔮 当前训练进度: 22.0% | 预计剩余时间: 46.9min | 完成时间: 22:52:15

🔂 回合  67/300 | 奖励: 296.3 | Actor损失: -0.4152| ⏱️  本轮用时: 12.4s (CPU采集: 11.4s, GPU更新: 0.9s)
📊 KPI - 总完工时间: 0.0min  | 设备利用率: 2.6% | 延期时间: 0.0min |  完成零件数: 0/33
🚥 回合评分: 0.000 (最佳: 0.551)
🔮 当前训练进度: 22.3% | 预计剩余时间: 46.8min | 完成时间: 22:52:40

🔂 回合  68/300 | 奖励: 302.8 | Actor损失: -0.4151| ⏱️  本轮用时: 12.3s (CPU采集: 11.5s, GPU更新: 0.9s)
📊 KPI - 总完工时间: 0.0min  | 设备利用率: 0.0% | 延期时间: 0.0min |  完成零件数: 0/33
🚥 回合评分: 0.000 (最佳: 0.551)
🔮 当前训练进度: 22.7% | 预计剩余时间: 46.6min | 完成时间: 22:53:05

🔂 回合  69/300 | 奖励: 304.8 | Actor损失: -0.4147| ⏱️  本轮用时: 12.4s (CPU采集: 11.5s, GPU更新: 0.9s)
📊 KPI - 总完工时间: 0.0min  | 设备利用率: 0.0% | 延期时间: 0.0min |  完成零件数: 0/33
🚥 回合评分: 0.000 (最佳: 0.551)
🔮 当前训练进度: 23.0% | 预计剩余时间: 46.4min | 完成时间: 22:53:30

🔂 回合  70/300 | 奖励: 296.4 | Actor损失: -0.4147| ⏱️  本轮用时: 12.3s (CPU采集: 11.4s, GPU更新: 0.9s)
📊 KPI - 总完工时间: 0.0min  | 设备利用率: 0.0% | 延期时间: 0.0min |  完成零件数: 0/33
🚥 回合评分: 0.000 (最佳: 0.551)
🔮 当前训练进度: 23.3% | 预计剩余时间: 46.2min | 完成时间: 22:53:55

📚 课程状态: 效率基础 (20/40, 50.0%)
   当前难度: 9零件, 1.6x时间
📊 课程目标验证: 0.0/9 零件 (0.0%)
⚠️ 当前阶段表现不佳，可能需要调整参数!
🔂 回合  71/300 | 奖励: 296.3 | Actor损失: -0.4146| ⏱️  本轮用时: 12.5s (CPU采集: 11.5s, GPU更新: 0.9s)
📊 KPI - 总完工时间: 0.0min  | 设备利用率: 0.0% | 延期时间: 0.0min |  完成零件数: 0/33
🚥 回合评分: 0.000 (最佳: 0.551)
🔮 当前训练进度: 23.7% | 预计剩余时间: 46.0min | 完成时间: 22:54:22

🔂 回合  72/300 | 奖励: 299.5 | Actor损失: -0.4144| ⏱️  本轮用时: 12.3s (CPU采集: 11.4s, GPU更新: 0.9s)
📊 KPI - 总完工时间: 0.0min  | 设备利用率: 0.0% | 延期时间: 0.0min |  完成零件数: 0/33
🚥 回合评分: 0.000 (最佳: 0.551)
🔮 当前训练进度: 24.0% | 预计剩余时间: 45.8min | 完成时间: 22:54:48

🔂 回合  73/300 | 奖励: 304.5 | Actor损失: -0.4143| ⏱️  本轮用时: 12.4s (CPU采集: 11.5s, GPU更新: 0.9s)
📊 KPI - 总完工时间: 0.0min  | 设备利用率: 0.0% | 延期时间: 0.0min |  完成零件数: 0/33
🚥 回合评分: 0.000 (最佳: 0.551)
🔮 当前训练进度: 24.3% | 预计剩余时间: 45.7min | 完成时间: 22:55:12

🔂 回合  74/300 | 奖励: 304.0 | Actor损失: -0.4146| ⏱️  本轮用时: 12.2s (CPU采集: 11.3s, GPU更新: 0.9s)
📊 KPI - 总完工时间: 0.0min  | 设备利用率: 0.0% | 延期时间: 0.0min |  完成零件数: 0/33
🚥 回合评分: 0.000 (最佳: 0.551)
🔮 当前训练进度: 24.7% | 预计剩余时间: 45.5min | 完成时间: 22:55:37

🔂 回合  75/300 | 奖励: 291.5 | Actor损失: -0.4147| ⏱️  本轮用时: 12.6s (CPU采集: 11.7s, GPU更新: 1.0s)
📊 KPI - 总完工时间: 0.0min  | 设备利用率: 0.0% | 延期时间: 0.0min |  完成零件数: 0/33
🚥 回合评分: 0.000 (最佳: 0.551)
🔮 当前训练进度: 25.0% | 预计剩余时间: 45.3min | 完成时间: 22:56:04

🔂 回合  76/300 | 奖励: 301.8 | Actor损失: -0.4147| ⏱️  本轮用时: 12.7s (CPU采集: 11.7s, GPU更新: 0.9s)
📊 KPI - 总完工时间: 0.0min  | 设备利用率: 0.0% | 延期时间: 0.0min |  完成零件数: 0/33
🚥 回合评分: 0.000 (最佳: 0.551)
🔮 当前训练进度: 25.3% | 预计剩余时间: 45.1min | 完成时间: 22:56:31

🔂 回合  77/300 | 奖励: 303.6 | Actor损失: -0.4153| ⏱️  本轮用时: 12.6s (CPU采集: 11.7s, GPU更新: 0.9s)
📊 KPI - 总完工时间: 0.0min  | 设备利用率: 0.0% | 延期时间: 0.0min |  完成零件数: 0/33
🚥 回合评分: 0.000 (最佳: 0.551)
🔮 当前训练进度: 25.7% | 预计剩余时间: 44.9min | 完成时间: 22:56:57

🔂 回合  78/300 | 奖励: 301.0 | Actor损失: -0.4149| ⏱️  本轮用时: 12.6s (CPU采集: 11.7s, GPU更新: 0.9s)
📊 KPI - 总完工时间: 0.0min  | 设备利用率: 0.0% | 延期时间: 0.0min |  完成零件数: 0/33
🚥 回合评分: 0.000 (最佳: 0.551)
🔮 当前训练进度: 26.0% | 预计剩余时间: 44.8min | 完成时间: 22:57:25

🔂 回合  79/300 | 奖励: 300.2 | Actor损失: -0.4145| ⏱️  本轮用时: 12.5s (CPU采集: 11.6s, GPU更新: 0.9s)
📊 KPI - 总完工时间: 0.0min  | 设备利用率: 0.0% | 延期时间: 0.0min |  完成零件数: 0/33
🚥 回合评分: 0.000 (最佳: 0.551)
🔮 当前训练进度: 26.3% | 预计剩余时间: 44.6min | 完成时间: 22:57:51

🔂 回合  80/300 | 奖励: 297.3 | Actor损失: -0.4147| ⏱️  本轮用时: 12.5s (CPU采集: 11.6s, GPU更新: 0.9s)
📊 KPI - 总完工时间: 0.0min  | 设备利用率: 0.0% | 延期时间: 0.0min |  完成零件数: 0/33
🚥 回合评分: 0.000 (最佳: 0.551)
🔮 当前训练进度: 26.7% | 预计剩余时间: 44.4min | 完成时间: 22:58:18

📚 课程状态: 效率基础 (30/40, 75.0%)
   当前难度: 9零件, 1.6x时间
📊 课程目标验证: 0.0/9 零件 (0.0%)
⚠️ 当前阶段表现不佳，可能需要调整参数!
🔂 回合  81/300 | 奖励: 296.8 | Actor损失: -0.4153| ⏱️  本轮用时: 12.7s (CPU采集: 11.7s, GPU更新: 1.0s)
📊 KPI - 总完工时间: 0.0min  | 设备利用率: 0.0% | 延期时间: 0.0min |  完成零件数: 0/33
🚥 回合评分: 0.000 (最佳: 0.551)
🔮 当前训练进度: 27.0% | 预计剩余时间: 44.2min | 完成时间: 22:58:45

🔂 回合  82/300 | 奖励: 303.0 | Actor损失: -0.4154| ⏱️  本轮用时: 12.4s (CPU采集: 11.4s, GPU更新: 0.9s)
📊 KPI - 总完工时间: 745.0min  | 设备利用率: 6.0% | 延期时间: 397.0min |  完成零件数: 5/33
🚥 回合评分: 0.299 (最佳: 0.551)
🔮 当前训练进度: 27.3% | 预计剩余时间: 44.0min | 完成时间: 22:59:12

🔂 回合  83/300 | 奖励: 294.4 | Actor损失: -0.4156| ⏱️  本轮用时: 12.5s (CPU采集: 11.6s, GPU更新: 0.9s)
📊 KPI - 总完工时间: 766.0min  | 设备利用率: 6.3% | 延期时间: 306.0min |  完成零件数: 8/33
🚥 回合评分: 0.418 (最佳: 0.551)
🔮 当前训练进度: 27.7% | 预计剩余时间: 43.8min | 完成时间: 22:59:38

🔂 回合  84/300 | 奖励: 299.4 | Actor损失: -0.4157| ⏱️  本轮用时: 12.4s (CPU采集: 11.4s, GPU更新: 1.0s)
📊 KPI - 总完工时间: 810.0min  | 设备利用率: 10.8% | 延期时间: 200.0min |  完成零件数: 9/33
🚥 回合评分: 0.482 (最佳: 0.551)
🔮 当前训练进度: 28.0% | 预计剩余时间: 43.7min | 完成时间: 22:59:56

🔂 回合  85/300 | 奖励: 298.2 | Actor损失: -0.4156| ⏱️  本轮用时: 12.5s (CPU采集: 11.6s, GPU更新: 0.9s)
📊 KPI - 总完工时间: 724.0min  | 设备利用率: 5.3% | 延期时间: 84.0min |  完成零件数: 6/33
🚥 回合评分: 0.394 (最佳: 0.551)
🔮 当前训练进度: 28.3% | 预计剩余时间: 43.5min | 完成时间: 23:00:22

🔂 回合  86/300 | 奖励: 300.7 | Actor损失: -0.4157| ⏱️  本轮用时: 12.5s (CPU采集: 11.6s, GPU更新: 1.0s)
📊 KPI - 总完工时间: 743.0min  | 设备利用率: 5.7% | 延期时间: 289.0min |  完成零件数: 6/33
🚥 回合评分: 0.354 (最佳: 0.551)
🔮 当前训练进度: 28.7% | 预计剩余时间: 43.3min | 完成时间: 23:00:47

🔂 回合  87/300 | 奖励: 303.4 | Actor损失: -0.4159| ⏱️  本轮用时: 12.3s (CPU采集: 11.4s, GPU更新: 0.9s)
📊 KPI - 总完工时间: 540.0min  | 设备利用率: 5.4% | 延期时间: 60.0min |  完成零件数: 5/33
🚥 回合评分: 0.395 (最佳: 0.551)
🔮 当前训练进度: 29.0% | 预计剩余时间: 43.1min | 完成时间: 23:01:12

🔂 回合  88/300 | 奖励: 302.6 | Actor损失: -0.4154| ⏱️  本轮用时: 12.6s (CPU采集: 11.7s, GPU更新: 0.9s)
📊 KPI - 总完工时间: 629.0min  | 设备利用率: 5.4% | 延期时间: 212.0min |  完成零件数: 5/33
🚥 回合评分: 0.335 (最佳: 0.551)
🔮 当前训练进度: 29.3% | 预计剩余时间: 42.9min | 完成时间: 23:01:39

🔂 回合  89/300 | 奖励: 302.8 | Actor损失: -0.4158| ⏱️  本轮用时: 12.4s (CPU采集: 11.5s, GPU更新: 0.9s)
📊 KPI - 总完工时间: 0.0min  | 设备利用率: 0.0% | 延期时间: 0.0min |  完成零件数: 0/33
🚥 回合评分: 0.000 (最佳: 0.551)
🔮 当前训练进度: 29.7% | 预计剩余时间: 42.7min | 完成时间: 23:02:05

🔂 回合  90/300 | 奖励: 304.2 | Actor损失: -0.4153| ⏱️  本轮用时: 12.5s (CPU采集: 11.5s, GPU更新: 0.9s)
📊 KPI - 总完工时间: 0.0min  | 设备利用率: 0.0% | 延期时间: 0.0min |  完成零件数: 0/33
🚥 回合评分: 0.000 (最佳: 0.551)
🔮 当前训练进度: 30.0% | 预计剩余时间: 42.5min | 完成时间: 23:02:31


============================================================
🎓 阶段 '效率基础' 训练完成，开始毕业考试...
   考试目标: 16 零件 | 实际完成: 0.0 零件 (0.0%)
   ❌ 考试未通过。当前阶段延长10轮训练。
============================================================

📚 课程状态: 效率基础 (40/50, 80.0%)
   当前难度: 9零件, 1.6x时间
📊 课程目标验证: 0.0/9 零件 (0.0%)
⚠️ 当前阶段表现不佳，可能需要调整参数!

============================================================
🎓 进行完整难度评估（100%订单，标准时间）...
🎯 完整难度评估结果:
   完成零件: 0.0/33 (0.0%)
   总完工时间: 0.0分钟
   设备利用率: 0.0%
📚 仍需更多训练!
============================================================

🔂 回合  91/300 | 奖励: 298.2 | Actor损失: -0.4151| ⏱️  本轮用时: 48.5s (CPU采集: 11.2s, GPU更新: 1.0s)
📊 KPI - 总完工时间: 0.0min  | 设备利用率: 0.2% | 延期时间: 0.0min |  完成零件数: 0/33
🚥 回合评分: 0.000 (最佳: 0.551)
🔮 当前训练进度: 30.3% | 预计剩余时间: 43.7min | 完成时间: 23:05:34

🔂 回合  92/300 | 奖励: 305.0 | Actor损失: -0.4147| ⏱️  本轮用时: 12.4s (CPU采集: 11.4s, GPU更新: 0.9s)
📊 KPI - 总完工时间: 139.0min  | 设备利用率: 3.9% | 延期时间: 0.0min |  完成零件数: 2/33
🚥 回合评分: 0.505 (最佳: 0.551)
🔮 当前训练进度: 30.7% | 预计剩余时间: 43.5min | 完成时间: 23:05:58

🔂 回合  93/300 | 奖励: 306.4 | Actor损失: -0.4148| ⏱️  本轮用时: 12.2s (CPU采集: 11.2s, GPU更新: 0.9s)
📊 KPI - 总完工时间: 139.0min  | 设备利用率: 4.5% | 延期时间: 0.0min |  完成零件数: 2/33
🚥 回合评分: 0.506 (最佳: 0.551)
🔮 当前训练进度: 31.0% | 预计剩余时间: 43.3min | 完成时间: 23:06:20

🔂 回合  94/300 | 奖励: 310.1 | Actor损失: -0.4149| ⏱️  本轮用时: 12.3s (CPU采集: 11.3s, GPU更新: 0.9s)
📊 KPI - 总完工时间: 708.0min  | 设备利用率: 5.7% | 延期时间: 148.0min |  完成零件数: 6/33
🚥 回合评分: 0.382 (最佳: 0.551)
🔮 当前训练进度: 31.3% | 预计剩余时间: 43.1min | 完成时间: 23:06:44

🔂 回合  95/300 | 奖励: 307.1 | Actor损失: -0.4135| ⏱️  本轮用时: 12.4s (CPU采集: 11.4s, GPU更新: 1.0s)
📊 KPI - 总完工时间: 579.0min  | 设备利用率: 5.7% | 延期时间: 19.0min |  完成零件数: 6/33
🚥 回合评分: 0.418 (最佳: 0.551)
🔮 当前训练进度: 31.7% | 预计剩余时间: 42.8min | 完成时间: 23:07:09

🔂 回合  96/300 | 奖励: 309.9 | Actor损失: -0.4146| ⏱️  本轮用时: 12.2s (CPU采集: 11.3s, GPU更新: 0.9s)
📊 KPI - 总完工时间: 184.0min  | 设备利用率: 4.8% | 延期时间: 0.0min |  完成零件数: 3/33
🚥 回合评分: 0.518 (最佳: 0.551)
🔮 当前训练进度: 32.0% | 预计剩余时间: 42.6min | 完成时间: 23:07:31

🔂 回合  97/300 | 奖励: 303.2 | Actor损失: -0.4144| ⏱️  本轮用时: 12.1s (CPU采集: 11.2s, GPU更新: 0.9s)
📊 KPI - 总完工时间: 184.0min  | 设备利用率: 4.8% | 延期时间: 0.0min |  完成零件数: 3/33
🚥 回合评分: 0.518 (最佳: 0.551)
🔮 当前训练进度: 32.3% | 预计剩余时间: 42.4min | 完成时间: 23:07:53

🔂 回合  98/300 | 奖励: 306.7 | Actor损失: -0.4148| ⏱️  本轮用时: 12.3s (CPU采集: 11.4s, GPU更新: 0.9s)
📊 KPI - 总完工时间: 193.0min  | 设备利用率: 5.1% | 延期时间: 0.0min |  完成零件数: 4/33
🚥 回合评分: 0.547 (最佳: 0.551)
🔮 当前训练进度: 32.7% | 预计剩余时间: 42.2min | 完成时间: 23:08:16

🔂 回合  99/300 | 奖励: 301.3 | Actor损失: -0.4151| ⏱️  本轮用时: 12.0s (CPU采集: 11.1s, GPU更新: 0.9s)
📊 KPI - 总完工时间: 571.0min  | 设备利用率: 4.8% | 延期时间: 176.0min |  完成零件数: 3/33
🚥 回合评分: 0.289 (最佳: 0.551)
🔮 当前训练进度: 33.0% | 预计剩余时间: 42.0min | 完成时间: 23:08:39

🔂 回合 100/300 | 奖励: 303.9 | Actor损失: -0.4151| ⏱️  本轮用时: 12.3s (CPU采集: 11.4s, GPU更新: 0.9s)
📊 KPI - 总完工时间: 148.0min  | 设备利用率: 5.4% | 延期时间: 0.0min |  完成零件数: 3/33
🚥 回合评分: 0.537 (最佳: 0.551)
🔮 当前训练进度: 33.3% | 预计剩余时间: 41.7min | 完成时间: 23:09:04


============================================================
🎓 阶段 '效率基础' 训练完成，开始毕业考试...
   考试目标: 16 零件 | 实际完成: 7.0 零件 (43.8%)
   ✅ 考试通过！进入下一阶段: '效率强化'
============================================================

📚 [回合 101] 🔄 课程学习阶段切换!
   新阶段: 效率强化
   订单比例: 0.5 (目标零件数: 16)
   时间比例: 1.4 (时间限制: 1680分钟)
   计划训练轮数: 30
   学习率调整: 2.40e-04 (适应新难度)
------------------------------------------------------------
📚 课程状态: 效率强化 (0/30, 0.0%)
   当前难度: 16零件, 1.4x时间
📊 课程目标验证: 0.0/16 零件 (0.0%)
⚠️ 当前阶段表现不佳，可能需要调整参数!
🔂 回合 101/300 | 奖励: 196.8 | Actor损失: -0.4147| ⏱️  本轮用时: 48.6s (CPU采集: 11.2s, GPU更新: 0.9s)
📊 KPI - 总完工时间: 0.0min  | 设备利用率: 8.2% | 延期时间: 0.0min |  完成零件数: 0/33
🚥 回合评分: 0.000 (最佳: 0.551)
🔮 当前训练进度: 33.7% | 预计剩余时间: 42.7min | 完成时间: 23:11:16

🔂 回合 102/300 | 奖励: 197.5 | Actor损失: -0.4145| ⏱️  本轮用时: 12.0s (CPU采集: 11.1s, GPU更新: 0.9s)
📊 KPI - 总完工时间: 0.0min  | 设备利用率: 0.0% | 延期时间: 0.0min |  完成零件数: 0/33
🚥 回合评分: 0.000 (最佳: 0.551)
🔮 当前训练进度: 34.0% | 预计剩余时间: 42.5min | 完成时间: 23:11:37

🔂 回合 103/300 | 奖励: 197.8 | Actor损失: -0.4145| ⏱️  本轮用时: 11.9s (CPU采集: 11.0s, GPU更新: 0.9s)
📊 KPI - 总完工时间: 0.0min  | 设备利用率: 0.0% | 延期时间: 0.0min |  完成零件数: 0/33
🚥 回合评分: 0.000 (最佳: 0.551)
🔮 当前训练进度: 34.3% | 预计剩余时间: 42.2min | 完成时间: 23:11:59

🔂 回合 104/300 | 奖励: 196.2 | Actor损失: -0.4142| ⏱️  本轮用时: 12.0s (CPU采集: 11.1s, GPU更新: 0.9s)
📊 KPI - 总完工时间: 0.0min  | 设备利用率: 0.0% | 延期时间: 0.0min |  完成零件数: 0/33
🚥 回合评分: 0.000 (最佳: 0.551)
🔮 当前训练进度: 34.7% | 预计剩余时间: 42.0min | 完成时间: 23:12:21

🔂 回合 105/300 | 奖励: 200.9 | Actor损失: -0.4140| ⏱️  本轮用时: 11.9s (CPU采集: 11.0s, GPU更新: 0.9s)
📊 KPI - 总完工时间: 0.0min  | 设备利用率: 0.0% | 延期时间: 0.0min |  完成零件数: 0/33
🚥 回合评分: 0.000 (最佳: 0.551)
🔮 当前训练进度: 35.0% | 预计剩余时间: 41.7min | 完成时间: 23:12:43

🔂 回合 106/300 | 奖励: 199.5 | Actor损失: -0.4142| ⏱️  本轮用时: 12.1s (CPU采集: 11.2s, GPU更新: 0.9s)
📊 KPI - 总完工时间: 0.0min  | 设备利用率: 0.0% | 延期时间: 0.0min |  完成零件数: 0/33
🚥 回合评分: 0.000 (最佳: 0.551)
🔮 当前训练进度: 35.3% | 预计剩余时间: 41.5min | 完成时间: 23:13:04

🔂 回合 107/300 | 奖励: 198.3 | Actor损失: -0.4132| ⏱️  本轮用时: 11.9s (CPU采集: 11.0s, GPU更新: 1.0s)
📊 KPI - 总完工时间: 0.0min  | 设备利用率: 0.0% | 延期时间: 0.0min |  完成零件数: 0/33
🚥 回合评分: 0.000 (最佳: 0.551)
🔮 当前训练进度: 35.7% | 预计剩余时间: 41.3min | 完成时间: 23:13:25

🔂 回合 108/300 | 奖励: 195.9 | Actor损失: -0.4140| ⏱️  本轮用时: 11.9s (CPU采集: 11.0s, GPU更新: 0.9s)
📊 KPI - 总完工时间: 0.0min  | 设备利用率: 0.0% | 延期时间: 0.0min |  完成零件数: 0/33
🚥 回合评分: 0.000 (最佳: 0.551)
🔮 当前训练进度: 36.0% | 预计剩余时间: 41.0min | 完成时间: 23:13:46

🔂 回合 109/300 | 奖励: 199.9 | Actor损失: -0.4138| ⏱️  本轮用时: 11.9s (CPU采集: 11.0s, GPU更新: 0.9s)
📊 KPI - 总完工时间: 0.0min  | 设备利用率: 0.0% | 延期时间: 0.0min |  完成零件数: 0/33
🚥 回合评分: 0.000 (最佳: 0.551)
🔮 当前训练进度: 36.3% | 预计剩余时间: 40.8min | 完成时间: 23:14:08

🔂 回合 110/300 | 奖励: 192.7 | Actor损失: -0.4140| ⏱️  本轮用时: 11.9s (CPU采集: 10.9s, GPU更新: 0.9s)
📊 KPI - 总完工时间: 0.0min  | 设备利用率: 0.0% | 延期时间: 0.0min |  完成零件数: 0/33
🚥 回合评分: 0.000 (最佳: 0.551)
🔮 当前训练进度: 36.7% | 预计剩余时间: 40.5min | 完成时间: 23:14:29

📚 课程状态: 效率强化 (10/30, 33.3%)
   当前难度: 16零件, 1.4x时间
📊 课程目标验证: 0.0/16 零件 (0.0%)
⚠️ 当前阶段表现不佳，可能需要调整参数!
🔂 回合 111/300 | 奖励: 203.8 | Actor损失: -0.4141| ⏱️  本轮用时: 11.9s (CPU采集: 11.0s, GPU更新: 0.9s)
📊 KPI - 总完工时间: 0.0min  | 设备利用率: 0.0% | 延期时间: 0.0min |  完成零件数: 0/33
🚥 回合评分: 0.000 (最佳: 0.551)
🔮 当前训练进度: 37.0% | 预计剩余时间: 40.3min | 完成时间: 23:14:51

🔂 回合 112/300 | 奖励: 201.1 | Actor损失: -0.4141| ⏱️  本轮用时: 11.8s (CPU采集: 11.0s, GPU更新: 0.9s)
📊 KPI - 总完工时间: 0.0min  | 设备利用率: 0.0% | 延期时间: 0.0min |  完成零件数: 0/33
🚥 回合评分: 0.000 (最佳: 0.551)
🔮 当前训练进度: 37.3% | 预计剩余时间: 40.1min | 完成时间: 23:15:12

🔂 回合 113/300 | 奖励: 200.0 | Actor损失: -0.4142| ⏱️  本轮用时: 11.9s (CPU采集: 10.9s, GPU更新: 0.9s)
📊 KPI - 总完工时间: 0.0min  | 设备利用率: 0.0% | 延期时间: 0.0min |  完成零件数: 0/33
🚥 回合评分: 0.000 (最佳: 0.551)
🔮 当前训练进度: 37.7% | 预计剩余时间: 39.8min | 完成时间: 23:15:34

🔂 回合 114/300 | 奖励: 201.7 | Actor损失: -0.4139| ⏱️  本轮用时: 11.8s (CPU采集: 10.9s, GPU更新: 0.9s)
📊 KPI - 总完工时间: 0.0min  | 设备利用率: 0.0% | 延期时间: 0.0min |  完成零件数: 0/33
🚥 回合评分: 0.000 (最佳: 0.551)
🔮 当前训练进度: 38.0% | 预计剩余时间: 39.6min | 完成时间: 23:15:55

🔂 回合 115/300 | 奖励: 201.3 | Actor损失: -0.4138| ⏱️  本轮用时: 12.1s (CPU采集: 11.2s, GPU更新: 0.9s)
📊 KPI - 总完工时间: 0.0min  | 设备利用率: 0.0% | 延期时间: 0.0min |  完成零件数: 0/33
🚥 回合评分: 0.000 (最佳: 0.551)
🔮 当前训练进度: 38.3% | 预计剩余时间: 39.4min | 完成时间: 23:16:16

🔂 回合 116/300 | 奖励: 199.4 | Actor损失: -0.4136| ⏱️  本轮用时: 11.8s (CPU采集: 10.9s, GPU更新: 0.9s)
📊 KPI - 总完工时间: 0.0min  | 设备利用率: 2.5% | 延期时间: 0.0min |  完成零件数: 0/33
🚥 回合评分: 0.000 (最佳: 0.551)
🔮 当前训练进度: 38.7% | 预计剩余时间: 39.1min | 完成时间: 23:16:38

🔂 回合 117/300 | 奖励: 206.4 | Actor损失: -0.4133| ⏱️  本轮用时: 11.9s (CPU采集: 11.0s, GPU更新: 0.9s)
📊 KPI - 总完工时间: 0.0min  | 设备利用率: 0.0% | 延期时间: 0.0min |  完成零件数: 0/33
🚥 回合评分: 0.000 (最佳: 0.551)
🔮 当前训练进度: 39.0% | 预计剩余时间: 38.9min | 完成时间: 23:16:59

🔂 回合 118/300 | 奖励: 202.9 | Actor损失: -0.4138| ⏱️  本轮用时: 11.6s (CPU采集: 10.8s, GPU更新: 0.9s)
📊 KPI - 总完工时间: 0.0min  | 设备利用率: 1.3% | 延期时间: 0.0min |  完成零件数: 0/33
🚥 回合评分: 0.000 (最佳: 0.551)
🔮 当前训练进度: 39.3% | 预计剩余时间: 38.6min | 完成时间: 23:17:20

🔂 回合 119/300 | 奖励: 197.0 | Actor损失: -0.4135| ⏱️  本轮用时: 11.6s (CPU采集: 10.7s, GPU更新: 0.9s)
📊 KPI - 总完工时间: 226.0min  | 设备利用率: 8.1% | 延期时间: 0.0min |  完成零件数: 8/33
🚥 回合评分: 0.553 (最佳: 0.553)✅ 模型已更新: 自定义ppo/ppo_models/best_ppo_model_20250823_212618_actor.keras
🔮 当前训练进度: 39.7% | 预计剩余时间: 38.4min | 完成时间: 23:17:41

🔂 回合 120/300 | 奖励: 202.3 | Actor损失: -0.4142| ⏱️  本轮用时: 12.0s (CPU采集: 11.0s, GPU更新: 0.9s)
📊 KPI - 总完工时间: 0.0min  | 设备利用率: 0.5% | 延期时间: 0.0min |  完成零件数: 0/33
🚥 回合评分: 0.000 (最佳: 0.553)
🔮 当前训练进度: 40.0% | 预计剩余时间: 38.2min | 完成时间: 23:18:03

📚 课程状态: 效率强化 (20/30, 66.7%)
   当前难度: 16零件, 1.4x时间
📊 课程目标验证: 0.0/16 零件 (0.0%)
⚠️ 当前阶段表现不佳，可能需要调整参数!

============================================================
🎓 进行完整难度评估（100%订单，标准时间）...
🎯 完整难度评估结果:
   完成零件: 0.0/33 (0.0%)
   总完工时间: 0.0分钟
   设备利用率: 0.0%
📚 仍需更多训练!
============================================================

🔂 回合 121/300 | 奖励: 197.0 | Actor损失: -0.4141| ⏱️  本轮用时: 11.6s (CPU采集: 10.7s, GPU更新: 0.9s)
📊 KPI - 总完工时间: 0.0min  | 设备利用率: 3.1% | 延期时间: 0.0min |  完成零件数: 0/33
🚥 回合评分: 0.000 (最佳: 0.553)
🔮 当前训练进度: 40.3% | 预计剩余时间: 37.9min | 完成时间: 23:18:58

🔂 回合 122/300 | 奖励: 198.6 | Actor损失: -0.4145| ⏱️  本轮用时: 11.6s (CPU采集: 10.8s, GPU更新: 0.8s)
📊 KPI - 总完工时间: 152.0min  | 设备利用率: 4.8% | 延期时间: 0.0min |  完成零件数: 3/33
🚥 回合评分: 0.490 (最佳: 0.553)
🔮 当前训练进度: 40.7% | 预计剩余时间: 37.7min | 完成时间: 23:19:18

🔂 回合 123/300 | 奖励: 198.6 | Actor损失: -0.4147| ⏱️  本轮用时: 11.7s (CPU采集: 10.8s, GPU更新: 0.9s)
📊 KPI - 总完工时间: 0.0min  | 设备利用率: 2.1% | 延期时间: 0.0min |  完成零件数: 0/33
🚥 回合评分: 0.000 (最佳: 0.553)
🔮 当前训练进度: 41.0% | 预计剩余时间: 37.5min | 完成时间: 23:19:40

🔂 回合 124/300 | 奖励: 201.4 | Actor损失: -0.4145| ⏱️  本轮用时: 11.6s (CPU采集: 10.7s, GPU更新: 0.9s)
📊 KPI - 总完工时间: 163.0min  | 设备利用率: 4.5% | 延期时间: 0.0min |  完成零件数: 2/33
🚥 回合评分: 0.465 (最佳: 0.553)
🔮 当前训练进度: 41.3% | 预计剩余时间: 37.2min | 完成时间: 23:20:02

🔂 回合 125/300 | 奖励: 201.0 | Actor损失: -0.4139| ⏱️  本轮用时: 11.9s (CPU采集: 10.9s, GPU更新: 1.0s)
📊 KPI - 总完工时间: 0.0min  | 设备利用率: 1.3% | 延期时间: 0.0min |  完成零件数: 0/33
🚥 回合评分: 0.000 (最佳: 0.553)
🔮 当前训练进度: 41.7% | 预计剩余时间: 37.0min | 完成时间: 23:20:24

🔂 回合 126/300 | 奖励: 203.6 | Actor损失: -0.4135| ⏱️  本轮用时: 11.4s (CPU采集: 10.5s, GPU更新: 0.8s)
📊 KPI - 总完工时间: 0.0min  | 设备利用率: 0.0% | 延期时间: 0.0min |  完成零件数: 0/33
🚥 回合评分: 0.000 (最佳: 0.553)
🔮 当前训练进度: 42.0% | 预计剩余时间: 36.7min | 完成时间: 23:20:45

🔂 回合 127/300 | 奖励: 193.7 | Actor损失: -0.4141| ⏱️  本轮用时: 11.5s (CPU采集: 10.7s, GPU更新: 0.8s)
📊 KPI - 总完工时间: 0.0min  | 设备利用率: 0.0% | 延期时间: 0.0min |  完成零件数: 0/33
🚥 回合评分: 0.000 (最佳: 0.553)
🔮 当前训练进度: 42.3% | 预计剩余时间: 36.5min | 完成时间: 23:21:05

🔂 回合 128/300 | 奖励: 201.0 | Actor损失: -0.4133| ⏱️  本轮用时: 11.5s (CPU采集: 10.6s, GPU更新: 0.9s)
📊 KPI - 总完工时间: 0.0min  | 设备利用率: 0.0% | 延期时间: 0.0min |  完成零件数: 0/33
🚥 回合评分: 0.000 (最佳: 0.553)
🔮 当前训练进度: 42.7% | 预计剩余时间: 36.3min | 完成时间: 23:21:25

🔂 回合 129/300 | 奖励: 202.7 | Actor损失: -0.4132| ⏱️  本轮用时: 11.7s (CPU采集: 10.8s, GPU更新: 0.9s)
📊 KPI - 总完工时间: 0.0min  | 设备利用率: 0.0% | 延期时间: 0.0min |  完成零件数: 0/33
🚥 回合评分: 0.000 (最佳: 0.553)
🔮 当前训练进度: 43.0% | 预计剩余时间: 36.0min | 完成时间: 23:21:46

🔂 回合 130/300 | 奖励: 198.0 | Actor损失: -0.4136| ⏱️  本轮用时: 11.4s (CPU采集: 10.6s, GPU更新: 0.8s)
📊 KPI - 总完工时间: 0.0min  | 设备利用率: 3.1% | 延期时间: 0.0min |  完成零件数: 0/33
🚥 回合评分: 0.000 (最佳: 0.553)
🔮 当前训练进度: 43.3% | 预计剩余时间: 35.8min | 完成时间: 23:22:05


============================================================
🎓 阶段 '效率强化' 训练完成，开始毕业考试...
   考试目标: 23 零件 | 实际完成: 0.0 零件 (0.0%)
   ❌ 考试未通过。当前阶段延长10轮训练。
============================================================

📚 课程状态: 效率强化 (30/40, 75.0%)
   当前难度: 16零件, 1.4x时间
📊 课程目标验证: 0.0/16 零件 (0.0%)
⚠️ 当前阶段表现不佳，可能需要调整参数!
🔂 回合 131/300 | 奖励: 202.1 | Actor损失: -0.4142| ⏱️  本轮用时: 46.0s (CPU采集: 10.8s, GPU更新: 0.8s)
📊 KPI - 总完工时间: 0.0min  | 设备利用率: 4.7% | 延期时间: 0.0min |  完成零件数: 0/33
🚥 回合评分: 0.000 (最佳: 0.553)
🔮 当前训练进度: 43.7% | 预计剩余时间: 36.3min | 完成时间: 23:23:45

🔂 回合 132/300 | 奖励: 199.4 | Actor损失: -0.4136| ⏱️  本轮用时: 11.4s (CPU采集: 10.6s, GPU更新: 0.9s)
📊 KPI - 总完工时间: 0.0min  | 设备利用率: 4.9% | 延期时间: 0.0min |  完成零件数: 0/33
🚥 回合评分: 0.000 (最佳: 0.553)
🔮 当前训练进度: 44.0% | 预计剩余时间: 36.1min | 完成时间: 23:24:05

🔂 回合 133/300 | 奖励: 203.4 | Actor损失: -0.4133| ⏱️  本轮用时: 11.6s (CPU采集: 10.6s, GPU更新: 0.9s)
📊 KPI - 总完工时间: 0.0min  | 设备利用率: 2.9% | 延期时间: 0.0min |  完成零件数: 0/33
🚥 回合评分: 0.000 (最佳: 0.553)
🔮 当前训练进度: 44.3% | 预计剩余时间: 35.8min | 完成时间: 23:24:26

🔂 回合 134/300 | 奖励: 202.8 | Actor损失: -0.4134| ⏱️  本轮用时: 11.6s (CPU采集: 10.8s, GPU更新: 0.9s)
📊 KPI - 总完工时间: 0.0min  | 设备利用率: 3.0% | 延期时间: 0.0min |  完成零件数: 0/33
🚥 回合评分: 0.000 (最佳: 0.553)
🔮 当前训练进度: 44.7% | 预计剩余时间: 35.6min | 完成时间: 23:24:48

🔂 回合 135/300 | 奖励: 207.2 | Actor损失: -0.4124| ⏱️  本轮用时: 11.5s (CPU采集: 10.6s, GPU更新: 0.8s)
📊 KPI - 总完工时间: 0.0min  | 设备利用率: 4.1% | 延期时间: 0.0min |  完成零件数: 0/33
🚥 回合评分: 0.000 (最佳: 0.553)
🔮 当前训练进度: 45.0% | 预计剩余时间: 35.3min | 完成时间: 23:25:07

🔂 回合 136/300 | 奖励: 205.9 | Actor损失: -0.4130| ⏱️  本轮用时: 11.5s (CPU采集: 10.6s, GPU更新: 0.9s)
📊 KPI - 总完工时间: 0.0min  | 设备利用率: 0.0% | 延期时间: 0.0min |  完成零件数: 0/33
🚥 回合评分: 0.000 (最佳: 0.553)
🔮 当前训练进度: 45.3% | 预计剩余时间: 35.1min | 完成时间: 23:25:27

🔂 回合 137/300 | 奖励: 199.9 | Actor损失: -0.4137| ⏱️  本轮用时: 11.5s (CPU采集: 10.6s, GPU更新: 0.9s)
📊 KPI - 总完工时间: 0.0min  | 设备利用率: 0.0% | 延期时间: 0.0min |  完成零件数: 0/33
🚥 回合评分: 0.000 (最佳: 0.553)
🔮 当前训练进度: 45.7% | 预计剩余时间: 34.9min | 完成时间: 23:25:48

🔂 回合 138/300 | 奖励: 201.5 | Actor损失: -0.4136| ⏱️  本轮用时: 11.5s (CPU采集: 10.7s, GPU更新: 0.9s)
📊 KPI - 总完工时间: 0.0min  | 设备利用率: 0.0% | 延期时间: 0.0min |  完成零件数: 0/33
🚥 回合评分: 0.000 (最佳: 0.553)
🔮 当前训练进度: 46.0% | 预计剩余时间: 34.6min | 完成时间: 23:26:09

🔂 回合 139/300 | 奖励: 201.5 | Actor损失: -0.4138| ⏱️  本轮用时: 11.5s (CPU采集: 10.6s, GPU更新: 0.9s)
📊 KPI - 总完工时间: 0.0min  | 设备利用率: 0.0% | 延期时间: 0.0min |  完成零件数: 0/33
🚥 回合评分: 0.000 (最佳: 0.553)
🔮 当前训练进度: 46.3% | 预计剩余时间: 34.4min | 完成时间: 23:26:30

🔂 回合 140/300 | 奖励: 201.2 | Actor损失: -0.4136| ⏱️  本轮用时: 11.4s (CPU采集: 10.6s, GPU更新: 0.9s)
📊 KPI - 总完工时间: 0.0min  | 设备利用率: 0.0% | 延期时间: 0.0min |  完成零件数: 0/33
🚥 回合评分: 0.000 (最佳: 0.553)
🔮 当前训练进度: 46.7% | 预计剩余时间: 34.1min | 完成时间: 23:26:50


============================================================
🎓 阶段 '效率强化' 训练完成，开始毕业考试...
   考试目标: 23 零件 | 实际完成: 0.0 零件 (0.0%)
   ❌ 考试未通过。当前阶段延长10轮训练。
============================================================

📚 课程状态: 效率强化 (40/50, 80.0%)
   当前难度: 16零件, 1.4x时间
📊 课程目标验证: 0.0/16 零件 (0.0%)
⚠️ 当前阶段表现不佳，可能需要调整参数!
🔂 回合 141/300 | 奖励: 196.0 | Actor损失: -0.4137| ⏱️  本轮用时: 46.5s (CPU采集: 11.0s, GPU更新: 0.8s)
📊 KPI - 总完工时间: 0.0min  | 设备利用率: 0.0% | 延期时间: 0.0min |  完成零件数: 0/33
🚥 回合评分: 0.000 (最佳: 0.553)
🔮 当前训练进度: 47.0% | 预计剩余时间: 34.6min | 完成时间: 23:28:25

🔂 回合 142/300 | 奖励: 202.2 | Actor损失: -0.4140| ⏱️  本轮用时: 11.7s (CPU采集: 10.8s, GPU更新: 0.9s)
📊 KPI - 总完工时间: 0.0min  | 设备利用率: 0.0% | 延期时间: 0.0min |  完成零件数: 0/33
🚥 回合评分: 0.000 (最佳: 0.553)
🔮 当前训练进度: 47.3% | 预计剩余时间: 34.3min | 完成时间: 23:28:45

🔂 回合 143/300 | 奖励: 202.5 | Actor损失: -0.4144| ⏱️  本轮用时: 11.5s (CPU采集: 10.6s, GPU更新: 0.9s)
📊 KPI - 总完工时间: 0.0min  | 设备利用率: 0.0% | 延期时间: 0.0min |  完成零件数: 0/33
🚥 回合评分: 0.000 (最佳: 0.553)
🔮 当前训练进度: 47.7% | 预计剩余时间: 34.1min | 完成时间: 23:29:06

🔂 回合 144/300 | 奖励: 200.0 | Actor损失: -0.4141| ⏱️  本轮用时: 11.5s (CPU采集: 10.6s, GPU更新: 0.9s)
📊 KPI - 总完工时间: 0.0min  | 设备利用率: 0.0% | 延期时间: 0.0min |  完成零件数: 0/33
🚥 回合评分: 0.000 (最佳: 0.553)
🔮 当前训练进度: 48.0% | 预计剩余时间: 33.8min | 完成时间: 23:29:27

🔂 回合 145/300 | 奖励: 201.6 | Actor损失: -0.4141| ⏱️  本轮用时: 11.4s (CPU采集: 10.6s, GPU更新: 0.9s)
📊 KPI - 总完工时间: 0.0min  | 设备利用率: 1.9% | 延期时间: 0.0min |  完成零件数: 0/33
🚥 回合评分: 0.000 (最佳: 0.553)
🔮 当前训练进度: 48.3% | 预计剩余时间: 33.6min | 完成时间: 23:29:46

🔂 回合 146/300 | 奖励: 197.4 | Actor损失: -0.4143| ⏱️  本轮用时: 11.4s (CPU采集: 10.5s, GPU更新: 0.9s)
📊 KPI - 总完工时间: 0.0min  | 设备利用率: 1.9% | 延期时间: 0.0min |  完成零件数: 0/33
🚥 回合评分: 0.000 (最佳: 0.553)
🔮 当前训练进度: 48.7% | 预计剩余时间: 33.3min | 完成时间: 23:30:06

🔂 回合 147/300 | 奖励: 197.4 | Actor损失: -0.4140| ⏱️  本轮用时: 11.3s (CPU采集: 10.5s, GPU更新: 0.9s)
📊 KPI - 总完工时间: 0.0min  | 设备利用率: 0.5% | 延期时间: 0.0min |  完成零件数: 0/33
🚥 回合评分: 0.000 (最佳: 0.553)
🔮 当前训练进度: 49.0% | 预计剩余时间: 33.1min | 完成时间: 23:30:26

🔂 回合 148/300 | 奖励: 203.1 | Actor损失: -0.4137| ⏱️  本轮用时: 11.3s (CPU采集: 10.4s, GPU更新: 0.9s)
📊 KPI - 总完工时间: 0.0min  | 设备利用率: 0.1% | 延期时间: 0.0min |  完成零件数: 0/33
🚥 回合评分: 0.000 (最佳: 0.553)
🔮 当前训练进度: 49.3% | 预计剩余时间: 32.8min | 完成时间: 23:30:46

🔂 回合 149/300 | 奖励: 199.7 | Actor损失: -0.4139| ⏱️  本轮用时: 11.4s (CPU采集: 10.5s, GPU更新: 0.9s)
📊 KPI - 总完工时间: 0.0min  | 设备利用率: 6.4% | 延期时间: 0.0min |  完成零件数: 0/33
🚥 回合评分: 0.000 (最佳: 0.553)
🔮 当前训练进度: 49.7% | 预计剩余时间: 32.6min | 完成时间: 23:31:06

🔂 回合 150/300 | 奖励: 202.1 | Actor损失: -0.4134| ⏱️  本轮用时: 11.4s (CPU采集: 10.5s, GPU更新: 0.8s)
📊 KPI - 总完工时间: 0.0min  | 设备利用率: 6.4% | 延期时间: 0.0min |  完成零件数: 0/33
🚥 回合评分: 0.000 (最佳: 0.553)
🔮 当前训练进度: 50.0% | 预计剩余时间: 32.4min | 完成时间: 23:31:26


============================================================
🎓 阶段 '效率强化' 训练完成，开始毕业考试...
   考试目标: 23 零件 | 实际完成: 0.0 零件 (0.0%)
   ❌ 考试未通过。当前阶段延长10轮训练。
============================================================

📚 课程状态: 效率强化 (50/60, 83.3%)
   当前难度: 16零件, 1.4x时间
📊 课程目标验证: 0.0/16 零件 (0.0%)
⚠️ 当前阶段表现不佳，可能需要调整参数!

============================================================
🎓 进行完整难度评估（100%订单，标准时间）...
🎯 完整难度评估结果:
   完成零件: 0.0/33 (0.0%)
   总完工时间: 0.0分钟
   设备利用率: 0.1%
📚 仍需更多训练!
============================================================

🔂 回合 151/300 | 奖励: 203.6 | Actor损失: -0.4138| ⏱️  本轮用时: 45.5s (CPU采集: 10.7s, GPU更新: 0.9s)
📊 KPI - 总完工时间: 0.0min  | 设备利用率: 6.8% | 延期时间: 0.0min |  完成零件数: 0/33
🚥 回合评分: 0.000 (最佳: 0.553)
🔮 当前训练进度: 50.3% | 预计剩余时间: 32.7min | 完成时间: 23:33:30

🔂 回合 152/300 | 奖励: 200.7 | Actor损失: -0.4137| ⏱️  本轮用时: 11.4s (CPU采集: 10.5s, GPU更新: 0.9s)
📊 KPI - 总完工时间: 0.0min  | 设备利用率: 0.1% | 延期时间: 0.0min |  完成零件数: 0/33
🚥 回合评分: 0.000 (最佳: 0.553)
🔮 当前训练进度: 50.7% | 预计剩余时间: 32.4min | 完成时间: 23:33:50

🔂 回合 153/300 | 奖励: 203.4 | Actor损失: -0.4140| ⏱️  本轮用时: 11.6s (CPU采集: 10.7s, GPU更新: 0.9s)
📊 KPI - 总完工时间: 0.0min  | 设备利用率: 0.0% | 延期时间: 0.0min |  完成零件数: 0/33
🚥 回合评分: 0.000 (最佳: 0.553)
🔮 当前训练进度: 51.0% | 预计剩余时间: 32.2min | 完成时间: 23:34:11

🔂 回合 154/300 | 奖励: 200.3 | Actor损失: -0.4134| ⏱️  本轮用时: 11.3s (CPU采集: 10.5s, GPU更新: 0.8s)
📊 KPI - 总完工时间: 0.0min  | 设备利用率: 0.0% | 延期时间: 0.0min |  完成零件数: 0/33
🚥 回合评分: 0.000 (最佳: 0.553)
🔮 当前训练进度: 51.3% | 预计剩余时间: 31.9min | 完成时间: 23:34:29

🔂 回合 155/300 | 奖励: 205.8 | Actor损失: -0.4138| ⏱️  本轮用时: 11.4s (CPU采集: 10.5s, GPU更新: 0.9s)
📊 KPI - 总完工时间: 0.0min  | 设备利用率: 0.0% | 延期时间: 0.0min |  完成零件数: 0/33
🚥 回合评分: 0.000 (最佳: 0.553)
🔮 当前训练进度: 51.7% | 预计剩余时间: 31.7min | 完成时间: 23:34:50

🔂 回合 156/300 | 奖励: 206.4 | Actor损失: -0.4133| ⏱️  本轮用时: 11.2s (CPU采集: 10.3s, GPU更新: 0.9s)
📊 KPI - 总完工时间: 0.0min  | 设备利用率: 0.0% | 延期时间: 0.0min |  完成零件数: 0/33
🚥 回合评分: 0.000 (最佳: 0.553)
🔮 当前训练进度: 52.0% | 预计剩余时间: 31.4min | 完成时间: 23:35:10

🔂 回合 157/300 | 奖励: 203.2 | Actor损失: -0.4140| ⏱️  本轮用时: 11.3s (CPU采集: 10.5s, GPU更新: 0.9s)
📊 KPI - 总完工时间: 0.0min  | 设备利用率: 0.0% | 延期时间: 0.0min |  完成零件数: 0/33
🚥 回合评分: 0.000 (最佳: 0.553)
🔮 当前训练进度: 52.3% | 预计剩余时间: 31.2min | 完成时间: 23:35:30

🔂 回合 158/300 | 奖励: 202.4 | Actor损失: -0.4138| ⏱️  本轮用时: 11.2s (CPU采集: 10.4s, GPU更新: 0.8s)
📊 KPI - 总完工时间: 0.0min  | 设备利用率: 0.0% | 延期时间: 0.0min |  完成零件数: 0/33
🚥 回合评分: 0.000 (最佳: 0.553)
🔮 当前训练进度: 52.7% | 预计剩余时间: 30.9min | 完成时间: 23:35:49

🔂 回合 159/300 | 奖励: 204.2 | Actor损失: -0.4134| ⏱️  本轮用时: 11.2s (CPU采集: 10.4s, GPU更新: 0.8s)
📊 KPI - 总完工时间: 0.0min  | 设备利用率: 1.1% | 延期时间: 0.0min |  完成零件数: 0/33
🚥 回合评分: 0.000 (最佳: 0.553)
🔮 当前训练进度: 53.0% | 预计剩余时间: 30.7min | 完成时间: 23:36:10

🔂 回合 160/300 | 奖励: 203.2 | Actor损失: -0.4136| ⏱️  本轮用时: 11.4s (CPU采集: 10.5s, GPU更新: 0.9s)
📊 KPI - 总完工时间: 0.0min  | 设备利用率: 0.9% | 延期时间: 0.0min |  完成零件数: 0/33
🚥 回合评分: 0.000 (最佳: 0.553)
🔮 当前训练进度: 53.3% | 预计剩余时间: 30.5min | 完成时间: 23:36:30


============================================================
🎓 阶段 '效率强化' 训练完成，开始毕业考试...
   考试目标: 23 零件 | 实际完成: 0.0 零件 (0.0%)
   ❌ 考试未通过。当前阶段延长10轮训练。
============================================================

📚 课程状态: 效率强化 (60/70, 85.7%)
   当前难度: 16零件, 1.4x时间
📊 课程目标验证: 0.0/16 零件 (0.0%)
⚠️ 当前阶段表现不佳，可能需要调整参数!
🔂 回合 161/300 | 奖励: 204.8 | Actor损失: -0.4139| ⏱️  本轮用时: 45.3s (CPU采集: 10.5s, GPU更新: 0.9s)
📊 KPI - 总完工时间: 0.0min  | 设备利用率: 1.6% | 延期时间: 0.0min |  完成零件数: 0/33
🚥 回合评分: 0.000 (最佳: 0.553)
🔮 当前训练进度: 53.7% | 预计剩余时间: 30.7min | 完成时间: 23:37:54

🔂 回合 162/300 | 奖励: 203.4 | Actor损失: -0.4134| ⏱️  本轮用时: 11.3s (CPU采集: 10.4s, GPU更新: 0.8s)
📊 KPI - 总完工时间: 0.0min  | 设备利用率: 3.7% | 延期时间: 0.0min |  完成零件数: 0/33
🚥 回合评分: 0.000 (最佳: 0.553)
🔮 当前训练进度: 54.0% | 预计剩余时间: 30.5min | 完成时间: 23:38:14

🔂 回合 163/300 | 奖励: 203.4 | Actor损失: -0.4144| ⏱️  本轮用时: 11.4s (CPU采集: 10.5s, GPU更新: 0.9s)
📊 KPI - 总完工时间: 0.0min  | 设备利用率: 3.5% | 延期时间: 0.0min |  完成零件数: 0/33
🚥 回合评分: 0.000 (最佳: 0.553)
🔮 当前训练进度: 54.3% | 预计剩余时间: 30.2min | 完成时间: 23:38:33

🔂 回合 164/300 | 奖励: 203.5 | Actor损失: -0.4128| ⏱️  本轮用时: 11.5s (CPU采集: 10.6s, GPU更新: 0.9s)
📊 KPI - 总完工时间: 0.0min  | 设备利用率: 4.0% | 延期时间: 0.0min |  完成零件数: 0/33
🚥 回合评分: 0.000 (最佳: 0.553)
🔮 当前训练进度: 54.7% | 预计剩余时间: 30.0min | 完成时间: 23:38:53

🔂 回合 165/300 | 奖励: 198.2 | Actor损失: -0.4125| ⏱️  本轮用时: 11.3s (CPU采集: 10.4s, GPU更新: 0.9s)
📊 KPI - 总完工时间: 0.0min  | 设备利用率: 4.9% | 延期时间: 0.0min |  完成零件数: 0/33
🚥 回合评分: 0.000 (最佳: 0.553)
🔮 当前训练进度: 55.0% | 预计剩余时间: 29.7min | 完成时间: 23:39:12

🔂 回合 166/300 | 奖励: 205.4 | Actor损失: -0.4130| ⏱️  本轮用时: 11.4s (CPU采集: 10.5s, GPU更新: 0.9s)
📊 KPI - 总完工时间: 0.0min  | 设备利用率: 5.6% | 延期时间: 0.0min |  完成零件数: 0/33
🚥 回合评分: 0.000 (最佳: 0.553)
🔮 当前训练进度: 55.3% | 预计剩余时间: 29.5min | 完成时间: 23:39:31

🔂 回合 167/300 | 奖励: 200.7 | Actor损失: -0.4135| ⏱️  本轮用时: 11.6s (CPU采集: 10.7s, GPU更新: 0.9s)
📊 KPI - 总完工时间: 0.0min  | 设备利用率: 6.7% | 延期时间: 0.0min |  完成零件数: 0/33
🚥 回合评分: 0.000 (最佳: 0.553)
🔮 当前训练进度: 55.7% | 预计剩余时间: 29.2min | 完成时间: 23:39:50

🔂 回合 168/300 | 奖励: 207.4 | Actor损失: -0.4127| ⏱️  本轮用时: 11.6s (CPU采集: 10.8s, GPU更新: 0.8s)
📊 KPI - 总完工时间: 189.0min  | 设备利用率: 6.2% | 延期时间: 0.0min |  完成零件数: 7/33
🚥 回合评分: 0.549 (最佳: 0.553)
🔮 当前训练进度: 56.0% | 预计剩余时间: 29.0min | 完成时间: 23:40:10

🔂 回合 169/300 | 奖励: 208.2 | Actor损失: -0.4130| ⏱️  本轮用时: 11.2s (CPU采集: 10.3s, GPU更新: 0.8s)
📊 KPI - 总完工时间: 197.0min  | 设备利用率: 7.0% | 延期时间: 0.0min |  完成零件数: 6/33
🚥 回合评分: 0.528 (最佳: 0.553)
🔮 当前训练进度: 56.3% | 预计剩余时间: 28.7min | 完成时间: 23:40:29

🔂 回合 170/300 | 奖励: 206.4 | Actor损失: -0.4133| ⏱️  本轮用时: 11.5s (CPU采集: 10.6s, GPU更新: 0.9s)
📊 KPI - 总完工时间: 200.0min  | 设备利用率: 7.0% | 延期时间: 0.0min |  完成零件数: 6/33
🚥 回合评分: 0.527 (最佳: 0.553)
🔮 当前训练进度: 56.7% | 预计剩余时间: 28.5min | 完成时间: 23:40:50


============================================================
🎓 阶段 '效率强化' 训练完成，开始毕业考试...
   考试目标: 23 零件 | 实际完成: 10.0 零件 (43.5%)
   ✅ 考试通过！进入下一阶段: '中级挑战'
============================================================

📚 [回合 171] 🔄 课程学习阶段切换!
   新阶段: 中级挑战
   订单比例: 0.7 (目标零件数: 23)
   时间比例: 1.2 (时间限制: 1440分钟)
   计划训练轮数: 25
   学习率调整: 1.70e-04 (适应新难度)
------------------------------------------------------------
📚 课程状态: 中级挑战 (0/25, 0.0%)
   当前难度: 23零件, 1.2x时间
📊 课程目标验证: 10.0/23 零件 (43.5%)
⚠️ 当前阶段表现不佳，可能需要调整参数!
🔂 回合 171/300 | 奖励: 205.0 | Actor损失: -0.4136| ⏱️  本轮用时: 45.6s (CPU采集: 10.4s, GPU更新: 0.8s)
📊 KPI - 总完工时间: 241.0min  | 设备利用率: 9.3% | 延期时间: 0.0min |  完成零件数: 10/33
🚥 回合评分: 0.529 (最佳: 0.553)
🔮 当前训练进度: 57.0% | 预计剩余时间: 28.7min | 完成时间: 23:42:09

🔂 回合 172/300 | 奖励: 203.7 | Actor损失: -0.4134| ⏱️  本轮用时: 10.9s (CPU采集: 10.1s, GPU更新: 0.9s)
📊 KPI - 总完工时间: 241.0min  | 设备利用率: 9.3% | 延期时间: 0.0min |  完成零件数: 10/33
🚥 回合评分: 0.529 (最佳: 0.553)
🔮 当前训练进度: 57.3% | 预计剩余时间: 28.4min | 完成时间: 23:42:27

🔂 回合 173/300 | 奖励: 203.5 | Actor损失: -0.4135| ⏱️  本轮用时: 10.9s (CPU采集: 10.0s, GPU更新: 0.9s)
📊 KPI - 总完工时间: 241.0min  | 设备利用率: 9.3% | 延期时间: 0.0min |  完成零件数: 10/33
🚥 回合评分: 0.529 (最佳: 0.553)
🔮 当前训练进度: 57.7% | 预计剩余时间: 28.2min | 完成时间: 23:42:45

🔂 回合 174/300 | 奖励: 203.5 | Actor损失: -0.4136| ⏱️  本轮用时: 11.4s (CPU采集: 10.5s, GPU更新: 0.9s)
📊 KPI - 总完工时间: 241.0min  | 设备利用率: 9.3% | 延期时间: 0.0min |  完成零件数: 10/33
🚥 回合评分: 0.529 (最佳: 0.553)
🔮 当前训练进度: 58.0% | 预计剩余时间: 27.9min | 完成时间: 23:43:04

🔂 回合 175/300 | 奖励: 202.1 | Actor损失: -0.4137| ⏱️  本轮用时: 11.0s (CPU采集: 10.1s, GPU更新: 0.9s)
📊 KPI - 总完工时间: 241.0min  | 设备利用率: 9.3% | 延期时间: 0.0min |  完成零件数: 10/33
🚥 回合评分: 0.529 (最佳: 0.553)
🔮 当前训练进度: 58.3% | 预计剩余时间: 27.7min | 完成时间: 23:43:21

🔂 回合 176/300 | 奖励: 206.8 | Actor损失: -0.4136| ⏱️  本轮用时: 11.1s (CPU采集: 10.2s, GPU更新: 0.9s)
📊 KPI - 总完工时间: 241.0min  | 设备利用率: 9.3% | 延期时间: 0.0min |  完成零件数: 10/33
🚥 回合评分: 0.529 (最佳: 0.553)
🔮 当前训练进度: 58.7% | 预计剩余时间: 27.5min | 完成时间: 23:43:40

🔂 回合 177/300 | 奖励: 207.0 | Actor损失: -0.4132| ⏱️  本轮用时: 11.1s (CPU采集: 10.2s, GPU更新: 0.9s)
📊 KPI - 总完工时间: 245.0min  | 设备利用率: 8.7% | 延期时间: 0.0min |  完成零件数: 10/33
🚥 回合评分: 0.525 (最佳: 0.553)
🔮 当前训练进度: 59.0% | 预计剩余时间: 27.2min | 完成时间: 23:43:58

🔂 回合 178/300 | 奖励: 200.2 | Actor损失: -0.4126| ⏱️  本轮用时: 11.0s (CPU采集: 10.1s, GPU更新: 0.9s)
📊 KPI - 总完工时间: 190.0min  | 设备利用率: 7.9% | 延期时间: 0.0min |  完成零件数: 3/33
🚥 回合评分: 0.460 (最佳: 0.553)
🔮 当前训练进度: 59.3% | 预计剩余时间: 27.0min | 完成时间: 23:44:16

🔂 回合 179/300 | 奖励: 206.1 | Actor损失: -0.4128| ⏱️  本轮用时: 10.8s (CPU采集: 10.0s, GPU更新: 0.8s)
📊 KPI - 总完工时间: 197.0min  | 设备利用率: 5.5% | 延期时间: 0.0min |  完成零件数: 3/33
🚥 回合评分: 0.452 (最佳: 0.553)
🔮 当前训练进度: 59.7% | 预计剩余时间: 26.7min | 完成时间: 23:44:34

🔂 回合 180/300 | 奖励: 204.1 | Actor损失: -0.4127| ⏱️  本轮用时: 11.2s (CPU采集: 10.3s, GPU更新: 0.9s)
📊 KPI - 总完工时间: 182.0min  | 设备利用率: 4.5% | 延期时间: 0.0min |  完成零件数: 2/33
🚥 回合评分: 0.444 (最佳: 0.553)
🔮 当前训练进度: 60.0% | 预计剩余时间: 26.5min | 完成时间: 23:44:54

📚 课程状态: 中级挑战 (10/25, 40.0%)
   当前难度: 23零件, 1.2x时间
📊 课程目标验证: 0.0/23 零件 (0.0%)
⚠️ 当前阶段表现不佳，可能需要调整参数!

============================================================
🎓 进行完整难度评估（100%订单，标准时间）...
🎯 完整难度评估结果:
   完成零件: 0.0/33 (0.0%)
   总完工时间: 0.0分钟
   设备利用率: 0.0%
📚 仍需更多训练!
============================================================

🔂 回合 181/300 | 奖励: 201.6 | Actor损失: -0.4131| ⏱️  本轮用时: 10.8s (CPU采集: 9.9s, GPU更新: 0.9s)
📊 KPI - 总完工时间: 0.0min  | 设备利用率: 0.0% | 延期时间: 0.0min |  完成零件数: 0/33
🚥 回合评分: 0.000 (最佳: 0.553)
🔮 当前训练进度: 60.3% | 预计剩余时间: 26.2min | 完成时间: 23:45:47

🔂 回合 182/300 | 奖励: 203.2 | Actor损失: -0.4126| ⏱️  本轮用时: 11.3s (CPU采集: 10.4s, GPU更新: 0.9s)
📊 KPI - 总完工时间: 0.0min  | 设备利用率: 0.0% | 延期时间: 0.0min |  完成零件数: 0/33
🚥 回合评分: 0.000 (最佳: 0.553)
🔮 当前训练进度: 60.7% | 预计剩余时间: 26.0min | 完成时间: 23:46:06

🔂 回合 183/300 | 奖励: 203.3 | Actor损失: -0.4127| ⏱️  本轮用时: 11.5s (CPU采集: 10.7s, GPU更新: 0.8s)
📊 KPI - 总完工时间: 0.0min  | 设备利用率: 0.0% | 延期时间: 0.0min |  完成零件数: 0/33
🚥 回合评分: 0.000 (最佳: 0.553)
🔮 当前训练进度: 61.0% | 预计剩余时间: 25.7min | 完成时间: 23:46:27

🔂 回合 184/300 | 奖励: 200.2 | Actor损失: -0.4130| ⏱️  本轮用时: 11.3s (CPU采集: 10.4s, GPU更新: 0.9s)
📊 KPI - 总完工时间: 0.0min  | 设备利用率: 0.0% | 延期时间: 0.0min |  完成零件数: 0/33
🚥 回合评分: 0.000 (最佳: 0.553)
🔮 当前训练进度: 61.3% | 预计剩余时间: 25.5min | 完成时间: 23:46:47

🔂 回合 185/300 | 奖励: 204.8 | Actor损失: -0.4128| ⏱️  本轮用时: 11.4s (CPU采集: 10.6s, GPU更新: 0.8s)
📊 KPI - 总完工时间: 0.0min  | 设备利用率: 1.9% | 延期时间: 0.0min |  完成零件数: 0/33
🚥 回合评分: 0.000 (最佳: 0.553)
🔮 当前训练进度: 61.7% | 预计剩余时间: 25.3min | 完成时间: 23:47:08

🔂 回合 186/300 | 奖励: 205.4 | Actor损失: -0.4130| ⏱️  本轮用时: 11.4s (CPU采集: 10.5s, GPU更新: 0.8s)
📊 KPI - 总完工时间: 0.0min  | 设备利用率: 3.2% | 延期时间: 0.0min |  完成零件数: 0/33
🚥 回合评分: 0.000 (最佳: 0.553)
🔮 当前训练进度: 62.0% | 预计剩余时间: 25.0min | 完成时间: 23:47:28

🔂 回合 187/300 | 奖励: 205.7 | Actor损失: -0.4127| ⏱️  本轮用时: 11.5s (CPU采集: 10.7s, GPU更新: 0.9s)
📊 KPI - 总完工时间: 0.0min  | 设备利用率: 3.2% | 延期时间: 0.0min |  完成零件数: 0/33
🚥 回合评分: 0.000 (最佳: 0.553)
🔮 当前训练进度: 62.3% | 预计剩余时间: 24.8min | 完成时间: 23:47:47

🔂 回合 188/300 | 奖励: 205.9 | Actor损失: -0.4127| ⏱️  本轮用时: 11.3s (CPU采集: 10.5s, GPU更新: 0.8s)
📊 KPI - 总完工时间: 0.0min  | 设备利用率: 1.6% | 延期时间: 0.0min |  完成零件数: 0/33
🚥 回合评分: 0.000 (最佳: 0.553)
🔮 当前训练进度: 62.7% | 预计剩余时间: 24.5min | 完成时间: 23:48:09

🔂 回合 189/300 | 奖励: 202.0 | Actor损失: -0.4129| ⏱️  本轮用时: 11.4s (CPU采集: 10.6s, GPU更新: 0.9s)
📊 KPI - 总完工时间: 0.0min  | 设备利用率: 0.0% | 延期时间: 0.0min |  完成零件数: 0/33
🚥 回合评分: 0.000 (最佳: 0.553)
🔮 当前训练进度: 63.0% | 预计剩余时间: 24.3min | 完成时间: 23:48:31

🔂 回合 190/300 | 奖励: 202.4 | Actor损失: -0.4125| ⏱️  本轮用时: 11.4s (CPU采集: 10.5s, GPU更新: 0.9s)
📊 KPI - 总完工时间: 0.0min  | 设备利用率: 0.0% | 延期时间: 0.0min |  完成零件数: 0/33
🚥 回合评分: 0.000 (最佳: 0.553)
🔮 当前训练进度: 63.3% | 预计剩余时间: 24.1min | 完成时间: 23:48:53

📚 课程状态: 中级挑战 (20/25, 80.0%)
   当前难度: 23零件, 1.2x时间
📊 课程目标验证: 0.0/23 零件 (0.0%)
⚠️ 当前阶段表现不佳，可能需要调整参数!
🔂 回合 191/300 | 奖励: 207.5 | Actor损失: -0.4131| ⏱️  本轮用时: 11.5s (CPU采集: 10.6s, GPU更新: 0.9s)
📊 KPI - 总完工时间: 0.0min  | 设备利用率: 0.0% | 延期时间: 0.0min |  完成零件数: 0/33
🚥 回合评分: 0.000 (最佳: 0.553)
🔮 当前训练进度: 63.7% | 预计剩余时间: 23.8min | 完成时间: 23:49:14

🔂 回合 192/300 | 奖励: 203.7 | Actor损失: -0.4130| ⏱️  本轮用时: 11.6s (CPU采集: 10.7s, GPU更新: 0.9s)
📊 KPI - 总完工时间: 0.0min  | 设备利用率: 0.0% | 延期时间: 0.0min |  完成零件数: 0/33
🚥 回合评分: 0.000 (最佳: 0.553)
🔮 当前训练进度: 64.0% | 预计剩余时间: 23.6min | 完成时间: 23:49:34

🔂 回合 193/300 | 奖励: 202.3 | Actor损失: -0.4129| ⏱️  本轮用时: 11.3s (CPU采集: 10.5s, GPU更新: 0.9s)
📊 KPI - 总完工时间: 0.0min  | 设备利用率: 0.0% | 延期时间: 0.0min |  完成零件数: 0/33
🚥 回合评分: 0.000 (最佳: 0.553)
🔮 当前训练进度: 64.3% | 预计剩余时间: 23.4min | 完成时间: 23:49:55

🔂 回合 194/300 | 奖励: 209.8 | Actor损失: -0.4126| ⏱️  本轮用时: 11.5s (CPU采集: 10.7s, GPU更新: 0.9s)
📊 KPI - 总完工时间: 0.0min  | 设备利用率: 0.0% | 延期时间: 0.0min |  完成零件数: 0/33
🚥 回合评分: 0.000 (最佳: 0.553)
🔮 当前训练进度: 64.7% | 预计剩余时间: 23.1min | 完成时间: 23:50:16

🔂 回合 195/300 | 奖励: 204.7 | Actor损失: -0.4129| ⏱️  本轮用时: 11.5s (CPU采集: 10.6s, GPU更新: 0.9s)
📊 KPI - 总完工时间: 0.0min  | 设备利用率: 3.4% | 延期时间: 0.0min |  完成零件数: 0/33
🚥 回合评分: 0.000 (最佳: 0.553)
🔮 当前训练进度: 65.0% | 预计剩余时间: 22.9min | 完成时间: 23:50:36


============================================================
🎓 阶段 '中级挑战' 训练完成，开始毕业考试...
   考试目标: 28 零件 | 实际完成: 0.0 零件 (0.0%)
   ❌ 考试未通过。当前阶段延长10轮训练。
============================================================

