🏭 W工厂订单思维革命PPO训练系统 V12 (性能极限版)
🎯 V12 核心升级: 提升神经网络容量，充分利用RTX 3080 Ti算力
🚀 V10性能革命: 采用安全的Spawn模式实现稳定的CPU并行加速
💾 安全特性: 自动内存监控 + 垃圾回收 + 检查点保存 + 动态网络调整
================================================================================
💻 系统资源检测:
   CPU核心数: 256
   总内存: 503.4GB
   可用内存: 408.3GB
   GPU可用: ❌
🔧 V7高性能模式: TensorFlow使用24个inter线程, 48个intra线程
🚀 CPU优化: 充分利用256核心处理器
🔧 V9 CPU并行优化: 将使用 32 个并行环境进行数据采集 (智能调节)
🔧 环境空间检测:
   观测维度: 15
   动作维度: 4
   智能体数量: 5
✅ 充足内存模式: 性能完全释放，使用完整训练规模！
📊 TensorBoard日志已启用: 自定义ppo/tensorboard_logs/20250823_193939
    使用命令: tensorboard --logdir=自定义ppo/tensorboard_logs/20250823_193939
✅ 充足内存模式: 性能完全释放，使用完整训练规模！
🚀 开始PPO训练 (V16 课程学习增强版)
📊 训练参数: 300回合, 每回合1500步
💻 系统配置: 503.4GB内存, GPU=❌
📚 课程学习已启用，共6个阶段:
   阶段1: 极简入门 - 50轮，订单20%
   阶段2: 基础练习 - 40轮，订单30%
   阶段3: 稳定训练 - 30轮，订单50%
   阶段4: 中级挑战 - 25轮，订单70%
   阶段5: 高级训练 - 20轮，订单85%
   阶段6: 完整挑战 - 15轮，订单100%
================================================================================
🔧 V8配置挑战性验证:
   总零件数: 33
   总加工时间: 1652.0分钟
   理论最短完工时间: 413.0分钟
   仿真时间限制: 600分钟
   ⚠️  环境具有中等挑战性 (理论完工时间占仿真时间68.8%)
   🔍 瓶颈工作站: 五轴加工中心 (负荷: 413.0分钟)
配置文件验证通过！
🕐 训练开始时间: 2025-08-23 19:39:39
================================================================================
📚 [回合 1] 🔄 课程学习阶段切换!
   新阶段: 极简入门
   订单比例: 0.2 (目标零件数: 6)
   时间比例: 1.5 (时间限制: 1800分钟)
   计划训练轮数: 50
------------------------------------------------------------
📚 课程状态: 极简入门 (0/50, 0.0%)
   当前难度: 6零件, 1.5x时间
📊 课程目标验证: 0.0/6 零件 (0.0%)
⚠️ 当前阶段表现不佳，可能需要调整参数!
🔂 回合   1/300 | 奖励: 534.0 | Actor损失: -0.4181| ⏱️  本轮用时: 11.8s (CPU采集: 10.6s, GPU更新: 1.2s)
📊 KPI - 总完工时间: 0.0min  | 设备利用率: 2.4% | 延期时间: 0.0min |  完成零件数: 0/33
🚥 回合评分: 0.000 (最佳: 0.000)✅ 模型已更新: 自定义ppo/ppo_models/best_ppo_model_20250823_193939_actor.keras
🔮 当前训练进度: 0.3% | 预计剩余时间: 59.0min | 完成时间: 20:39:10

🔂 回合   2/300 | 奖励: 535.5 | Actor损失: -0.4158| ⏱️  本轮用时: 11.3s (CPU采集: 10.4s, GPU更新: 0.9s)
📊 KPI - 总完工时间: 0.0min  | 设备利用率: 1.2% | 延期时间: 0.0min |  完成零件数: 0/33
🚥 回合评分: 0.000 (最佳: 0.000)
🔮 当前训练进度: 0.7% | 预计剩余时间: 57.3min | 完成时间: 20:38:05

🔂 回合   3/300 | 奖励: 528.6 | Actor损失: -0.4152| ⏱️  本轮用时: 11.4s (CPU采集: 10.6s, GPU更新: 0.9s)
📊 KPI - 总完工时间: 0.0min  | 设备利用率: 1.2% | 延期时间: 0.0min |  完成零件数: 0/33
🚥 回合评分: 0.000 (最佳: 0.000)
🔮 当前训练进度: 1.0% | 预计剩余时间: 57.0min | 完成时间: 20:38:16

🔂 回合   4/300 | 奖励: 541.2 | Actor损失: -0.4153| ⏱️  本轮用时: 11.3s (CPU采集: 10.4s, GPU更新: 0.8s)
📊 KPI - 总完工时间: 0.0min  | 设备利用率: 0.9% | 延期时间: 0.0min |  完成零件数: 0/33
🚥 回合评分: 0.000 (最佳: 0.000)
🔮 当前训练进度: 1.3% | 预计剩余时间: 56.5min | 完成时间: 20:38:19

🔂 回合   5/300 | 奖励: 549.6 | Actor损失: -0.4153| ⏱️  本轮用时: 11.2s (CPU采集: 10.4s, GPU更新: 0.9s)
📊 KPI - 总完工时间: 0.0min  | 设备利用率: 0.0% | 延期时间: 0.0min |  完成零件数: 0/33
🚥 回合评分: 0.000 (最佳: 0.000)
🔮 当前训练进度: 1.7% | 预计剩余时间: 56.1min | 完成时间: 20:38:29

🔂 回合   6/300 | 奖励: 552.4 | Actor损失: -0.4156| ⏱️  本轮用时: 11.3s (CPU采集: 10.5s, GPU更新: 0.9s)
📊 KPI - 总完工时间: 0.0min  | 设备利用率: 0.0% | 延期时间: 0.0min |  完成零件数: 0/33
🚥 回合评分: 0.000 (最佳: 0.000)
🔮 当前训练进度: 2.0% | 预计剩余时间: 55.8min | 完成时间: 20:38:47

🔂 回合   7/300 | 奖励: 535.2 | Actor损失: -0.4149| ⏱️  本轮用时: 11.4s (CPU采集: 10.6s, GPU更新: 0.8s)
📊 KPI - 总完工时间: 0.0min  | 设备利用率: 1.0% | 延期时间: 0.0min |  完成零件数: 0/33
🚥 回合评分: 0.000 (最佳: 0.000)
🔮 当前训练进度: 2.3% | 预计剩余时间: 55.7min | 完成时间: 20:39:10

🔂 回合   8/300 | 奖励: 536.5 | Actor损失: -0.4154| ⏱️  本轮用时: 11.5s (CPU采集: 10.6s, GPU更新: 0.9s)
📊 KPI - 总完工时间: 0.0min  | 设备利用率: 1.0% | 延期时间: 0.0min |  完成零件数: 0/33
🚥 回合评分: 0.000 (最佳: 0.000)
🔮 当前训练进度: 2.7% | 预计剩余时间: 55.5min | 完成时间: 20:39:36

🔂 回合   9/300 | 奖励: 544.8 | Actor损失: -0.4159| ⏱️  本轮用时: 11.6s (CPU采集: 10.7s, GPU更新: 0.9s)
📊 KPI - 总完工时间: 0.0min  | 设备利用率: 0.0% | 延期时间: 0.0min |  完成零件数: 0/33
🚥 回合评分: 0.000 (最佳: 0.000)
🔮 当前训练进度: 3.0% | 预计剩余时间: 55.5min | 完成时间: 20:40:04

🔂 回合  10/300 | 奖励: 526.0 | Actor损失: -0.4132| ⏱️  本轮用时: 11.4s (CPU采集: 10.5s, GPU更新: 0.9s)
📊 KPI - 总完工时间: 0.0min  | 设备利用率: 0.0% | 延期时间: 0.0min |  完成零件数: 0/33
🚥 回合评分: 0.000 (最佳: 0.000)
🔮 当前训练进度: 3.3% | 预计剩余时间: 55.3min | 完成时间: 20:40:24

📚 课程状态: 极简入门 (10/50, 20.0%)
   当前难度: 6零件, 1.5x时间
📊 课程目标验证: 0.0/6 零件 (0.0%)
⚠️ 当前阶段表现不佳，可能需要调整参数!
🔂 回合  11/300 | 奖励: 539.5 | Actor损失: -0.4148| ⏱️  本轮用时: 11.2s (CPU采集: 10.4s, GPU更新: 0.9s)
📊 KPI - 总完工时间: 0.0min  | 设备利用率: 0.0% | 延期时间: 0.0min |  完成零件数: 0/33
🚥 回合评分: 0.000 (最佳: 0.000)
🔮 当前训练进度: 3.7% | 预计剩余时间: 55.0min | 完成时间: 20:40:41

🔂 回合  12/300 | 奖励: 529.6 | Actor损失: -0.4140| ⏱️  本轮用时: 11.3s (CPU采集: 10.4s, GPU更新: 0.9s)
📊 KPI - 总完工时间: 0.0min  | 设备利用率: 0.0% | 延期时间: 0.0min |  完成零件数: 0/33
🚥 回合评分: 0.000 (最佳: 0.000)
🔮 当前训练进度: 4.0% | 预计剩余时间: 54.7min | 完成时间: 20:40:59

🔂 回合  13/300 | 奖励: 540.8 | Actor损失: -0.4156| ⏱️  本轮用时: 11.2s (CPU采集: 10.3s, GPU更新: 0.9s)
📊 KPI - 总完工时间: 0.0min  | 设备利用率: 1.0% | 延期时间: 0.0min |  完成零件数: 0/33
🚥 回合评分: 0.000 (最佳: 0.000)
🔮 当前训练进度: 4.3% | 预计剩余时间: 54.5min | 完成时间: 20:41:14

🔂 回合  14/300 | 奖励: 539.4 | Actor损失: -0.4138| ⏱️  本轮用时: 11.0s (CPU采集: 10.1s, GPU更新: 0.9s)
📊 KPI - 总完工时间: 0.0min  | 设备利用率: 1.2% | 延期时间: 0.0min |  完成零件数: 0/33
🚥 回合评分: 0.000 (最佳: 0.000)
🔮 当前训练进度: 4.7% | 预计剩余时间: 54.1min | 完成时间: 20:41:27

🔂 回合  15/300 | 奖励: 540.1 | Actor损失: -0.4146| ⏱️  本轮用时: 11.1s (CPU采集: 10.2s, GPU更新: 0.9s)
📊 KPI - 总完工时间: 0.0min  | 设备利用率: 0.5% | 延期时间: 0.0min |  完成零件数: 0/33
🚥 回合评分: 0.000 (最佳: 0.000)
🔮 当前训练进度: 5.0% | 预计剩余时间: 53.9min | 完成时间: 20:41:43

🔂 回合  16/300 | 奖励: 551.4 | Actor损失: -0.4142| ⏱️  本轮用时: 11.3s (CPU采集: 10.4s, GPU更新: 0.9s)
📊 KPI - 总完工时间: 0.0min  | 设备利用率: 1.0% | 延期时间: 0.0min |  完成零件数: 0/33
🚥 回合评分: 0.000 (最佳: 0.000)
🔮 当前训练进度: 5.3% | 预计剩余时间: 53.7min | 完成时间: 20:42:03

🔂 回合  17/300 | 奖励: 549.1 | Actor损失: -0.4131| ⏱️  本轮用时: 11.3s (CPU采集: 10.5s, GPU更新: 0.8s)
📊 KPI - 总完工时间: 0.0min  | 设备利用率: 1.0% | 延期时间: 0.0min |  完成零件数: 0/33
🚥 回合评分: 0.000 (最佳: 0.000)
🔮 当前训练进度: 5.7% | 预计剩余时间: 53.5min | 完成时间: 20:42:25

🔂 回合  18/300 | 奖励: 538.5 | Actor损失: -0.4121| ⏱️  本轮用时: 11.4s (CPU采集: 10.5s, GPU更新: 0.9s)
📊 KPI - 总完工时间: 0.0min  | 设备利用率: 1.7% | 延期时间: 0.0min |  完成零件数: 0/33
🚥 回合评分: 0.000 (最佳: 0.000)
🔮 当前训练进度: 6.0% | 预计剩余时间: 53.3min | 完成时间: 20:42:47

🔂 回合  19/300 | 奖励: 552.0 | Actor损失: -0.4132| ⏱️  本轮用时: 11.3s (CPU采集: 10.4s, GPU更新: 0.9s)
📊 KPI - 总完工时间: 0.0min  | 设备利用率: 0.9% | 延期时间: 0.0min |  完成零件数: 0/33
🚥 回合评分: 0.000 (最佳: 0.000)
🔮 当前训练进度: 6.3% | 预计剩余时间: 53.1min | 完成时间: 20:43:08

🔂 回合  20/300 | 奖励: 544.8 | Actor损失: -0.4138| ⏱️  本轮用时: 11.3s (CPU采集: 10.4s, GPU更新: 0.9s)
📊 KPI - 总完工时间: 0.0min  | 设备利用率: 0.0% | 延期时间: 0.0min |  完成零件数: 0/33
🚥 回合评分: 0.000 (最佳: 0.000)
🔮 当前训练进度: 6.7% | 预计剩余时间: 52.9min | 完成时间: 20:43:27

📚 课程状态: 极简入门 (20/50, 40.0%)
   当前难度: 6零件, 1.5x时间
📊 课程目标验证: 0.0/6 零件 (0.0%)
⚠️ 当前阶段表现不佳，可能需要调整参数!
🔂 回合  21/300 | 奖励: 537.1 | Actor损失: -0.4132| ⏱️  本轮用时: 11.1s (CPU采集: 10.2s, GPU更新: 0.9s)
📊 KPI - 总完工时间: 0.0min  | 设备利用率: 0.0% | 延期时间: 0.0min |  完成零件数: 0/33
🚥 回合评分: 0.000 (最佳: 0.000)
🔮 当前训练进度: 7.0% | 预计剩余时间: 52.6min | 完成时间: 20:43:46

🔂 回合  22/300 | 奖励: 545.4 | Actor损失: -0.4124| ⏱️  本轮用时: 11.1s (CPU采集: 10.2s, GPU更新: 0.8s)
📊 KPI - 总完工时间: 0.0min  | 设备利用率: 1.2% | 延期时间: 0.0min |  完成零件数: 0/33
🚥 回合评分: 0.000 (最佳: 0.000)
🔮 当前训练进度: 7.3% | 预计剩余时间: 52.4min | 完成时间: 20:44:03

🔂 回合  23/300 | 奖励: 546.4 | Actor损失: -0.4108| ⏱️  本轮用时: 11.2s (CPU采集: 10.4s, GPU更新: 0.8s)
📊 KPI - 总完工时间: 0.0min  | 设备利用率: 1.2% | 延期时间: 0.0min |  完成零件数: 0/33
🚥 回合评分: 0.000 (最佳: 0.000)
🔮 当前训练进度: 7.7% | 预计剩余时间: 52.2min | 完成时间: 20:44:24

🔂 回合  24/300 | 奖励: 548.7 | Actor损失: -0.4124| ⏱️  本轮用时: 11.1s (CPU采集: 10.2s, GPU更新: 0.9s)
📊 KPI - 总完工时间: 0.0min  | 设备利用率: 0.0% | 延期时间: 0.0min |  完成零件数: 0/33
🚥 回合评分: 0.000 (最佳: 0.000)
🔮 当前训练进度: 8.0% | 预计剩余时间: 52.0min | 完成时间: 20:44:43

🔂 回合  25/300 | 奖励: 544.0 | Actor损失: -0.4135| ⏱️  本轮用时: 11.2s (CPU采集: 10.3s, GPU更新: 0.9s)
📊 KPI - 总完工时间: 0.0min  | 设备利用率: 0.0% | 延期时间: 0.0min |  完成零件数: 0/33
🚥 回合评分: 0.000 (最佳: 0.000)
🔮 当前训练进度: 8.3% | 预计剩余时间: 51.8min | 完成时间: 20:45:03

🔂 回合  26/300 | 奖励: 541.3 | Actor损失: -0.4135| ⏱️  本轮用时: 11.2s (CPU采集: 10.4s, GPU更新: 0.9s)
📊 KPI - 总完工时间: 0.0min  | 设备利用率: 0.7% | 延期时间: 0.0min |  完成零件数: 0/33
🚥 回合评分: 0.000 (最佳: 0.000)
🔮 当前训练进度: 8.7% | 预计剩余时间: 51.6min | 完成时间: 20:45:23

🔂 回合  27/300 | 奖励: 546.7 | Actor损失: -0.4135| ⏱️  本轮用时: 11.2s (CPU采集: 10.3s, GPU更新: 0.9s)
📊 KPI - 总完工时间: 0.0min  | 设备利用率: 0.7% | 延期时间: 0.0min |  完成零件数: 0/33
🚥 回合评分: 0.000 (最佳: 0.000)
🔮 当前训练进度: 9.0% | 预计剩余时间: 51.3min | 完成时间: 20:45:43

🔂 回合  28/300 | 奖励: 552.3 | Actor损失: -0.4142| ⏱️  本轮用时: 11.2s (CPU采集: 10.3s, GPU更新: 0.9s)
📊 KPI - 总完工时间: 0.0min  | 设备利用率: 0.0% | 延期时间: 0.0min |  完成零件数: 0/33
🚥 回合评分: 0.000 (最佳: 0.000)
🔮 当前训练进度: 9.3% | 预计剩余时间: 51.1min | 完成时间: 20:46:04

🔂 回合  29/300 | 奖励: 550.2 | Actor损失: -0.4123| ⏱️  本轮用时: 11.3s (CPU采集: 10.4s, GPU更新: 0.8s)
📊 KPI - 总完工时间: 0.0min  | 设备利用率: 0.0% | 延期时间: 0.0min |  完成零件数: 0/33
🚥 回合评分: 0.000 (最佳: 0.000)
🔮 当前训练进度: 9.7% | 预计剩余时间: 51.0min | 完成时间: 20:46:26

🔂 回合  30/300 | 奖励: 549.3 | Actor损失: -0.4125| ⏱️  本轮用时: 11.1s (CPU采集: 10.3s, GPU更新: 0.8s)
📊 KPI - 总完工时间: 0.0min  | 设备利用率: 0.0% | 延期时间: 0.0min |  完成零件数: 0/33
🚥 回合评分: 0.000 (最佳: 0.000)
🔮 当前训练进度: 10.0% | 预计剩余时间: 50.7min | 完成时间: 20:46:45

📚 课程状态: 极简入门 (30/50, 60.0%)
   当前难度: 6零件, 1.5x时间
📊 课程目标验证: 1.0/6 零件 (16.7%)
⚠️ 当前阶段表现不佳，可能需要调整参数!

============================================================
🎓 进行完整难度评估（100%订单，标准时间）...
🎯 完整难度评估结果:
   完成零件: 15.0/33 (45.5%)
   总完工时间: 366.0分钟
   设备利用率: 0.1%
📈 进步中！继续努力!
============================================================

🔂 回合  31/300 | 奖励: 545.3 | Actor损失: -0.4128| ⏱️  本轮用时: 11.2s (CPU采集: 10.4s, GPU更新: 0.9s)
📊 KPI - 总完工时间: 150.0min  | 设备利用率: 3.0% | 延期时间: 0.0min |  完成零件数: 1/33
🚥 回合评分: 0.481 (最佳: 0.481)✅ 模型已更新: 自定义ppo/ppo_models/best_ppo_model_20250823_193939_actor.keras
🔮 当前训练进度: 10.3% | 预计剩余时间: 50.5min | 完成时间: 20:47:40

🔂 回合  32/300 | 奖励: 553.4 | Actor损失: -0.4133| ⏱️  本轮用时: 11.2s (CPU采集: 10.4s, GPU更新: 0.8s)
📊 KPI - 总完工时间: 0.0min  | 设备利用率: 1.5% | 延期时间: 0.0min |  完成零件数: 0/33
🚥 回合评分: 0.000 (最佳: 0.481)
🔮 当前训练进度: 10.7% | 预计剩余时间: 50.3min | 完成时间: 20:48:00

🔂 回合  33/300 | 奖励: 551.0 | Actor损失: -0.4123| ⏱️  本轮用时: 11.3s (CPU采集: 10.4s, GPU更新: 0.8s)
📊 KPI - 总完工时间: 0.0min  | 设备利用率: 1.5% | 延期时间: 0.0min |  完成零件数: 0/33
🚥 回合评分: 0.000 (最佳: 0.481)
🔮 当前训练进度: 11.0% | 预计剩余时间: 50.2min | 完成时间: 20:48:21

🔂 回合  34/300 | 奖励: 559.3 | Actor损失: -0.4129| ⏱️  本轮用时: 11.2s (CPU采集: 10.4s, GPU更新: 0.9s)
📊 KPI - 总完工时间: 0.0min  | 设备利用率: 0.0% | 延期时间: 0.0min |  完成零件数: 0/33
🚥 回合评分: 0.000 (最佳: 0.481)
🔮 当前训练进度: 11.3% | 预计剩余时间: 50.0min | 完成时间: 20:48:43

🔂 回合  35/300 | 奖励: 559.8 | Actor损失: -0.4137| ⏱️  本轮用时: 11.1s (CPU采集: 10.3s, GPU更新: 0.9s)
📊 KPI - 总完工时间: 0.0min  | 设备利用率: 0.0% | 延期时间: 0.0min |  完成零件数: 0/33
🚥 回合评分: 0.000 (最佳: 0.481)
🔮 当前训练进度: 11.7% | 预计剩余时间: 49.8min | 完成时间: 20:49:03

🔂 回合  36/300 | 奖励: 557.1 | Actor损失: -0.4125| ⏱️  本轮用时: 11.1s (CPU采集: 10.2s, GPU更新: 0.9s)
📊 KPI - 总完工时间: 0.0min  | 设备利用率: 1.0% | 延期时间: 0.0min |  完成零件数: 0/33
🚥 回合评分: 0.000 (最佳: 0.481)
🔮 当前训练进度: 12.0% | 预计剩余时间: 49.5min | 完成时间: 20:49:22

🔂 回合  37/300 | 奖励: 567.6 | Actor损失: -0.4140| ⏱️  本轮用时: 11.1s (CPU采集: 10.2s, GPU更新: 0.9s)
📊 KPI - 总完工时间: 0.0min  | 设备利用率: 1.0% | 延期时间: 0.0min |  完成零件数: 0/33
🚥 回合评分: 0.000 (最佳: 0.481)
🔮 当前训练进度: 12.3% | 预计剩余时间: 49.3min | 完成时间: 20:49:43

🔂 回合  38/300 | 奖励: 567.2 | Actor损失: -0.4142| ⏱️  本轮用时: 11.1s (CPU采集: 10.3s, GPU更新: 0.8s)
📊 KPI - 总完工时间: 0.0min  | 设备利用率: 1.5% | 延期时间: 0.0min |  完成零件数: 0/33
🚥 回合评分: 0.000 (最佳: 0.481)
🔮 当前训练进度: 12.7% | 预计剩余时间: 49.1min | 完成时间: 20:50:03

🔂 回合  39/300 | 奖励: 568.5 | Actor损失: -0.4143| ⏱️  本轮用时: 11.3s (CPU采集: 10.4s, GPU更新: 0.8s)
📊 KPI - 总完工时间: 0.0min  | 设备利用率: 0.9% | 延期时间: 0.0min |  完成零件数: 0/33
🚥 回合评分: 0.000 (最佳: 0.481)
🔮 当前训练进度: 13.0% | 预计剩余时间: 49.0min | 完成时间: 20:50:24

🔂 回合  40/300 | 奖励: 561.5 | Actor损失: -0.4139| ⏱️  本轮用时: 11.3s (CPU采集: 10.4s, GPU更新: 0.9s)
📊 KPI - 总完工时间: 0.0min  | 设备利用率: 1.0% | 延期时间: 0.0min |  完成零件数: 0/33
🚥 回合评分: 0.000 (最佳: 0.481)
🔮 当前训练进度: 13.3% | 预计剩余时间: 48.8min | 完成时间: 20:50:45

📚 课程状态: 极简入门 (40/50, 80.0%)
   当前难度: 6零件, 1.5x时间
📊 课程目标验证: 0.0/6 零件 (0.0%)
⚠️ 当前阶段表现不佳，可能需要调整参数!
🔂 回合  41/300 | 奖励: 568.8 | Actor损失: -0.4129| ⏱️  本轮用时: 11.1s (CPU采集: 10.2s, GPU更新: 0.9s)
📊 KPI - 总完工时间: 0.0min  | 设备利用率: 1.0% | 延期时间: 0.0min |  完成零件数: 0/33
🚥 回合评分: 0.000 (最佳: 0.481)
🔮 当前训练进度: 13.7% | 预计剩余时间: 48.6min | 完成时间: 20:51:05

🔂 回合  42/300 | 奖励: 573.5 | Actor损失: -0.4135| ⏱️  本轮用时: 11.0s (CPU采集: 10.1s, GPU更新: 0.9s)
📊 KPI - 总完工时间: 0.0min  | 设备利用率: 1.7% | 延期时间: 0.0min |  完成零件数: 0/33
🚥 回合评分: 0.000 (最佳: 0.481)
🔮 当前训练进度: 14.0% | 预计剩余时间: 48.3min | 完成时间: 20:51:25

🔂 回合  43/300 | 奖励: 560.6 | Actor损失: -0.4142| ⏱️  本轮用时: 11.4s (CPU采集: 10.5s, GPU更新: 0.8s)
📊 KPI - 总完工时间: 0.0min  | 设备利用率: 1.7% | 延期时间: 0.0min |  完成零件数: 0/33
🚥 回合评分: 0.000 (最佳: 0.481)
🔮 当前训练进度: 14.3% | 预计剩余时间: 48.2min | 完成时间: 20:51:47

🔂 回合  44/300 | 奖励: 567.8 | Actor损失: -0.4134| ⏱️  本轮用时: 11.2s (CPU采集: 10.3s, GPU更新: 0.9s)
📊 KPI - 总完工时间: 0.0min  | 设备利用率: 1.1% | 延期时间: 0.0min |  完成零件数: 0/33
🚥 回合评分: 0.000 (最佳: 0.481)
🔮 当前训练进度: 14.7% | 预计剩余时间: 48.0min | 完成时间: 20:52:07

🔂 回合  45/300 | 奖励: 572.2 | Actor损失: -0.4132| ⏱️  本轮用时: 11.1s (CPU采集: 10.3s, GPU更新: 0.8s)
📊 KPI - 总完工时间: 0.0min  | 设备利用率: 1.2% | 延期时间: 0.0min |  完成零件数: 0/33
🚥 回合评分: 0.000 (最佳: 0.481)
🔮 当前训练进度: 15.0% | 预计剩余时间: 47.8min | 完成时间: 20:52:27

🔂 回合  46/300 | 奖励: 564.8 | Actor损失: -0.4136| ⏱️  本轮用时: 11.1s (CPU采集: 10.3s, GPU更新: 0.9s)
📊 KPI - 总完工时间: 0.0min  | 设备利用率: 1.2% | 延期时间: 0.0min |  完成零件数: 0/33
🚥 回合评分: 0.000 (最佳: 0.481)
🔮 当前训练进度: 15.3% | 预计剩余时间: 47.6min | 完成时间: 20:52:47

🔂 回合  47/300 | 奖励: 566.9 | Actor损失: -0.4129| ⏱️  本轮用时: 11.4s (CPU采集: 10.6s, GPU更新: 0.9s)
📊 KPI - 总完工时间: 0.0min  | 设备利用率: 1.2% | 延期时间: 0.0min |  完成零件数: 0/33
🚥 回合评分: 0.000 (最佳: 0.481)
🔮 当前训练进度: 15.7% | 预计剩余时间: 47.4min | 完成时间: 20:53:10

🔂 回合  48/300 | 奖励: 567.4 | Actor损失: -0.4125| ⏱️  本轮用时: 11.3s (CPU采集: 10.4s, GPU更新: 0.8s)
📊 KPI - 总完工时间: 0.0min  | 设备利用率: 1.2% | 延期时间: 0.0min |  完成零件数: 0/33
🚥 回合评分: 0.000 (最佳: 0.481)
🔮 当前训练进度: 16.0% | 预计剩余时间: 47.2min | 完成时间: 20:53:32

🔂 回合  49/300 | 奖励: 570.7 | Actor损失: -0.4128| ⏱️  本轮用时: 11.3s (CPU采集: 10.5s, GPU更新: 0.9s)
📊 KPI - 总完工时间: 0.0min  | 设备利用率: 1.2% | 延期时间: 0.0min |  完成零件数: 0/33
🚥 回合评分: 0.000 (最佳: 0.481)
🔮 当前训练进度: 16.3% | 预计剩余时间: 47.0min | 完成时间: 20:53:55

🔂 回合  50/300 | 奖励: 581.0 | Actor损失: -0.4138| ⏱️  本轮用时: 11.1s (CPU采集: 10.2s, GPU更新: 0.9s)
📊 KPI - 总完工时间: 0.0min  | 设备利用率: 1.2% | 延期时间: 0.0min |  完成零件数: 0/33
🚥 回合评分: 0.000 (最佳: 0.481)
🔮 当前训练进度: 16.7% | 预计剩余时间: 46.8min | 完成时间: 20:54:16


============================================================
🎓 阶段 '极简入门' 训练完成，开始毕业考试...
   考试目标: 9 零件 | 实际完成: 0.0 零件 (0.0%)
   ❌ 考试未通过。当前阶段延长10轮训练。
============================================================

📚 课程状态: 极简入门 (50/60, 83.3%)
   当前难度: 6零件, 1.5x时间
📊 课程目标验证: 0.0/6 零件 (0.0%)
⚠️ 当前阶段表现不佳，可能需要调整参数!
🔂 回合  51/300 | 奖励: 565.3 | Actor损失: -0.4137| ⏱️  本轮用时: 45.2s (CPU采集: 10.5s, GPU更新: 0.9s)
📊 KPI - 总完工时间: 0.0min  | 设备利用率: 1.2% | 延期时间: 0.0min |  完成零件数: 0/33
🚥 回合评分: 0.000 (最佳: 0.481)
🔮 当前训练进度: 17.0% | 预计剩余时间: 49.4min | 完成时间: 20:57:57

🔂 回合  52/300 | 奖励: 571.4 | Actor损失: -0.4135| ⏱️  本轮用时: 11.4s (CPU采集: 10.6s, GPU更新: 0.9s)
📊 KPI - 总完工时间: 0.0min  | 设备利用率: 2.0% | 延期时间: 0.0min |  完成零件数: 0/33
🚥 回合评分: 0.000 (最佳: 0.481)
🔮 当前训练进度: 17.3% | 预计剩余时间: 49.2min | 完成时间: 20:58:16

🔂 回合  53/300 | 奖励: 578.2 | Actor损失: -0.4112| ⏱️  本轮用时: 11.2s (CPU采集: 10.4s, GPU更新: 0.9s)
📊 KPI - 总完工时间: 0.0min  | 设备利用率: 0.5% | 延期时间: 0.0min |  完成零件数: 0/33
🚥 回合评分: 0.000 (最佳: 0.481)
🔮 当前训练进度: 17.7% | 预计剩余时间: 48.9min | 完成时间: 20:58:33

🔂 回合  54/300 | 奖励: 578.7 | Actor损失: -0.4106| ⏱️  本轮用时: 11.3s (CPU采集: 10.4s, GPU更新: 0.9s)
📊 KPI - 总完工时间: 0.0min  | 设备利用率: 0.0% | 延期时间: 0.0min |  完成零件数: 0/33
🚥 回合评分: 0.000 (最佳: 0.481)
🔮 当前训练进度: 18.0% | 预计剩余时间: 48.7min | 完成时间: 20:58:51

🔂 回合  55/300 | 奖励: 576.4 | Actor损失: -0.4104| ⏱️  本轮用时: 11.5s (CPU采集: 10.6s, GPU更新: 0.9s)
📊 KPI - 总完工时间: 0.0min  | 设备利用率: 0.0% | 延期时间: 0.0min |  完成零件数: 0/33
🚥 回合评分: 0.000 (最佳: 0.481)
🔮 当前训练进度: 18.3% | 预计剩余时间: 48.5min | 完成时间: 20:59:10

🔂 回合  56/300 | 奖励: 573.3 | Actor损失: -0.4091| ⏱️  本轮用时: 11.5s (CPU采集: 10.6s, GPU更新: 0.9s)
📊 KPI - 总完工时间: 0.0min  | 设备利用率: 0.0% | 延期时间: 0.0min |  完成零件数: 0/33
🚥 回合评分: 0.000 (最佳: 0.481)
🔮 当前训练进度: 18.7% | 预计剩余时间: 48.2min | 完成时间: 20:59:30

🔂 回合  57/300 | 奖励: 576.9 | Actor损失: -0.4102| ⏱️  本轮用时: 11.4s (CPU采集: 10.4s, GPU更新: 0.9s)
📊 KPI - 总完工时间: 0.0min  | 设备利用率: 0.0% | 延期时间: 0.0min |  完成零件数: 0/33
🚥 回合评分: 0.000 (最佳: 0.481)
🔮 当前训练进度: 19.0% | 预计剩余时间: 48.0min | 完成时间: 20:59:49

🔂 回合  58/300 | 奖励: 585.8 | Actor损失: -0.4119| ⏱️  本轮用时: 11.3s (CPU采集: 10.5s, GPU更新: 0.9s)
📊 KPI - 总完工时间: 0.0min  | 设备利用率: 0.5% | 延期时间: 0.0min |  完成零件数: 0/33
🚥 回合评分: 0.000 (最佳: 0.481)
🔮 当前训练进度: 19.3% | 预计剩余时间: 47.8min | 完成时间: 21:00:08

🔂 回合  59/300 | 奖励: 575.4 | Actor损失: -0.4117| ⏱️  本轮用时: 11.3s (CPU采集: 10.4s, GPU更新: 0.9s)
📊 KPI - 总完工时间: 0.0min  | 设备利用率: 1.8% | 延期时间: 0.0min |  完成零件数: 0/33
🚥 回合评分: 0.000 (最佳: 0.481)
🔮 当前训练进度: 19.7% | 预计剩余时间: 47.5min | 完成时间: 21:00:27

🔂 回合  60/300 | 奖励: 577.7 | Actor损失: -0.4123| ⏱️  本轮用时: 11.4s (CPU采集: 10.6s, GPU更新: 0.8s)
📊 KPI - 总完工时间: 0.0min  | 设备利用率: 0.9% | 延期时间: 0.0min |  完成零件数: 0/33
🚥 回合评分: 0.000 (最佳: 0.481)
🔮 当前训练进度: 20.0% | 预计剩余时间: 47.3min | 完成时间: 21:00:46


============================================================
🎓 阶段 '极简入门' 训练完成，开始毕业考试...
   考试目标: 9 零件 | 实际完成: 0.0 零件 (0.0%)
   ❌ 考试未通过。当前阶段延长10轮训练。
============================================================

📚 课程状态: 极简入门 (60/70, 85.7%)
   当前难度: 6零件, 1.5x时间
📊 课程目标验证: 0.0/6 零件 (0.0%)
⚠️ 当前阶段表现不佳，可能需要调整参数!

============================================================
🎓 进行完整难度评估（100%订单，标准时间）...
🎯 完整难度评估结果:
   完成零件: 0.0/33 (0.0%)
   总完工时间: 0.0分钟
   设备利用率: 0.0%
📚 仍需更多训练!
============================================================

🔂 回合  61/300 | 奖励: 567.0 | Actor损失: -0.4132| ⏱️  本轮用时: 43.5s (CPU采集: 10.5s, GPU更新: 0.9s)
📊 KPI - 总完工时间: 0.0min  | 设备利用率: 0.0% | 延期时间: 0.0min |  完成零件数: 0/33
🚥 回合评分: 0.000 (最佳: 0.481)
🔮 当前训练进度: 20.3% | 预计剩余时间: 49.2min | 完成时间: 21:04:16

🔂 回合  62/300 | 奖励: 575.9 | Actor损失: -0.4133| ⏱️  本轮用时: 11.6s (CPU采集: 10.7s, GPU更新: 0.9s)
📊 KPI - 总完工时间: 0.0min  | 设备利用率: 0.0% | 延期时间: 0.0min |  完成零件数: 0/33
🚥 回合评分: 0.000 (最佳: 0.481)
🔮 当前训练进度: 20.7% | 预计剩余时间: 48.9min | 完成时间: 21:04:32

🔂 回合  63/300 | 奖励: 577.9 | Actor损失: -0.4125| ⏱️  本轮用时: 11.7s (CPU采集: 10.8s, GPU更新: 0.9s)
📊 KPI - 总完工时间: 0.0min  | 设备利用率: 0.0% | 延期时间: 0.0min |  完成零件数: 0/33
🚥 回合评分: 0.000 (最佳: 0.481)
🔮 当前训练进度: 21.0% | 预计剩余时间: 48.7min | 完成时间: 21:04:53

🔂 回合  64/300 | 奖励: 580.3 | Actor损失: -0.4123| ⏱️  本轮用时: 11.6s (CPU采集: 10.7s, GPU更新: 0.9s)
📊 KPI - 总完工时间: 0.0min  | 设备利用率: 0.0% | 延期时间: 0.0min |  完成零件数: 0/33
🚥 回合评分: 0.000 (最佳: 0.481)
🔮 当前训练进度: 21.3% | 预计剩余时间: 48.4min | 完成时间: 21:05:11

🔂 回合  65/300 | 奖励: 566.9 | Actor损失: -0.4130| ⏱️  本轮用时: 11.7s (CPU采集: 10.9s, GPU更新: 0.9s)
📊 KPI - 总完工时间: 0.0min  | 设备利用率: 0.0% | 延期时间: 0.0min |  完成零件数: 0/33
🚥 回合评分: 0.000 (最佳: 0.481)
🔮 当前训练进度: 21.7% | 预计剩余时间: 48.2min | 完成时间: 21:05:30

🔂 回合  66/300 | 奖励: 570.7 | Actor损失: -0.4114| ⏱️  本轮用时: 11.8s (CPU采集: 10.9s, GPU更新: 0.9s)
📊 KPI - 总完工时间: 0.0min  | 设备利用率: 0.0% | 延期时间: 0.0min |  完成零件数: 0/33
🚥 回合评分: 0.000 (最佳: 0.481)
🔮 当前训练进度: 22.0% | 预计剩余时间: 47.9min | 完成时间: 21:05:51

🔂 回合  67/300 | 奖励: 571.0 | Actor损失: -0.4113| ⏱️  本轮用时: 11.9s (CPU采集: 11.0s, GPU更新: 0.9s)
📊 KPI - 总完工时间: 0.0min  | 设备利用率: 0.0% | 延期时间: 0.0min |  完成零件数: 0/33
🚥 回合评分: 0.000 (最佳: 0.481)
🔮 当前训练进度: 22.3% | 预计剩余时间: 47.7min | 完成时间: 21:06:10

🔂 回合  68/300 | 奖励: 584.5 | Actor损失: -0.4118| ⏱️  本轮用时: 11.9s (CPU采集: 11.0s, GPU更新: 0.9s)
📊 KPI - 总完工时间: 0.0min  | 设备利用率: 0.0% | 延期时间: 0.0min |  完成零件数: 0/33
🚥 回合评分: 0.000 (最佳: 0.481)
🔮 当前训练进度: 22.7% | 预计剩余时间: 47.5min | 完成时间: 21:06:30

🔂 回合  69/300 | 奖励: 587.8 | Actor损失: -0.4115| ⏱️  本轮用时: 11.7s (CPU采集: 10.8s, GPU更新: 0.9s)
📊 KPI - 总完工时间: 0.0min  | 设备利用率: 0.0% | 延期时间: 0.0min |  完成零件数: 0/33
🚥 回合评分: 0.000 (最佳: 0.481)
🔮 当前训练进度: 23.0% | 预计剩余时间: 47.3min | 完成时间: 21:06:50

🔂 回合  70/300 | 奖励: 570.7 | Actor损失: -0.4113| ⏱️  本轮用时: 11.9s (CPU采集: 11.0s, GPU更新: 0.9s)
📊 KPI - 总完工时间: 0.0min  | 设备利用率: 0.0% | 延期时间: 0.0min |  完成零件数: 0/33
🚥 回合评分: 0.000 (最佳: 0.481)
🔮 当前训练进度: 23.3% | 预计剩余时间: 47.0min | 完成时间: 21:07:10


============================================================
🎓 阶段 '极简入门' 训练完成，开始毕业考试...
   考试目标: 9 零件 | 实际完成: 0.0 零件 (0.0%)
   ❌ 考试未通过。当前阶段延长10轮训练。
============================================================

📚 课程状态: 极简入门 (70/80, 87.5%)
   当前难度: 6零件, 1.5x时间
📊 课程目标验证: 0.0/6 零件 (0.0%)
⚠️ 当前阶段表现不佳，可能需要调整参数!
🔂 回合  71/300 | 奖励: 572.9 | Actor损失: -0.4110| ⏱️  本轮用时: 46.3s (CPU采集: 11.1s, GPU更新: 0.9s)
📊 KPI - 总完工时间: 0.0min  | 设备利用率: 0.0% | 延期时间: 0.0min |  完成零件数: 0/33
🚥 回合评分: 0.000 (最佳: 0.481)
🔮 当前训练进度: 23.7% | 预计剩余时间: 48.7min | 完成时间: 21:09:57

🔂 回合  72/300 | 奖励: 583.6 | Actor损失: -0.4113| ⏱️  本轮用时: 12.0s (CPU采集: 11.1s, GPU更新: 0.9s)
📊 KPI - 总完工时间: 0.0min  | 设备利用率: 0.0% | 延期时间: 0.0min |  完成零件数: 0/33
🚥 回合评分: 0.000 (最佳: 0.481)
🔮 当前训练进度: 24.0% | 预计剩余时间: 48.4min | 完成时间: 21:10:17

🔂 回合  73/300 | 奖励: 583.2 | Actor损失: -0.4117| ⏱️  本轮用时: 11.9s (CPU采集: 11.0s, GPU更新: 0.9s)
📊 KPI - 总完工时间: 0.0min  | 设备利用率: 0.0% | 延期时间: 0.0min |  完成零件数: 0/33
🚥 回合评分: 0.000 (最佳: 0.481)
🔮 当前训练进度: 24.3% | 预计剩余时间: 48.1min | 完成时间: 21:10:36

🔂 回合  74/300 | 奖励: 584.0 | Actor损失: -0.4111| ⏱️  本轮用时: 11.7s (CPU采集: 10.7s, GPU更新: 0.9s)
📊 KPI - 总完工时间: 0.0min  | 设备利用率: 0.0% | 延期时间: 0.0min |  完成零件数: 0/33
🚥 回合评分: 0.000 (最佳: 0.481)
🔮 当前训练进度: 24.7% | 预计剩余时间: 47.9min | 完成时间: 21:10:55

🔂 回合  75/300 | 奖励: 582.4 | Actor损失: -0.4110| ⏱️  本轮用时: 12.3s (CPU采集: 11.4s, GPU更新: 0.9s)
📊 KPI - 总完工时间: 0.0min  | 设备利用率: 0.0% | 延期时间: 0.0min |  完成零件数: 0/33
🚥 回合评分: 0.000 (最佳: 0.481)
🔮 当前训练进度: 25.0% | 预计剩余时间: 47.6min | 完成时间: 21:11:16

🔂 回合  76/300 | 奖励: 584.1 | Actor损失: -0.4090| ⏱️  本轮用时: 12.4s (CPU采集: 11.5s, GPU更新: 0.9s)
📊 KPI - 总完工时间: 0.0min  | 设备利用率: 0.0% | 延期时间: 0.0min |  完成零件数: 0/33
🚥 回合评分: 0.000 (最佳: 0.481)
🔮 当前训练进度: 25.3% | 预计剩余时间: 47.4min | 完成时间: 21:11:38

🔂 回合  77/300 | 奖励: 580.9 | Actor损失: -0.4101| ⏱️  本轮用时: 12.3s (CPU采集: 11.4s, GPU更新: 0.9s)
📊 KPI - 总完工时间: 0.0min  | 设备利用率: 0.0% | 延期时间: 0.0min |  完成零件数: 0/33
🚥 回合评分: 0.000 (最佳: 0.481)
🔮 当前训练进度: 25.7% | 预计剩余时间: 47.2min | 完成时间: 21:12:01

