🏭 W工厂订单思维革命PPO训练系统 V12 (性能极限版)
🎯 V12 核心升级: 提升神经网络容量，充分利用RTX 3080 Ti算力
🚀 V10性能革命: 采用安全的Spawn模式实现稳定的CPU并行加速
💾 安全特性: 自动内存监控 + 垃圾回收 + 检查点保存 + 动态网络调整
================================================================================
💻 系统资源检测:
   CPU核心数: 256
   总内存: 503.4GB
   可用内存: 413.5GB
   GPU可用: ❌
🔧 V7高性能模式: TensorFlow使用24个inter线程, 48个intra线程
🚀 CPU优化: 充分利用256核心处理器
🔧 V9 CPU并行优化: 将使用 32 个并行环境进行数据采集 (智能调节)
🔧 环境空间检测:
   观测维度: 15
   动作维度: 4
   智能体数量: 5
✅ 充足内存模式: 性能完全释放，使用完整训练规模！
📊 TensorBoard日志已启用: 自定义ppo/tensorboard_logs/20250823_233431
    使用命令: tensorboard --logdir=自定义ppo/tensorboard_logs/20250823_233431
✅ 充足内存模式: 性能完全释放，使用完整训练规模！
🚀 开始PPO训练 (V16 课程学习增强版)
📊 训练参数: 300回合, 每回合1500步
💻 系统配置: 503.4GB内存, GPU=❌
📚 课程学习已启用，共6个阶段:
   阶段1: 效率入门 - 50轮，订单20%
   阶段2: 效率基础 - 40轮，订单30%
   阶段3: 效率强化 - 30轮，订单50%
   阶段4: 中级挑战 - 25轮，订单70%
   阶段5: 高级训练 - 20轮，订单85%
   阶段6: 完整挑战 - 15轮，订单100%
================================================================================
🔧 V8配置挑战性验证:
   总零件数: 33
   总加工时间: 1652.0分钟
   理论最短完工时间: 413.0分钟
   仿真时间限制: 600分钟
   ⚠️  环境具有中等挑战性 (理论完工时间占仿真时间68.8%)
   🔍 瓶颈工作站: 五轴加工中心 (负荷: 413.0分钟)
配置文件验证通过！
🕐 训练开始时间: 2025-08-23 23:34:31
================================================================================
📚 [回合 1] 🔄 课程学习阶段切换!
   新阶段: 效率入门
   订单比例: 0.2 (目标零件数: 6)
   时间比例: 1.8 (时间限制: 2160分钟)
   计划训练轮数: 50
------------------------------------------------------------
📚 课程状态: 效率入门 (0/50, 0.0%)
   当前难度: 6零件, 1.8x时间
📊 课程目标验证: 0.0/6 零件 (0.0%)
⚠️ 当前阶段表现不佳，可能需要调整参数!
🔂 回合   1/300 | 奖励: 319.2 | Actor损失: -0.4181| ⏱️  本轮用时: 11.8s (CPU采集: 10.6s, GPU更新: 1.2s)
📊 KPI - 总完工时间: 0.0min  | 设备利用率: 1.5% | 延期时间: 0.0min |  完成零件数: 0/33
🚥 回合评分: 0.000 (最佳: 0.000)✅ 模型已更新: 自定义ppo/ppo_models/best_ppo_model_20250823_233431_actor.keras
🔮 当前训练进度: 0.3% | 预计剩余时间: 58.8min | 完成时间: 00:33:50

🔂 回合   2/300 | 奖励: 318.3 | Actor损失: -0.4160| ⏱️  本轮用时: 11.6s (CPU采集: 10.7s, GPU更新: 0.8s)
📊 KPI - 总完工时间: 0.0min  | 设备利用率: 1.2% | 延期时间: 0.0min |  完成零件数: 0/33
🚥 回合评分: 0.000 (最佳: 0.000)
🔮 当前训练进度: 0.7% | 预计剩余时间: 58.1min | 完成时间: 00:33:40

🔂 回合   3/300 | 奖励: 315.4 | Actor损失: -0.4150| ⏱️  本轮用时: 11.6s (CPU采集: 10.6s, GPU更新: 0.9s)
📊 KPI - 总完工时间: 0.0min  | 设备利用率: 1.1% | 延期时间: 0.0min |  完成零件数: 0/33
🚥 回合评分: 0.000 (最佳: 0.000)
🔮 当前训练进度: 1.0% | 预计剩余时间: 57.6min | 完成时间: 00:33:48

🔂 回合   4/300 | 奖励: 321.6 | Actor损失: -0.4158| ⏱️  本轮用时: 11.6s (CPU采集: 10.7s, GPU更新: 0.9s)
📊 KPI - 总完工时间: 150.0min  | 设备利用率: 3.0% | 延期时间: 0.0min |  完成零件数: 1/33
🚥 回合评分: 0.481 (最佳: 0.481)✅ 模型已更新: 自定义ppo/ppo_models/best_ppo_model_20250823_233431_actor.keras
🔮 当前训练进度: 1.3% | 预计剩余时间: 57.4min | 完成时间: 00:34:08

🔂 回合   5/300 | 奖励: 326.6 | Actor损失: -0.4152| ⏱️  本轮用时: 11.5s (CPU采集: 10.6s, GPU更新: 0.9s)
📊 KPI - 总完工时间: 0.0min  | 设备利用率: 1.0% | 延期时间: 0.0min |  完成零件数: 0/33
🚥 回合评分: 0.000 (最佳: 0.481)
🔮 当前训练进度: 1.7% | 预计剩余时间: 57.1min | 完成时间: 00:34:20

🔂 回合   6/300 | 奖励: 326.7 | Actor损失: -0.4158| ⏱️  本轮用时: 11.8s (CPU采集: 10.9s, GPU更新: 0.9s)
📊 KPI - 总完工时间: 0.0min  | 设备利用率: 1.2% | 延期时间: 0.0min |  完成零件数: 0/33
🚥 回合评分: 0.000 (最佳: 0.481)
🔮 当前训练进度: 2.0% | 预计剩余时间: 57.0min | 完成时间: 00:34:51

🔂 回合   7/300 | 奖励: 319.5 | Actor损失: -0.4162| ⏱️  本轮用时: 11.6s (CPU采集: 10.7s, GPU更新: 0.9s)
📊 KPI - 总完工时间: 0.0min  | 设备利用率: 1.9% | 延期时间: 0.0min |  完成零件数: 0/33
🚥 回合评分: 0.000 (最佳: 0.481)
🔮 当前训练进度: 2.3% | 预计剩余时间: 56.8min | 完成时间: 00:35:10

🔂 回合   8/300 | 奖励: 316.1 | Actor损失: -0.4145| ⏱️  本轮用时: 11.8s (CPU采集: 10.9s, GPU更新: 0.9s)
📊 KPI - 总完工时间: 0.0min  | 设备利用率: 2.1% | 延期时间: 0.0min |  完成零件数: 0/33
🚥 回合评分: 0.000 (最佳: 0.481)
🔮 当前训练进度: 2.7% | 预计剩余时间: 56.7min | 完成时间: 00:35:38

🔂 回合   9/300 | 奖励: 322.0 | Actor损失: -0.4157| ⏱️  本轮用时: 11.8s (CPU采集: 10.9s, GPU更新: 0.9s)
📊 KPI - 总完工时间: 0.0min  | 设备利用率: 0.0% | 延期时间: 0.0min |  完成零件数: 0/33
🚥 回合评分: 0.000 (最佳: 0.481)
🔮 当前训练进度: 3.0% | 预计剩余时间: 56.6min | 完成时间: 00:36:04

🔂 回合  10/300 | 奖励: 317.0 | Actor损失: -0.4147| ⏱️  本轮用时: 11.9s (CPU采集: 11.0s, GPU更新: 0.9s)
📊 KPI - 总完工时间: 0.0min  | 设备利用率: 0.0% | 延期时间: 0.0min |  完成零件数: 0/33
🚥 回合评分: 0.000 (最佳: 0.481)
🔮 当前训练进度: 3.3% | 预计剩余时间: 56.5min | 完成时间: 00:36:32

📚 课程状态: 效率入门 (10/50, 20.0%)
   当前难度: 6零件, 1.8x时间
📊 课程目标验证: 0.0/6 零件 (0.0%)
⚠️ 当前阶段表现不佳，可能需要调整参数!
🔂 回合  11/300 | 奖励: 319.6 | Actor损失: -0.4151| ⏱️  本轮用时: 11.9s (CPU采集: 11.0s, GPU更新: 0.9s)
📊 KPI - 总完工时间: 0.0min  | 设备利用率: 0.1% | 延期时间: 0.0min |  完成零件数: 0/33
🚥 回合评分: 0.000 (最佳: 0.481)
🔮 当前训练进度: 3.7% | 预计剩余时间: 56.4min | 完成时间: 00:37:00

🔂 回合  12/300 | 奖励: 313.5 | Actor损失: -0.4146| ⏱️  本轮用时: 11.8s (CPU采集: 10.9s, GPU更新: 0.9s)
📊 KPI - 总完工时间: 0.0min  | 设备利用率: 0.1% | 延期时间: 0.0min |  完成零件数: 0/33
🚥 回合评分: 0.000 (最佳: 0.481)
🔮 当前训练进度: 4.0% | 预计剩余时间: 56.2min | 完成时间: 00:37:24

🔂 回合  13/300 | 奖励: 324.7 | Actor损失: -0.4153| ⏱️  本轮用时: 11.8s (CPU采集: 10.8s, GPU更新: 0.9s)
📊 KPI - 总完工时间: 0.0min  | 设备利用率: 1.0% | 延期时间: 0.0min |  完成零件数: 0/33
🚥 回合评分: 0.000 (最佳: 0.481)
🔮 当前训练进度: 4.3% | 预计剩余时间: 56.0min | 完成时间: 00:37:47

🔂 回合  14/300 | 奖励: 322.1 | Actor损失: -0.4145| ⏱️  本轮用时: 11.9s (CPU采集: 11.0s, GPU更新: 0.9s)
📊 KPI - 总完工时间: 0.0min  | 设备利用率: 1.0% | 延期时间: 0.0min |  完成零件数: 0/33
🚥 回合评分: 0.000 (最佳: 0.481)
🔮 当前训练进度: 4.7% | 预计剩余时间: 55.9min | 完成时间: 00:38:13

🔂 回合  15/300 | 奖励: 320.4 | Actor损失: -0.4150| ⏱️  本轮用时: 11.9s (CPU采集: 11.0s, GPU更新: 0.9s)
📊 KPI - 总完工时间: 0.0min  | 设备利用率: 1.0% | 延期时间: 0.0min |  完成零件数: 0/33
🚥 回合评分: 0.000 (最佳: 0.481)
🔮 当前训练进度: 5.0% | 预计剩余时间: 55.8min | 完成时间: 00:38:40

🔂 回合  16/300 | 奖励: 325.0 | Actor损失: -0.4154| ⏱️  本轮用时: 12.3s (CPU采集: 11.4s, GPU更新: 0.9s)
📊 KPI - 总完工时间: 0.0min  | 设备利用率: 1.0% | 延期时间: 0.0min |  完成零件数: 0/33
🚥 回合评分: 0.000 (最佳: 0.481)
🔮 当前训练进度: 5.3% | 预计剩余时间: 55.7min | 完成时间: 00:39:17

🔂 回合  17/300 | 奖励: 325.7 | Actor损失: -0.4128| ⏱️  本轮用时: 12.0s (CPU采集: 11.1s, GPU更新: 0.8s)
📊 KPI - 总完工时间: 0.0min  | 设备利用率: 1.1% | 延期时间: 0.0min |  完成零件数: 0/33
🚥 回合评分: 0.000 (最佳: 0.481)
🔮 当前训练进度: 5.7% | 预计剩余时间: 55.6min | 完成时间: 00:39:42

🔂 回合  18/300 | 奖励: 324.3 | Actor损失: -0.4123| ⏱️  本轮用时: 12.2s (CPU采集: 11.3s, GPU更新: 0.9s)
📊 KPI - 总完工时间: 0.0min  | 设备利用率: 0.3% | 延期时间: 0.0min |  完成零件数: 0/33
🚥 回合评分: 0.000 (最佳: 0.481)
🔮 当前训练进度: 6.0% | 预计剩余时间: 55.5min | 完成时间: 00:40:11

🔂 回合  19/300 | 奖励: 324.9 | Actor损失: -0.4128| ⏱️  本轮用时: 12.1s (CPU采集: 11.2s, GPU更新: 0.9s)
📊 KPI - 总完工时间: 0.0min  | 设备利用率: 0.9% | 延期时间: 0.0min |  完成零件数: 0/33
🚥 回合评分: 0.000 (最佳: 0.481)
🔮 当前训练进度: 6.3% | 预计剩余时间: 55.4min | 完成时间: 00:40:41

🔂 回合  20/300 | 奖励: 325.6 | Actor损失: -0.4133| ⏱️  本轮用时: 12.1s (CPU采集: 11.2s, GPU更新: 0.9s)
📊 KPI - 总完工时间: 0.0min  | 设备利用率: 0.0% | 延期时间: 0.0min |  完成零件数: 0/33
🚥 回合评分: 0.000 (最佳: 0.481)
🔮 当前训练进度: 6.7% | 预计剩余时间: 55.2min | 完成时间: 00:41:09

📚 课程状态: 效率入门 (20/50, 40.0%)
   当前难度: 6零件, 1.8x时间
📊 课程目标验证: 0.0/6 零件 (0.0%)
⚠️ 当前阶段表现不佳，可能需要调整参数!
🔂 回合  21/300 | 奖励: 319.9 | Actor损失: -0.4135| ⏱️  本轮用时: 12.2s (CPU采集: 11.3s, GPU更新: 0.9s)
📊 KPI - 总完工时间: 0.0min  | 设备利用率: 0.0% | 延期时间: 0.0min |  完成零件数: 0/33
🚥 回合评分: 0.000 (最佳: 0.481)
🔮 当前训练进度: 7.0% | 预计剩余时间: 55.1min | 完成时间: 00:41:38

🔂 回合  22/300 | 奖励: 322.1 | Actor损失: -0.4125| ⏱️  本轮用时: 12.4s (CPU采集: 11.5s, GPU更新: 0.9s)
📊 KPI - 总完工时间: 0.0min  | 设备利用率: 1.2% | 延期时间: 0.0min |  完成零件数: 0/33
🚥 回合评分: 0.000 (最佳: 0.481)
🔮 当前训练进度: 7.3% | 预计剩余时间: 55.0min | 完成时间: 00:42:09

🔂 回合  23/300 | 奖励: 327.1 | Actor损失: -0.4113| ⏱️  本轮用时: 12.2s (CPU采集: 11.3s, GPU更新: 0.9s)
📊 KPI - 总完工时间: 0.0min  | 设备利用率: 1.2% | 延期时间: 0.0min |  完成零件数: 0/33
🚥 回合评分: 0.000 (最佳: 0.481)
🔮 当前训练进度: 7.7% | 预计剩余时间: 54.9min | 完成时间: 00:42:38

🔂 回合  24/300 | 奖励: 325.3 | Actor损失: -0.4130| ⏱️  本轮用时: 12.1s (CPU采集: 11.2s, GPU更新: 1.0s)
📊 KPI - 总完工时间: 0.0min  | 设备利用率: 0.0% | 延期时间: 0.0min |  完成零件数: 0/33
🚥 回合评分: 0.000 (最佳: 0.481)
🔮 当前训练进度: 8.0% | 预计剩余时间: 54.7min | 完成时间: 00:43:07

🔂 回合  25/300 | 奖励: 323.4 | Actor损失: -0.4147| ⏱️  本轮用时: 12.2s (CPU采集: 11.3s, GPU更新: 0.9s)
📊 KPI - 总完工时间: 0.0min  | 设备利用率: 0.0% | 延期时间: 0.0min |  完成零件数: 0/33
🚥 回合评分: 0.000 (最佳: 0.481)
🔮 当前训练进度: 8.3% | 预计剩余时间: 54.6min | 完成时间: 00:43:35

🔂 回合  26/300 | 奖励: 320.5 | Actor损失: -0.4149| ⏱️  本轮用时: 12.3s (CPU采集: 11.4s, GPU更新: 0.9s)
📊 KPI - 总完工时间: 0.0min  | 设备利用率: 1.2% | 延期时间: 0.0min |  完成零件数: 0/33
🚥 回合评分: 0.000 (最佳: 0.481)
🔮 当前训练进度: 8.7% | 预计剩余时间: 54.5min | 完成时间: 00:44:03

🔂 回合  27/300 | 奖励: 325.3 | Actor损失: -0.4143| ⏱️  本轮用时: 12.3s (CPU采集: 11.4s, GPU更新: 0.9s)
📊 KPI - 总完工时间: 0.0min  | 设备利用率: 1.2% | 延期时间: 0.0min |  完成零件数: 0/33
🚥 回合评分: 0.000 (最佳: 0.481)
🔮 当前训练进度: 9.0% | 预计剩余时间: 54.3min | 完成时间: 00:44:28

🔂 回合  28/300 | 奖励: 329.8 | Actor损失: -0.4146| ⏱️  本轮用时: 12.3s (CPU采集: 11.4s, GPU更新: 0.9s)
📊 KPI - 总完工时间: 0.0min  | 设备利用率: 1.2% | 延期时间: 0.0min |  完成零件数: 0/33
🚥 回合评分: 0.000 (最佳: 0.481)
🔮 当前训练进度: 9.3% | 预计剩余时间: 54.2min | 完成时间: 00:44:58

🔂 回合  29/300 | 奖励: 325.6 | Actor损失: -0.4122| ⏱️  本轮用时: 12.6s (CPU采集: 11.7s, GPU更新: 0.9s)
📊 KPI - 总完工时间: 0.0min  | 设备利用率: 1.2% | 延期时间: 0.0min |  完成零件数: 0/33
🚥 回合评分: 0.000 (最佳: 0.481)
🔮 当前训练进度: 9.7% | 预计剩余时间: 54.1min | 完成时间: 00:45:30

🔂 回合  30/300 | 奖励: 325.4 | Actor损失: -0.4135| ⏱️  本轮用时: 12.3s (CPU采集: 11.3s, GPU更新: 0.9s)
📊 KPI - 总完工时间: 0.0min  | 设备利用率: 2.9% | 延期时间: 0.0min |  完成零件数: 0/33
🚥 回合评分: 0.000 (最佳: 0.481)
🔮 当前训练进度: 10.0% | 预计剩余时间: 53.9min | 完成时间: 00:45:57

📚 课程状态: 效率入门 (30/50, 60.0%)
   当前难度: 6零件, 1.8x时间
📊 课程目标验证: 1.0/6 零件 (16.7%)
⚠️ 当前阶段表现不佳，可能需要调整参数!

============================================================
🎓 进行完整难度评估（100%订单，标准时间）...
🎯 完整难度评估结果:
   完成零件: 15.0/33 (45.5%)
   总完工时间: 259.0分钟
   设备利用率: 0.1%
📈 进步中！继续努力!
============================================================

🔂 回合  31/300 | 奖励: 327.5 | Actor损失: -0.4134| ⏱️  本轮用时: 12.1s (CPU采集: 11.1s, GPU更新: 0.9s)
📊 KPI - 总完工时间: 150.0min  | 设备利用率: 3.0% | 延期时间: 0.0min |  完成零件数: 1/33
🚥 回合评分: 0.481 (最佳: 0.481)
🔮 当前训练进度: 10.3% | 预计剩余时间: 53.7min | 完成时间: 00:47:01

🔂 回合  32/300 | 奖励: 329.2 | Actor损失: -0.4135| ⏱️  本轮用时: 12.4s (CPU采集: 11.5s, GPU更新: 0.9s)
📊 KPI - 总完工时间: 0.0min  | 设备利用率: 2.7% | 延期时间: 0.0min |  完成零件数: 0/33
🚥 回合评分: 0.000 (最佳: 0.481)
🔮 当前训练进度: 10.7% | 预计剩余时间: 53.6min | 完成时间: 00:47:30

🔂 回合  33/300 | 奖励: 333.6 | Actor损失: -0.4131| ⏱️  本轮用时: 12.6s (CPU采集: 11.6s, GPU更新: 0.9s)
📊 KPI - 总完工时间: 0.0min  | 设备利用率: 0.0% | 延期时间: 0.0min |  完成零件数: 0/33
🚥 回合评分: 0.000 (最佳: 0.481)
🔮 当前训练进度: 11.0% | 预计剩余时间: 53.5min | 完成时间: 00:47:58

🔂 回合  34/300 | 奖励: 333.3 | Actor损失: -0.4124| ⏱️  本轮用时: 12.5s (CPU采集: 11.6s, GPU更新: 0.9s)
📊 KPI - 总完工时间: 0.0min  | 设备利用率: 0.0% | 延期时间: 0.0min |  完成零件数: 0/33
🚥 回合评分: 0.000 (最佳: 0.481)
🔮 当前训练进度: 11.3% | 预计剩余时间: 53.3min | 完成时间: 00:48:30

🔂 回合  35/300 | 奖励: 331.0 | Actor损失: -0.4138| ⏱️  本轮用时: 12.5s (CPU采集: 11.5s, GPU更新: 0.9s)
📊 KPI - 总完工时间: 0.0min  | 设备利用率: 0.6% | 延期时间: 0.0min |  完成零件数: 0/33
🚥 回合评分: 0.000 (最佳: 0.481)
🔮 当前训练进度: 11.7% | 预计剩余时间: 53.2min | 完成时间: 00:48:57

🔂 回合  36/300 | 奖励: 328.8 | Actor损失: -0.4141| ⏱️  本轮用时: 12.5s (CPU采集: 11.5s, GPU更新: 0.9s)
📊 KPI - 总完工时间: 0.0min  | 设备利用率: 0.7% | 延期时间: 0.0min |  完成零件数: 0/33
🚥 回合评分: 0.000 (最佳: 0.481)
🔮 当前训练进度: 12.0% | 预计剩余时间: 53.1min | 完成时间: 00:49:27

🔂 回合  37/300 | 奖励: 341.3 | Actor损失: -0.4137| ⏱️  本轮用时: 12.5s (CPU采集: 11.6s, GPU更新: 0.9s)
📊 KPI - 总完工时间: 0.0min  | 设备利用率: 1.5% | 延期时间: 0.0min |  完成零件数: 0/33
🚥 回合评分: 0.000 (最佳: 0.481)
🔮 当前训练进度: 12.3% | 预计剩余时间: 52.9min | 完成时间: 00:49:57

🔂 回合  38/300 | 奖励: 337.8 | Actor损失: -0.4137| ⏱️  本轮用时: 12.2s (CPU采集: 11.3s, GPU更新: 0.9s)
📊 KPI - 总完工时间: 0.0min  | 设备利用率: 1.6% | 延期时间: 0.0min |  完成零件数: 0/33
🚥 回合评分: 0.000 (最佳: 0.481)
🔮 当前训练进度: 12.7% | 预计剩余时间: 52.7min | 完成时间: 00:50:24

🔂 回合  39/300 | 奖励: 338.2 | Actor损失: -0.4140| ⏱️  本轮用时: 12.6s (CPU采集: 11.7s, GPU更新: 1.0s)
📊 KPI - 总完工时间: 0.0min  | 设备利用率: 1.6% | 延期时间: 0.0min |  完成零件数: 0/33
🚥 回合评分: 0.000 (最佳: 0.481)
🔮 当前训练进度: 13.0% | 预计剩余时间: 52.6min | 完成时间: 00:50:52

🔂 回合  40/300 | 奖励: 333.8 | Actor损失: -0.4131| ⏱️  本轮用时: 12.4s (CPU采集: 11.5s, GPU更新: 0.9s)
📊 KPI - 总完工时间: 0.0min  | 设备利用率: 1.2% | 延期时间: 0.0min |  完成零件数: 0/33
🚥 回合评分: 0.000 (最佳: 0.481)
🔮 当前训练进度: 13.3% | 预计剩余时间: 52.4min | 完成时间: 00:51:22

📚 课程状态: 效率入门 (40/50, 80.0%)
   当前难度: 6零件, 1.8x时间
📊 课程目标验证: 0.0/6 零件 (0.0%)
⚠️ 当前阶段表现不佳，可能需要调整参数!
🔂 回合  41/300 | 奖励: 336.1 | Actor损失: -0.4123| ⏱️  本轮用时: 12.3s (CPU采集: 11.4s, GPU更新: 0.9s)
📊 KPI - 总完工时间: 0.0min  | 设备利用率: 1.2% | 延期时间: 0.0min |  完成零件数: 0/33
🚥 回合评分: 0.000 (最佳: 0.481)
🔮 当前训练进度: 13.7% | 预计剩余时间: 52.2min | 完成时间: 00:51:50

🔂 回合  42/300 | 奖励: 337.2 | Actor损失: -0.4138| ⏱️  本轮用时: 12.2s (CPU采集: 11.3s, GPU更新: 0.9s)
📊 KPI - 总完工时间: 0.0min  | 设备利用率: 0.0% | 延期时间: 0.0min |  完成零件数: 0/33
🚥 回合评分: 0.000 (最佳: 0.481)
🔮 当前训练进度: 14.0% | 预计剩余时间: 52.0min | 完成时间: 00:52:17

🔂 回合  43/300 | 奖励: 333.7 | Actor损失: -0.4137| ⏱️  本轮用时: 12.3s (CPU采集: 11.3s, GPU更新: 0.9s)
📊 KPI - 总完工时间: 0.0min  | 设备利用率: 0.0% | 延期时间: 0.0min |  完成零件数: 0/33
🚥 回合评分: 0.000 (最佳: 0.481)
🔮 当前训练进度: 14.3% | 预计剩余时间: 51.9min | 完成时间: 00:52:45

🔂 回合  44/300 | 奖励: 329.2 | Actor损失: -0.4137| ⏱️  本轮用时: 12.2s (CPU采集: 11.3s, GPU更新: 0.9s)
📊 KPI - 总完工时间: 0.0min  | 设备利用率: 0.0% | 延期时间: 0.0min |  完成零件数: 0/33
🚥 回合评分: 0.000 (最佳: 0.481)
🔮 当前训练进度: 14.7% | 预计剩余时间: 51.7min | 完成时间: 00:53:09

🔂 回合  45/300 | 奖励: 334.1 | Actor损失: -0.4139| ⏱️  本轮用时: 12.4s (CPU采集: 11.4s, GPU更新: 0.9s)
📊 KPI - 总完工时间: 0.0min  | 设备利用率: 0.4% | 延期时间: 0.0min |  完成零件数: 0/33
🚥 回合评分: 0.000 (最佳: 0.481)
🔮 当前训练进度: 15.0% | 预计剩余时间: 51.5min | 完成时间: 00:53:36

🔂 回合  46/300 | 奖励: 334.0 | Actor损失: -0.4134| ⏱️  本轮用时: 12.2s (CPU采集: 11.3s, GPU更新: 0.9s)
📊 KPI - 总完工时间: 0.0min  | 设备利用率: 1.2% | 延期时间: 0.0min |  完成零件数: 0/33
🚥 回合评分: 0.000 (最佳: 0.481)
🔮 当前训练进度: 15.3% | 预计剩余时间: 51.3min | 完成时间: 00:54:03

🔂 回合  47/300 | 奖励: 334.7 | Actor损失: -0.4123| ⏱️  本轮用时: 12.5s (CPU采集: 11.5s, GPU更新: 1.0s)
📊 KPI - 总完工时间: 0.0min  | 设备利用率: 1.2% | 延期时间: 0.0min |  完成零件数: 0/33
🚥 回合评分: 0.000 (最佳: 0.481)
🔮 当前训练进度: 15.7% | 预计剩余时间: 51.1min | 完成时间: 00:54:31

🔂 回合  48/300 | 奖励: 331.8 | Actor损失: -0.4120| ⏱️  本轮用时: 12.5s (CPU采集: 11.5s, GPU更新: 1.0s)
📊 KPI - 总完工时间: 0.0min  | 设备利用率: 1.2% | 延期时间: 0.0min |  完成零件数: 0/33
🚥 回合评分: 0.000 (最佳: 0.481)
🔮 当前训练进度: 16.0% | 预计剩余时间: 51.0min | 完成时间: 00:54:59

🔂 回合  49/300 | 奖励: 338.3 | Actor损失: -0.4119| ⏱️  本轮用时: 12.7s (CPU采集: 11.7s, GPU更新: 1.0s)
📊 KPI - 总完工时间: 0.0min  | 设备利用率: 1.2% | 延期时间: 0.0min |  完成零件数: 0/33
🚥 回合评分: 0.000 (最佳: 0.481)
🔮 当前训练进度: 16.3% | 预计剩余时间: 50.8min | 完成时间: 00:55:29

🔂 回合  50/300 | 奖励: 344.1 | Actor损失: -0.4135| ⏱️  本轮用时: 12.6s (CPU采集: 11.6s, GPU更新: 1.0s)
📊 KPI - 总完工时间: 0.0min  | 设备利用率: 2.3% | 延期时间: 0.0min |  完成零件数: 0/33
🚥 回合评分: 0.000 (最佳: 0.481)
🔮 当前训练进度: 16.7% | 预计剩余时间: 50.6min | 完成时间: 00:55:58


============================================================
🎓 阶段 '效率入门' 训练完成，开始毕业考试...
   考试目标: 9 零件 | 实际完成: 3.0 零件 (33.3%) | 通过门槛: 10.0%
   ✅ 考试通过！进入下一阶段: '效率基础'
============================================================

📚 [回合 51] 🔄 课程学习阶段切换!
   新阶段: 效率基础
   订单比例: 0.3 (目标零件数: 9)
   时间比例: 1.6 (时间限制: 1920分钟)
   计划训练轮数: 40
   学习率调整: 2.40e-04 (适应新难度)
------------------------------------------------------------
📚 课程状态: 效率基础 (0/40, 0.0%)
   当前难度: 9零件, 1.6x时间
📊 课程目标验证: 4.0/9 零件 (44.4%)
⚠️ 当前阶段表现不佳，可能需要调整参数!
🔂 回合  51/300 | 奖励: 305.1 | Actor损失: -0.4141| ⏱️  本轮用时: 53.8s (CPU采集: 11.8s, GPU更新: 1.0s)
📊 KPI - 总完工时间: 197.0min  | 设备利用率: 5.8% | 延期时间: 0.0min |  完成零件数: 4/33
🚥 回合评分: 0.546 (最佳: 0.546)✅ 模型已更新: 自定义ppo/ppo_models/best_ppo_model_20250823_233431_actor.keras
🔮 当前训练进度: 17.0% | 预计剩余时间: 53.8min | 完成时间: 01:00:25

🔂 回合  52/300 | 奖励: 306.7 | Actor损失: -0.4142| ⏱️  本轮用时: 12.8s (CPU采集: 11.9s, GPU更新: 0.9s)
📊 KPI - 总完工时间: 184.0min  | 设备利用率: 5.8% | 延期时间: 0.0min |  完成零件数: 4/33
🚥 回合评分: 0.553 (最佳: 0.553)✅ 模型已更新: 自定义ppo/ppo_models/best_ppo_model_20250823_233431_actor.keras
🔮 当前训练进度: 17.3% | 预计剩余时间: 53.6min | 完成时间: 01:00:50

🔂 回合  53/300 | 奖励: 311.5 | Actor损失: -0.4139| ⏱️  本轮用时: 12.7s (CPU采集: 11.8s, GPU更新: 1.0s)
📊 KPI - 总完工时间: 0.0min  | 设备利用率: 4.3% | 延期时间: 0.0min |  完成零件数: 0/33
🚥 回合评分: 0.000 (最佳: 0.553)
🔮 当前训练进度: 17.7% | 预计剩余时间: 53.4min | 完成时间: 01:01:16

🔂 回合  54/300 | 奖励: 313.3 | Actor损失: -0.4143| ⏱️  本轮用时: 12.7s (CPU采集: 11.8s, GPU更新: 1.0s)
📊 KPI - 总完工时间: 0.0min  | 设备利用率: 4.0% | 延期时间: 0.0min |  完成零件数: 0/33
🚥 回合评分: 0.000 (最佳: 0.553)
🔮 当前训练进度: 18.0% | 预计剩余时间: 53.1min | 完成时间: 01:01:41

🔂 回合  55/300 | 奖励: 307.7 | Actor损失: -0.4146| ⏱️  本轮用时: 12.4s (CPU采集: 11.5s, GPU更新: 0.9s)
📊 KPI - 总完工时间: 0.0min  | 设备利用率: 3.8% | 延期时间: 0.0min |  完成零件数: 0/33
🚥 回合评分: 0.000 (最佳: 0.553)
🔮 当前训练进度: 18.3% | 预计剩余时间: 52.9min | 完成时间: 01:02:02

🔂 回合  56/300 | 奖励: 309.9 | Actor损失: -0.4151| ⏱️  本轮用时: 12.4s (CPU采集: 11.5s, GPU更新: 0.9s)
📊 KPI - 总完工时间: 0.0min  | 设备利用率: 4.3% | 延期时间: 0.0min |  完成零件数: 0/33
🚥 回合评分: 0.000 (最佳: 0.553)
🔮 当前训练进度: 18.7% | 预计剩余时间: 52.6min | 完成时间: 01:02:25

🔂 回合  57/300 | 奖励: 310.9 | Actor损失: -0.4152| ⏱️  本轮用时: 12.4s (CPU采集: 11.4s, GPU更新: 0.9s)
📊 KPI - 总完工时间: 0.0min  | 设备利用率: 3.7% | 延期时间: 0.0min |  完成零件数: 0/33
🚥 回合评分: 0.000 (最佳: 0.553)
🔮 当前训练进度: 19.0% | 预计剩余时间: 52.4min | 完成时间: 01:02:50

🔂 回合  58/300 | 奖励: 305.7 | Actor损失: -0.4143| ⏱️  本轮用时: 12.6s (CPU采集: 11.6s, GPU更新: 1.0s)
📊 KPI - 总完工时间: 0.0min  | 设备利用率: 0.0% | 延期时间: 0.0min |  完成零件数: 0/33
🚥 回合评分: 0.000 (最佳: 0.553)
🔮 当前训练进度: 19.3% | 预计剩余时间: 52.1min | 完成时间: 01:03:15

🔂 回合  59/300 | 奖励: 299.7 | Actor损失: -0.4140| ⏱️  本轮用时: 12.6s (CPU采集: 11.7s, GPU更新: 0.9s)
📊 KPI - 总完工时间: 0.0min  | 设备利用率: 0.0% | 延期时间: 0.0min |  完成零件数: 0/33
🚥 回合评分: 0.000 (最佳: 0.553)
🔮 当前训练进度: 19.7% | 预计剩余时间: 51.9min | 完成时间: 01:03:39

🔂 回合  60/300 | 奖励: 304.2 | Actor损失: -0.4147| ⏱️  本轮用时: 12.4s (CPU采集: 11.5s, GPU更新: 0.9s)
📊 KPI - 总完工时间: 0.0min  | 设备利用率: 3.8% | 延期时间: 0.0min |  完成零件数: 0/33
🚥 回合评分: 0.000 (最佳: 0.553)
🔮 当前训练进度: 20.0% | 预计剩余时间: 51.6min | 完成时间: 01:04:03

📚 课程状态: 效率基础 (10/40, 25.0%)
   当前难度: 9零件, 1.6x时间
📊 课程目标验证: 0.0/9 零件 (0.0%)
⚠️ 当前阶段表现不佳，可能需要调整参数!

============================================================
🎓 进行完整难度评估（100%订单，标准时间）...
🎯 完整难度评估结果:
   完成零件: 0.0/33 (0.0%)
   总完工时间: 0.0分钟
   设备利用率: 0.1%
📚 仍需更多训练!
============================================================

🔂 回合  61/300 | 奖励: 302.4 | Actor损失: -0.4133| ⏱️  本轮用时: 12.4s (CPU采集: 11.4s, GPU更新: 0.9s)
📊 KPI - 总完工时间: 0.0min  | 设备利用率: 2.3% | 延期时间: 0.0min |  完成零件数: 0/33
🚥 回合评分: 0.000 (最佳: 0.553)
🔮 当前训练进度: 20.3% | 预计剩余时间: 51.4min | 完成时间: 01:05:07

🔂 回合  62/300 | 奖励: 309.5 | Actor损失: -0.4144| ⏱️  本轮用时: 12.7s (CPU采集: 11.7s, GPU更新: 1.1s)
📊 KPI - 总完工时间: 0.0min  | 设备利用率: 0.0% | 延期时间: 0.0min |  完成零件数: 0/33
🚥 回合评分: 0.000 (最佳: 0.553)
🔮 当前训练进度: 20.7% | 预计剩余时间: 51.2min | 完成时间: 01:05:34

🔂 回合  63/300 | 奖励: 306.6 | Actor损失: -0.4137| ⏱️  本轮用时: 12.9s (CPU采集: 11.9s, GPU更新: 1.0s)
📊 KPI - 总完工时间: 0.0min  | 设备利用率: 0.0% | 延期时间: 0.0min |  完成零件数: 0/33
🚥 回合评分: 0.000 (最佳: 0.553)
🔮 当前训练进度: 21.0% | 预计剩余时间: 50.9min | 完成时间: 01:05:58

🔂 回合  64/300 | 奖励: 308.8 | Actor损失: -0.4142| ⏱️  本轮用时: 12.4s (CPU采集: 11.4s, GPU更新: 1.0s)
📊 KPI - 总完工时间: 0.0min  | 设备利用率: 0.0% | 延期时间: 0.0min |  完成零件数: 0/33
🚥 回合评分: 0.000 (最佳: 0.553)
🔮 当前训练进度: 21.3% | 预计剩余时间: 50.7min | 完成时间: 01:06:21

🔂 回合  65/300 | 奖励: 304.4 | Actor损失: -0.4144| ⏱️  本轮用时: 12.6s (CPU采集: 11.6s, GPU更新: 1.0s)
📊 KPI - 总完工时间: 0.0min  | 设备利用率: 2.6% | 延期时间: 0.0min |  完成零件数: 0/33
🚥 回合评分: 0.000 (最佳: 0.553)
🔮 当前训练进度: 21.7% | 预计剩余时间: 50.5min | 完成时间: 01:06:45

🔂 回合  66/300 | 奖励: 304.4 | Actor损失: -0.4147| ⏱️  本轮用时: 12.2s (CPU采集: 11.3s, GPU更新: 0.9s)
📊 KPI - 总完工时间: 0.0min  | 设备利用率: 4.0% | 延期时间: 0.0min |  完成零件数: 0/33
🚥 回合评分: 0.000 (最佳: 0.553)
🔮 当前训练进度: 22.0% | 预计剩余时间: 50.2min | 完成时间: 01:07:06

🔂 回合  67/300 | 奖励: 295.3 | Actor损失: -0.4148| ⏱️  本轮用时: 12.3s (CPU采集: 11.4s, GPU更新: 0.9s)
📊 KPI - 总完工时间: 0.0min  | 设备利用率: 3.5% | 延期时间: 0.0min |  完成零件数: 0/33
🚥 回合评分: 0.000 (最佳: 0.553)
🔮 当前训练进度: 22.3% | 预计剩余时间: 50.0min | 完成时间: 01:07:28

🔂 回合  68/300 | 奖励: 300.6 | Actor损失: -0.4146| ⏱️  本轮用时: 12.2s (CPU采集: 11.3s, GPU更新: 0.9s)
📊 KPI - 总完工时间: 0.0min  | 设备利用率: 1.3% | 延期时间: 0.0min |  完成零件数: 0/33
🚥 回合评分: 0.000 (最佳: 0.553)
🔮 当前训练进度: 22.7% | 预计剩余时间: 49.7min | 完成时间: 01:07:49

🔂 回合  69/300 | 奖励: 307.3 | Actor损失: -0.4145| ⏱️  本轮用时: 12.2s (CPU采集: 11.2s, GPU更新: 1.0s)
📊 KPI - 总完工时间: 0.0min  | 设备利用率: 0.0% | 延期时间: 0.0min |  完成零件数: 0/33
🚥 回合评分: 0.000 (最佳: 0.553)
🔮 当前训练进度: 23.0% | 预计剩余时间: 49.5min | 完成时间: 01:08:09

🔂 回合  70/300 | 奖励: 297.5 | Actor损失: -0.4146| ⏱️  本轮用时: 12.5s (CPU采集: 11.6s, GPU更新: 0.9s)
📊 KPI - 总完工时间: 0.0min  | 设备利用率: 0.0% | 延期时间: 0.0min |  完成零件数: 0/33
🚥 回合评分: 0.000 (最佳: 0.553)
🔮 当前训练进度: 23.3% | 预计剩余时间: 49.2min | 完成时间: 01:08:31

📚 课程状态: 效率基础 (20/40, 50.0%)
   当前难度: 9零件, 1.6x时间
📊 课程目标验证: 0.0/9 零件 (0.0%)
⚠️ 当前阶段表现不佳，可能需要调整参数!
🔂 回合  71/300 | 奖励: 299.7 | Actor损失: -0.4142| ⏱️  本轮用时: 12.5s (CPU采集: 11.6s, GPU更新: 0.9s)
📊 KPI - 总完工时间: 0.0min  | 设备利用率: 0.0% | 延期时间: 0.0min |  完成零件数: 0/33
🚥 回合评分: 0.000 (最佳: 0.553)
🔮 当前训练进度: 23.7% | 预计剩余时间: 49.0min | 完成时间: 01:08:53

🔂 回合  72/300 | 奖励: 300.9 | Actor损失: -0.4134| ⏱️  本轮用时: 12.2s (CPU采集: 11.2s, GPU更新: 1.0s)
📊 KPI - 总完工时间: 0.0min  | 设备利用率: 0.0% | 延期时间: 0.0min |  完成零件数: 0/33
🚥 回合评分: 0.000 (最佳: 0.553)
🔮 当前训练进度: 24.0% | 预计剩余时间: 48.7min | 完成时间: 01:09:16

🔂 回合  73/300 | 奖励: 301.6 | Actor损失: -0.4132| ⏱️  本轮用时: 12.3s (CPU采集: 11.3s, GPU更新: 1.0s)
📊 KPI - 总完工时间: 0.0min  | 设备利用率: 0.0% | 延期时间: 0.0min |  完成零件数: 0/33
🚥 回合评分: 0.000 (最佳: 0.553)
🔮 当前训练进度: 24.3% | 预计剩余时间: 48.5min | 完成时间: 01:09:38

🔂 回合  74/300 | 奖励: 308.4 | Actor损失: -0.4127| ⏱️  本轮用时: 12.1s (CPU采集: 11.1s, GPU更新: 1.0s)
📊 KPI - 总完工时间: 0.0min  | 设备利用率: 0.0% | 延期时间: 0.0min |  完成零件数: 0/33
🚥 回合评分: 0.000 (最佳: 0.553)
🔮 当前训练进度: 24.7% | 预计剩余时间: 48.3min | 完成时间: 01:10:00

🔂 回合  75/300 | 奖励: 297.0 | Actor损失: -0.4136| ⏱️  本轮用时: 12.2s (CPU采集: 11.2s, GPU更新: 1.0s)
📊 KPI - 总完工时间: 0.0min  | 设备利用率: 0.0% | 延期时间: 0.0min |  完成零件数: 0/33
🚥 回合评分: 0.000 (最佳: 0.553)
🔮 当前训练进度: 25.0% | 预计剩余时间: 48.0min | 完成时间: 01:10:22

🔂 回合  76/300 | 奖励: 308.5 | Actor损失: -0.4140| ⏱️  本轮用时: 12.1s (CPU采集: 11.2s, GPU更新: 0.9s)
📊 KPI - 总完工时间: 0.0min  | 设备利用率: 0.0% | 延期时间: 0.0min |  完成零件数: 0/33
🚥 回合评分: 0.000 (最佳: 0.553)
🔮 当前训练进度: 25.3% | 预计剩余时间: 47.8min | 完成时间: 01:10:43

🔂 回合  77/300 | 奖励: 303.5 | Actor损失: -0.4150| ⏱️  本轮用时: 12.0s (CPU采集: 11.1s, GPU更新: 0.9s)
📊 KPI - 总完工时间: 0.0min  | 设备利用率: 0.0% | 延期时间: 0.0min |  完成零件数: 0/33
🚥 回合评分: 0.000 (最佳: 0.553)
🔮 当前训练进度: 25.7% | 预计剩余时间: 47.5min | 完成时间: 01:11:04

🔂 回合  78/300 | 奖励: 300.4 | Actor损失: -0.4151| ⏱️  本轮用时: 12.2s (CPU采集: 11.3s, GPU更新: 0.9s)
📊 KPI - 总完工时间: 0.0min  | 设备利用率: 0.0% | 延期时间: 0.0min |  完成零件数: 0/33
🚥 回合评分: 0.000 (最佳: 0.553)
🔮 当前训练进度: 26.0% | 预计剩余时间: 47.3min | 完成时间: 01:11:26

🔂 回合  79/300 | 奖励: 290.6 | Actor损失: -0.4138| ⏱️  本轮用时: 11.4s (CPU采集: 10.6s, GPU更新: 0.8s)
📊 KPI - 总完工时间: 0.0min  | 设备利用率: 0.0% | 延期时间: 0.0min |  完成零件数: 0/33
🚥 回合评分: 0.000 (最佳: 0.553)
🔮 当前训练进度: 26.3% | 预计剩余时间: 47.0min | 完成时间: 01:11:44

🔂 回合  80/300 | 奖励: 292.4 | Actor损失: -0.4144| ⏱️  本轮用时: 12.0s (CPU采集: 11.2s, GPU更新: 0.9s)
📊 KPI - 总完工时间: 0.0min  | 设备利用率: 0.0% | 延期时间: 0.0min |  完成零件数: 0/33
🚥 回合评分: 0.000 (最佳: 0.553)
🔮 当前训练进度: 26.7% | 预计剩余时间: 46.8min | 完成时间: 01:12:06

📚 课程状态: 效率基础 (30/40, 75.0%)
   当前难度: 9零件, 1.6x时间
📊 课程目标验证: 0.0/9 零件 (0.0%)
⚠️ 当前阶段表现不佳，可能需要调整参数!
🔂 回合  81/300 | 奖励: 293.7 | Actor损失: -0.4153| ⏱️  本轮用时: 12.3s (CPU采集: 11.4s, GPU更新: 1.0s)
📊 KPI - 总完工时间: 0.0min  | 设备利用率: 0.0% | 延期时间: 0.0min |  完成零件数: 0/33
🚥 回合评分: 0.000 (最佳: 0.553)
🔮 当前训练进度: 27.0% | 预计剩余时间: 46.5min | 完成时间: 01:12:28

🔂 回合  82/300 | 奖励: 304.8 | Actor损失: -0.4148| ⏱️  本轮用时: 12.3s (CPU采集: 11.4s, GPU更新: 0.9s)
📊 KPI - 总完工时间: 0.0min  | 设备利用率: 0.0% | 延期时间: 0.0min |  完成零件数: 0/33
🚥 回合评分: 0.000 (最佳: 0.553)
🔮 当前训练进度: 27.3% | 预计剩余时间: 46.3min | 完成时间: 01:12:51

🔂 回合  83/300 | 奖励: 293.0 | Actor损失: -0.4155| ⏱️  本轮用时: 12.4s (CPU采集: 11.5s, GPU更新: 0.9s)
📊 KPI - 总完工时间: 0.0min  | 设备利用率: 2.4% | 延期时间: 0.0min |  完成零件数: 0/33
🚥 回合评分: 0.000 (最佳: 0.553)
🔮 当前训练进度: 27.7% | 预计剩余时间: 46.1min | 完成时间: 01:13:13

🔂 回合  84/300 | 奖励: 298.4 | Actor损失: -0.4158| ⏱️  本轮用时: 12.4s (CPU采集: 11.4s, GPU更新: 0.9s)
📊 KPI - 总完工时间: 0.0min  | 设备利用率: 2.8% | 延期时间: 0.0min |  完成零件数: 0/33
🚥 回合评分: 0.000 (最佳: 0.553)
🔮 当前训练进度: 28.0% | 预计剩余时间: 45.8min | 完成时间: 01:13:34

🔂 回合  85/300 | 奖励: 298.4 | Actor损失: -0.4157| ⏱️  本轮用时: 12.3s (CPU采集: 11.4s, GPU更新: 1.0s)
📊 KPI - 总完工时间: 0.0min  | 设备利用率: 2.9% | 延期时间: 0.0min |  完成零件数: 0/33
🚥 回合评分: 0.000 (最佳: 0.553)
🔮 当前训练进度: 28.3% | 预计剩余时间: 45.6min | 完成时间: 01:13:57

🔂 回合  86/300 | 奖励: 300.3 | Actor损失: -0.4154| ⏱️  本轮用时: 12.2s (CPU采集: 11.2s, GPU更新: 1.0s)
📊 KPI - 总完工时间: 0.0min  | 设备利用率: 2.9% | 延期时间: 0.0min |  完成零件数: 0/33
🚥 回合评分: 0.000 (最佳: 0.553)
🔮 当前训练进度: 28.7% | 预计剩余时间: 45.4min | 完成时间: 01:14:20

🔂 回合  87/300 | 奖励: 304.8 | Actor损失: -0.4154| ⏱️  本轮用时: 12.4s (CPU采集: 11.5s, GPU更新: 1.0s)
📊 KPI - 总完工时间: 162.0min  | 设备利用率: 3.6% | 延期时间: 0.0min |  完成零件数: 1/33
🚥 回合评分: 0.459 (最佳: 0.553)
🔮 当前训练进度: 29.0% | 预计剩余时间: 45.1min | 完成时间: 01:14:44

🔂 回合  88/300 | 奖励: 303.5 | Actor损失: -0.4154| ⏱️  本轮用时: 12.4s (CPU采集: 11.4s, GPU更新: 1.0s)
📊 KPI - 总完工时间: 0.0min  | 设备利用率: 3.4% | 延期时间: 0.0min |  完成零件数: 0/33
🚥 回合评分: 0.000 (最佳: 0.553)
🔮 当前训练进度: 29.3% | 预计剩余时间: 44.9min | 完成时间: 01:15:12

🔂 回合  89/300 | 奖励: 304.6 | Actor损失: -0.4155| ⏱️  本轮用时: 12.8s (CPU采集: 11.8s, GPU更新: 1.0s)
📊 KPI - 总完工时间: 0.0min  | 设备利用率: 0.7% | 延期时间: 0.0min |  完成零件数: 0/33
🚥 回合评分: 0.000 (最佳: 0.553)
🔮 当前训练进度: 29.7% | 预计剩余时间: 44.7min | 完成时间: 01:15:38

🔂 回合  90/300 | 奖励: 305.9 | Actor损失: -0.4149| ⏱️  本轮用时: 12.8s (CPU采集: 11.9s, GPU更新: 1.0s)
📊 KPI - 总完工时间: 0.0min  | 设备利用率: 0.0% | 延期时间: 0.0min |  完成零件数: 0/33
🚥 回合评分: 0.000 (最佳: 0.553)
🔮 当前训练进度: 30.0% | 预计剩余时间: 44.5min | 完成时间: 01:16:03


============================================================
🎓 阶段 '效率基础' 训练完成，开始毕业考试...
   考试目标: 16 零件 | 实际完成: 0.0 零件 (0.0%) | 通过门槛: 20.0%
   ❌ 考试未通过。当前阶段延长10轮训练。
============================================================

📚 课程状态: 效率基础 (40/50, 80.0%)
   当前难度: 9零件, 1.6x时间
📊 课程目标验证: 0.0/9 零件 (0.0%)
⚠️ 当前阶段表现不佳，可能需要调整参数!

============================================================
🎓 进行完整难度评估（100%订单，标准时间）...
🎯 完整难度评估结果:
   完成零件: 0.0/33 (0.0%)
   总完工时间: 0.0分钟
   设备利用率: 0.0%
📚 仍需更多训练!
============================================================

🔂 回合  91/300 | 奖励: 300.8 | Actor损失: -0.4145| ⏱️  本轮用时: 52.4s (CPU采集: 11.7s, GPU更新: 1.0s)
📊 KPI - 总完工时间: 0.0min  | 设备利用率: 0.1% | 延期时间: 0.0min |  完成零件数: 0/33
🚥 回合评分: 0.000 (最佳: 0.553)
🔮 当前训练进度: 30.3% | 预计剩余时间: 45.8min | 完成时间: 01:19:22

🔂 回合  92/300 | 奖励: 306.4 | Actor损失: -0.4142| ⏱️  本轮用时: 12.8s (CPU采集: 11.8s, GPU更新: 1.0s)
📊 KPI - 总完工时间: 0.0min  | 设备利用率: 2.2% | 延期时间: 0.0min |  完成零件数: 0/33
🚥 回合评分: 0.000 (最佳: 0.553)
🔮 当前训练进度: 30.7% | 预计剩余时间: 45.6min | 完成时间: 01:19:49

🔂 回合  93/300 | 奖励: 307.3 | Actor损失: -0.4143| ⏱️  本轮用时: 12.8s (CPU采集: 11.8s, GPU更新: 1.0s)
📊 KPI - 总完工时间: 139.0min  | 设备利用率: 4.1% | 延期时间: 0.0min |  完成零件数: 2/33
🚥 回合评分: 0.505 (最佳: 0.553)
🔮 当前训练进度: 31.0% | 预计剩余时间: 45.4min | 完成时间: 01:20:13

🔂 回合  94/300 | 奖励: 305.8 | Actor损失: -0.4148| ⏱️  本轮用时: 12.6s (CPU采集: 11.7s, GPU更新: 0.9s)
📊 KPI - 总完工时间: 773.0min  | 设备利用率: 5.6% | 延期时间: 499.0min |  完成零件数: 5/33
🚥 回合评分: 0.278 (最佳: 0.553)
🔮 当前训练进度: 31.3% | 预计剩余时间: 45.1min | 完成时间: 01:20:33

🔂 回合  95/300 | 奖励: 302.6 | Actor损失: -0.4148| ⏱️  本轮用时: 12.6s (CPU采集: 11.7s, GPU更新: 1.0s)
📊 KPI - 总完工时间: 156.0min  | 设备利用率: 5.3% | 延期时间: 0.0min |  完成零件数: 4/33
🚥 回合评分: 0.566 (最佳: 0.566)✅ 模型已更新: 自定义ppo/ppo_models/best_ppo_model_20250823_233431_actor.keras
🔮 当前训练进度: 31.7% | 预计剩余时间: 44.9min | 完成时间: 01:20:52

🔂 回合  96/300 | 奖励: 306.4 | Actor损失: -0.4146| ⏱️  本轮用时: 12.6s (CPU采集: 11.6s, GPU更新: 1.0s)
📊 KPI - 总完工时间: 161.0min  | 设备利用率: 5.1% | 延期时间: 0.0min |  完成零件数: 4/33
🚥 回合评分: 0.563 (最佳: 0.566)
🔮 当前训练进度: 32.0% | 预计剩余时间: 44.6min | 完成时间: 01:21:13

🔂 回合  97/300 | 奖励: 305.6 | Actor损失: -0.4146| ⏱️  本轮用时: 12.7s (CPU采集: 11.8s, GPU更新: 1.0s)
📊 KPI - 总完工时间: 169.0min  | 设备利用率: 5.1% | 延期时间: 0.0min |  完成零件数: 4/33
🚥 回合评分: 0.559 (最佳: 0.566)
🔮 当前训练进度: 32.3% | 预计剩余时间: 44.4min | 完成时间: 01:21:39

🔂 回合  98/300 | 奖励: 307.0 | Actor损失: -0.4145| ⏱️  本轮用时: 12.6s (CPU采集: 11.7s, GPU更新: 1.0s)
📊 KPI - 总完工时间: 136.0min  | 设备利用率: 4.1% | 延期时间: 0.0min |  完成零件数: 2/33
🚥 回合评分: 0.507 (最佳: 0.566)
🔮 当前训练进度: 32.7% | 预计剩余时间: 44.2min | 完成时间: 01:22:05

🔂 回合  99/300 | 奖励: 300.5 | Actor损失: -0.4149| ⏱️  本轮用时: 12.6s (CPU采集: 11.6s, GPU更新: 1.0s)
📊 KPI - 总完工时间: 169.0min  | 设备利用率: 4.0% | 延期时间: 0.0min |  完成零件数: 2/33
🚥 回合评分: 0.490 (最佳: 0.566)
🔮 当前训练进度: 33.0% | 预计剩余时间: 43.9min | 完成时间: 01:22:31

🔂 回合 100/300 | 奖励: 304.5 | Actor损失: -0.4148| ⏱️  本轮用时: 12.6s (CPU采集: 11.6s, GPU更新: 1.0s)
📊 KPI - 总完工时间: 130.0min  | 设备利用率: 3.9% | 延期时间: 0.0min |  完成零件数: 1/33
🚥 回合评分: 0.476 (最佳: 0.566)
🔮 当前训练进度: 33.3% | 预计剩余时间: 43.7min | 完成时间: 01:22:55


============================================================
🎓 阶段 '效率基础' 训练完成，开始毕业考试...
   考试目标: 16 零件 | 实际完成: 10.0 零件 (62.5%) | 通过门槛: 20.0%
   ✅ 考试通过！进入下一阶段: '效率强化'
============================================================

📚 [回合 101] 🔄 课程学习阶段切换!
   新阶段: 效率强化
   订单比例: 0.5 (目标零件数: 16)
   时间比例: 1.4 (时间限制: 1680分钟)
   计划训练轮数: 30
   学习率调整: 2.40e-04 (适应新难度)
------------------------------------------------------------
📚 课程状态: 效率强化 (0/30, 0.0%)
   当前难度: 16零件, 1.4x时间
📊 课程目标验证: 4.0/16 零件 (25.0%)
⚠️ 当前阶段表现不佳，可能需要调整参数!
🔂 回合 101/300 | 奖励: 198.2 | Actor损失: -0.4137| ⏱️  本轮用时: 52.2s (CPU采集: 11.6s, GPU更新: 0.9s)
📊 KPI - 总完工时间: 160.0min  | 设备利用率: 6.8% | 延期时间: 0.0min |  完成零件数: 4/33
🚥 回合评分: 0.509 (最佳: 0.566)
🔮 当前训练进度: 33.7% | 预计剩余时间: 44.8min | 完成时间: 01:25:13

🔂 回合 102/300 | 奖励: 200.9 | Actor损失: -0.4138| ⏱️  本轮用时: 13.3s (CPU采集: 12.4s, GPU更新: 0.9s)
📊 KPI - 总完工时间: 0.0min  | 设备利用率: 0.0% | 延期时间: 0.0min |  完成零件数: 0/33
🚥 回合评分: 0.000 (最佳: 0.566)
🔮 当前训练进度: 34.0% | 预计剩余时间: 44.5min | 完成时间: 01:25:38

🔂 回合 103/300 | 奖励: 199.8 | Actor损失: -0.4135| ⏱️  本轮用时: 12.6s (CPU采集: 11.6s, GPU更新: 1.0s)
📊 KPI - 总完工时间: 0.0min  | 设备利用率: 0.0% | 延期时间: 0.0min |  完成零件数: 0/33
🚥 回合评分: 0.000 (最佳: 0.566)
🔮 当前训练进度: 34.3% | 预计剩余时间: 44.3min | 完成时间: 01:26:00

🔂 回合 104/300 | 奖励: 196.8 | Actor损失: -0.4138| ⏱️  本轮用时: 12.8s (CPU采集: 11.8s, GPU更新: 0.9s)
📊 KPI - 总完工时间: 0.0min  | 设备利用率: 0.0% | 延期时间: 0.0min |  完成零件数: 0/33
🚥 回合评分: 0.000 (最佳: 0.566)
🔮 当前训练进度: 34.7% | 预计剩余时间: 44.0min | 完成时间: 01:26:22

🔂 回合 105/300 | 奖励: 193.7 | Actor损失: -0.4138| ⏱️  本轮用时: 12.5s (CPU采集: 11.5s, GPU更新: 1.0s)
📊 KPI - 总完工时间: 0.0min  | 设备利用率: 0.0% | 延期时间: 0.0min |  完成零件数: 0/33
🚥 回合评分: 0.000 (最佳: 0.566)
🔮 当前训练进度: 35.0% | 预计剩余时间: 43.8min | 完成时间: 01:26:47

🔂 回合 106/300 | 奖励: 198.9 | Actor损失: -0.4138| ⏱️  本轮用时: 12.8s (CPU采集: 11.9s, GPU更新: 0.9s)
📊 KPI - 总完工时间: 0.0min  | 设备利用率: 0.0% | 延期时间: 0.0min |  完成零件数: 0/33
🚥 回合评分: 0.000 (最佳: 0.566)
🔮 当前训练进度: 35.3% | 预计剩余时间: 43.5min | 完成时间: 01:27:13

🔂 回合 107/300 | 奖励: 193.8 | Actor损失: -0.4131| ⏱️  本轮用时: 12.3s (CPU采集: 11.3s, GPU更新: 0.9s)
📊 KPI - 总完工时间: 0.0min  | 设备利用率: 0.0% | 延期时间: 0.0min |  完成零件数: 0/33
🚥 回合评分: 0.000 (最佳: 0.566)
🔮 当前训练进度: 35.7% | 预计剩余时间: 43.3min | 完成时间: 01:27:31

🔂 回合 108/300 | 奖励: 196.1 | Actor损失: -0.4139| ⏱️  本轮用时: 12.5s (CPU采集: 11.5s, GPU更新: 1.0s)
📊 KPI - 总完工时间: 0.0min  | 设备利用率: 0.0% | 延期时间: 0.0min |  完成零件数: 0/33
🚥 回合评分: 0.000 (最佳: 0.566)
🔮 当前训练进度: 36.0% | 预计剩余时间: 43.0min | 完成时间: 01:27:57

🔂 回合 109/300 | 奖励: 198.6 | Actor损失: -0.4135| ⏱️  本轮用时: 12.4s (CPU采集: 11.4s, GPU更新: 1.0s)
📊 KPI - 总完工时间: 0.0min  | 设备利用率: 0.0% | 延期时间: 0.0min |  完成零件数: 0/33
🚥 回合评分: 0.000 (最佳: 0.566)
🔮 当前训练进度: 36.3% | 预计剩余时间: 42.8min | 完成时间: 01:28:17

🔂 回合 110/300 | 奖励: 190.1 | Actor损失: -0.4144| ⏱️  本轮用时: 12.4s (CPU采集: 11.5s, GPU更新: 1.0s)
📊 KPI - 总完工时间: 0.0min  | 设备利用率: 0.0% | 延期时间: 0.0min |  完成零件数: 0/33
🚥 回合评分: 0.000 (最佳: 0.566)
🔮 当前训练进度: 36.7% | 预计剩余时间: 42.5min | 完成时间: 01:28:41

📚 课程状态: 效率强化 (10/30, 33.3%)
   当前难度: 16零件, 1.4x时间
📊 课程目标验证: 0.0/16 零件 (0.0%)
⚠️ 当前阶段表现不佳，可能需要调整参数!
🔂 回合 111/300 | 奖励: 201.8 | Actor损失: -0.4143| ⏱️  本轮用时: 12.6s (CPU采集: 11.6s, GPU更新: 1.0s)
📊 KPI - 总完工时间: 0.0min  | 设备利用率: 0.0% | 延期时间: 0.0min |  完成零件数: 0/33
🚥 回合评分: 0.000 (最佳: 0.566)
🔮 当前训练进度: 37.0% | 预计剩余时间: 42.3min | 完成时间: 01:29:03

🔂 回合 112/300 | 奖励: 199.7 | Actor损失: -0.4145| ⏱️  本轮用时: 12.4s (CPU采集: 11.5s, GPU更新: 1.0s)
📊 KPI - 总完工时间: 0.0min  | 设备利用率: 0.0% | 延期时间: 0.0min |  完成零件数: 0/33
🚥 回合评分: 0.000 (最佳: 0.566)
🔮 当前训练进度: 37.3% | 预计剩余时间: 42.0min | 完成时间: 01:29:22

🔂 回合 113/300 | 奖励: 199.6 | Actor损失: -0.4144| ⏱️  本轮用时: 12.4s (CPU采集: 11.4s, GPU更新: 1.0s)
📊 KPI - 总完工时间: 0.0min  | 设备利用率: 0.0% | 延期时间: 0.0min |  完成零件数: 0/33
🚥 回合评分: 0.000 (最佳: 0.566)
🔮 当前训练进度: 37.7% | 预计剩余时间: 41.8min | 完成时间: 01:29:41

🔂 回合 114/300 | 奖励: 203.4 | Actor损失: -0.4142| ⏱️  本轮用时: 12.6s (CPU采集: 11.7s, GPU更新: 0.9s)
📊 KPI - 总完工时间: 0.0min  | 设备利用率: 0.0% | 延期时间: 0.0min |  完成零件数: 0/33
🚥 回合评分: 0.000 (最佳: 0.566)
🔮 当前训练进度: 38.0% | 预计剩余时间: 41.5min | 完成时间: 01:30:00

🔂 回合 115/300 | 奖励: 199.9 | Actor损失: -0.4142| ⏱️  本轮用时: 12.4s (CPU采集: 11.5s, GPU更新: 1.0s)
📊 KPI - 总完工时间: 0.0min  | 设备利用率: 0.0% | 延期时间: 0.0min |  完成零件数: 0/33
🚥 回合评分: 0.000 (最佳: 0.566)
🔮 当前训练进度: 38.3% | 预计剩余时间: 41.3min | 完成时间: 01:30:24

🔂 回合 116/300 | 奖励: 197.7 | Actor损失: -0.4141| ⏱️  本轮用时: 12.8s (CPU采集: 11.9s, GPU更新: 1.0s)
📊 KPI - 总完工时间: 0.0min  | 设备利用率: 0.0% | 延期时间: 0.0min |  完成零件数: 0/33
🚥 回合评分: 0.000 (最佳: 0.566)
🔮 当前训练进度: 38.7% | 预计剩余时间: 41.0min | 完成时间: 01:30:48

🔂 回合 117/300 | 奖励: 203.2 | Actor损失: -0.4144| ⏱️  本轮用时: 12.4s (CPU采集: 11.4s, GPU更新: 1.0s)
📊 KPI - 总完工时间: 0.0min  | 设备利用率: 1.1% | 延期时间: 0.0min |  完成零件数: 0/33
🚥 回合评分: 0.000 (最佳: 0.566)
🔮 当前训练进度: 39.0% | 预计剩余时间: 40.8min | 完成时间: 01:31:16

🔂 回合 118/300 | 奖励: 203.1 | Actor损失: -0.4143| ⏱️  本轮用时: 12.8s (CPU采集: 11.9s, GPU更新: 1.0s)
📊 KPI - 总完工时间: 0.0min  | 设备利用率: 1.8% | 延期时间: 0.0min |  完成零件数: 0/33
🚥 回合评分: 0.000 (最佳: 0.566)
🔮 当前训练进度: 39.3% | 预计剩余时间: 40.5min | 完成时间: 01:31:35

🔂 回合 119/300 | 奖励: 193.9 | Actor损失: -0.4140| ⏱️  本轮用时: 12.5s (CPU采集: 11.5s, GPU更新: 1.0s)
📊 KPI - 总完工时间: 0.0min  | 设备利用率: 2.0% | 延期时间: 0.0min |  完成零件数: 0/33
🚥 回合评分: 0.000 (最佳: 0.566)
🔮 当前训练进度: 39.7% | 预计剩余时间: 40.3min | 完成时间: 01:31:59

🔂 回合 120/300 | 奖励: 200.9 | Actor损失: -0.4148| ⏱️  本轮用时: 12.5s (CPU采集: 11.6s, GPU更新: 0.9s)
📊 KPI - 总完工时间: 0.0min  | 设备利用率: 0.9% | 延期时间: 0.0min |  完成零件数: 0/33
🚥 回合评分: 0.000 (最佳: 0.566)
🔮 当前训练进度: 40.0% | 预计剩余时间: 40.1min | 完成时间: 01:32:21

📚 课程状态: 效率强化 (20/30, 66.7%)
   当前难度: 16零件, 1.4x时间
📊 课程目标验证: 0.0/16 零件 (0.0%)
⚠️ 当前阶段表现不佳，可能需要调整参数!

============================================================
🎓 进行完整难度评估（100%订单，标准时间）...
🎯 完整难度评估结果:
   完成零件: 0.0/33 (0.0%)
   总完工时间: 0.0分钟
   设备利用率: 0.0%
📚 仍需更多训练!
============================================================

🔂 回合 121/300 | 奖励: 197.2 | Actor损失: -0.4147| ⏱️  本轮用时: 12.6s (CPU采集: 11.7s, GPU更新: 0.9s)
📊 KPI - 总完工时间: 0.0min  | 设备利用率: 0.0% | 延期时间: 0.0min |  完成零件数: 0/33
🚥 回合评分: 0.000 (最佳: 0.566)
🔮 当前训练进度: 40.3% | 预计剩余时间: 39.8min | 完成时间: 01:33:24

🔂 回合 122/300 | 奖励: 198.5 | Actor损失: -0.4150| ⏱️  本轮用时: 12.6s (CPU采集: 11.7s, GPU更新: 0.9s)
📊 KPI - 总完工时间: 0.0min  | 设备利用率: 0.0% | 延期时间: 0.0min |  完成零件数: 0/33
🚥 回合评分: 0.000 (最佳: 0.566)
🔮 当前训练进度: 40.7% | 预计剩余时间: 39.6min | 完成时间: 01:33:48

🔂 回合 123/300 | 奖励: 198.8 | Actor损失: -0.4149| ⏱️  本轮用时: 12.4s (CPU采集: 11.4s, GPU更新: 0.9s)
📊 KPI - 总完工时间: 0.0min  | 设备利用率: 1.6% | 延期时间: 0.0min |  完成零件数: 0/33
🚥 回合评分: 0.000 (最佳: 0.566)
🔮 当前训练进度: 41.0% | 预计剩余时间: 39.3min | 完成时间: 01:34:10

🔂 回合 124/300 | 奖励: 201.5 | Actor损失: -0.4141| ⏱️  本轮用时: 12.6s (CPU采集: 11.7s, GPU更新: 1.0s)
📊 KPI - 总完工时间: 0.0min  | 设备利用率: 1.1% | 延期时间: 0.0min |  完成零件数: 0/33
🚥 回合评分: 0.000 (最佳: 0.566)
🔮 当前训练进度: 41.3% | 预计剩余时间: 39.1min | 完成时间: 01:34:37

🔂 回合 125/300 | 奖励: 198.8 | Actor损失: -0.4139| ⏱️  本轮用时: 12.4s (CPU采集: 11.4s, GPU更新: 1.0s)
📊 KPI - 总完工时间: 0.0min  | 设备利用率: 0.0% | 延期时间: 0.0min |  完成零件数: 0/33
🚥 回合评分: 0.000 (最佳: 0.566)
🔮 当前训练进度: 41.7% | 预计剩余时间: 38.8min | 完成时间: 01:35:02

🔂 回合 126/300 | 奖励: 202.4 | Actor损失: -0.4143| ⏱️  本轮用时: 12.5s (CPU采集: 11.6s, GPU更新: 0.9s)
📊 KPI - 总完工时间: 0.0min  | 设备利用率: 0.0% | 延期时间: 0.0min |  完成零件数: 0/33
🚥 回合评分: 0.000 (最佳: 0.566)
🔮 当前训练进度: 42.0% | 预计剩余时间: 38.6min | 完成时间: 01:35:24

🔂 回合 127/300 | 奖励: 193.5 | Actor损失: -0.4145| ⏱️  本轮用时: 12.5s (CPU采集: 11.6s, GPU更新: 0.9s)
📊 KPI - 总完工时间: 0.0min  | 设备利用率: 0.0% | 延期时间: 0.0min |  完成零件数: 0/33
🚥 回合评分: 0.000 (最佳: 0.566)
🔮 当前训练进度: 42.3% | 预计剩余时间: 38.4min | 完成时间: 01:35:43

🔂 回合 128/300 | 奖励: 196.5 | Actor损失: -0.4144| ⏱️  本轮用时: 12.6s (CPU采集: 11.6s, GPU更新: 1.0s)
📊 KPI - 总完工时间: 0.0min  | 设备利用率: 0.0% | 延期时间: 0.0min |  完成零件数: 0/33
🚥 回合评分: 0.000 (最佳: 0.566)
🔮 当前训练进度: 42.7% | 预计剩余时间: 38.1min | 完成时间: 01:36:08

🔂 回合 129/300 | 奖励: 201.1 | Actor损失: -0.4143| ⏱️  本轮用时: 12.6s (CPU采集: 11.7s, GPU更新: 0.9s)
📊 KPI - 总完工时间: 0.0min  | 设备利用率: 0.0% | 延期时间: 0.0min |  完成零件数: 0/33
🚥 回合评分: 0.000 (最佳: 0.566)
🔮 当前训练进度: 43.0% | 预计剩余时间: 37.9min | 完成时间: 01:36:33

🔂 回合 130/300 | 奖励: 195.0 | Actor损失: -0.4143| ⏱️  本轮用时: 12.7s (CPU采集: 11.8s, GPU更新: 0.9s)
📊 KPI - 总完工时间: 0.0min  | 设备利用率: 1.7% | 延期时间: 0.0min |  完成零件数: 0/33
🚥 回合评分: 0.000 (最佳: 0.566)
🔮 当前训练进度: 43.3% | 预计剩余时间: 37.7min | 完成时间: 01:36:57


============================================================
🎓 阶段 '效率强化' 训练完成，开始毕业考试...
   考试目标: 23 零件 | 实际完成: 0.0 零件 (0.0%) | 通过门槛: 30.0%
   ❌ 考试未通过。当前阶段延长10轮训练。
============================================================

📚 课程状态: 效率强化 (30/40, 75.0%)
   当前难度: 16零件, 1.4x时间
